{"numTotalTestSuites":2,"numPassedTestSuites":0,"numFailedTestSuites":2,"numPendingTestSuites":0,"numTotalTests":4,"numPassedTests":3,"numFailedTests":1,"numPendingTests":0,"numTodoTests":0,"snapshot":{"added":0,"failure":false,"filesAdded":0,"filesRemoved":0,"filesRemovedList":[],"filesUnmatched":0,"filesUpdated":0,"matched":0,"total":0,"unchecked":0,"uncheckedKeysByFile":[],"unmatched":0,"updated":0,"didUpdate":false},"startTime":1773375238943,"success":false,"testResults":[{"assertionResults":[{"ancestorTitles":["LearnSessionClient"],"fullName":"LearnSessionClient renders CodeEditor","status":"passed","title":"renders CodeEditor","duration":75.78420000000006,"failureMessages":[],"meta":{}},{"ancestorTitles":["LearnSessionClient"],"fullName":"LearnSessionClient renders TestCasePanel when problem has examples","status":"passed","title":"renders TestCasePanel when problem has examples","duration":14.421400000000176,"failureMessages":[],"meta":{}},{"ancestorTitles":["LearnSessionClient"],"fullName":"LearnSessionClient does NOT render TestCasePanel when problem has no examples","status":"failed","title":"does NOT render TestCasePanel when problem has no examples","duration":44.86709999999994,"failureMessages":["TestingLibraryElementError: Found multiple elements with the text: Test Cases\n\nHere are the matching elements:\n\nIgnored nodes: comments, script, style\n\u001b[36m<div\u001b[39m\n  \u001b[33mdata-testid\u001b[39m=\u001b[32m\"test-case-panel\"\u001b[39m\n\u001b[36m>\u001b[39m\n  \u001b[0mTest Cases\u001b[0m\n\u001b[36m</div>\u001b[39m\n\nIgnored nodes: comments, script, style\n\u001b[36m<div\u001b[39m\n  \u001b[33mdata-testid\u001b[39m=\u001b[32m\"test-case-panel\"\u001b[39m\n\u001b[36m>\u001b[39m\n  \u001b[0mTest Cases\u001b[0m\n\u001b[36m</div>\u001b[39m\n\n(If this is intentional, then use the `*AllBy*` variant of the query (like `queryAllByText`, `getAllByText`, or `findAllByText`)).\n\nIgnored nodes: comments, script, style\n\u001b[36m<body>\u001b[39m\n  \u001b[36m<div>\u001b[39m\n    \u001b[36m<div\u001b[39m\n      \u001b[33mclass\u001b[39m=\u001b[32m\"h-[100dvh] flex flex-col w-full bg-[#0a0a0a] overflow-hidden\"\u001b[39m\n    \u001b[36m>\u001b[39m\n      \u001b[36m<div\u001b[39m\n        \u001b[33mclass\u001b[39m=\u001b[32m\"h-16 shrink-0 border-b border-white/5 bg-black/40 flex items-center justify-between px-6\"\u001b[39m\n      \u001b[36m>\u001b[39m\n        \u001b[36m<div\u001b[39m\n          \u001b[33mclass\u001b[39m=\u001b[32m\"flex items-center gap-3\"\u001b[39m\n        \u001b[36m>\u001b[39m\n          \u001b[36m<span\u001b[39m\n            \u001b[33mclass\u001b[39m=\u001b[32m\"inline-flex items-center justify-center rounded-full border text-xs font-medium w-fit whitespace-nowrap shrink-0 [&>svg]:size-3 gap-1 [&>svg]:pointer-events-none focus-visible:border-ring focus-visible:ring-ring/50 focus-visible:ring-[3px] aria-invalid:ring-destructive/20 dark:aria-invalid:ring-destructive/40 aria-invalid:border-destructive transition-[color,box-shadow] overflow-hidden [a&]:hover:bg-accent [a&]:hover:text-accent-foreground border-indigo-500/30 bg-indigo-500/10 text-indigo-400 px-3 py-1\"\u001b[39m\n            \u001b[33mdata-slot\u001b[39m=\u001b[32m\"badge\"\u001b[39m\n            \u001b[33mdata-variant\u001b[39m=\u001b[32m\"outline\"\u001b[39m\n          \u001b[36m>\u001b[39m\n            \u001b[0m🌟 Learning Mode\u001b[0m\n          \u001b[36m</span>\u001b[39m\n          \u001b[36m<span\u001b[39m\n            \u001b[33mclass\u001b[39m=\u001b[32m\"text-zinc-500 text-xs font-medium\"\u001b[39m\n          \u001b[36m>\u001b[39m\n            \u001b[0mKai remembers \u001b[0m\n            \u001b[0m0\u001b[0m\n            \u001b[0m previous session\u001b[0m\n            \u001b[0ms\u001b[0m\n          \u001b[36m</span>\u001b[39m\n        \u001b[36m</div>\u001b[39m\n        \u001b[36m<button\u001b[39m\n          \u001b[33mclass\u001b[39m=\u001b[32m\"inline-flex items-center justify-center gap-2 whitespace-nowrap rounded-md transition-all disabled:pointer-events-none disabled:opacity-50 [&_svg]:pointer-events-none [&_svg:not([class*='size-'])]:size-4 shrink-0 [&_svg]:shrink-0 outline-none focus-visible:border-ring focus-visible:ring-ring/50 focus-visible:ring-[3px] aria-invalid:ring-destructive/20 dark:aria-invalid:ring-destructive/40 aria-invalid:border-destructive px-4 py-2 has-[>svg]:px-3 bg-indigo-600 hover:bg-indigo-500 text-white font-bold h-9 text-xs shadow-lg shadow-indigo-900/20\"\u001b[39m\n          \u001b[33mdata-size\u001b[39m=\u001b[32m\"default\"\u001b[39m\n          \u001b[33mdata-slot\u001b[39m=\u001b[32m\"button\"\u001b[39m\n          \u001b[33mdata-variant\u001b[39m=\u001b[32m\"default\"\u001b[39m\n        \u001b[36m>\u001b[39m\n          \u001b[0mPractice in English \u001b[0m\n          \u001b[36m<svg\u001b[39m\n            \u001b[33maria-hidden\u001b[39m=\u001b[32m\"true\"\u001b[39m\n            \u001b[33mclass\u001b[39m=\u001b[32m\"lucide lucide-arrow-right w-4 h-4 ml-2\"\u001b[39m\n            \u001b[33mfill\u001b[39m=\u001b[32m\"none\"\u001b[39m\n            \u001b[33mheight\u001b[39m=\u001b[32m\"24\"\u001b[39m\n            \u001b[33mstroke\u001b[39m=\u001b[32m\"currentColor\"\u001b[39m\n            \u001b[33mstroke-linecap\u001b[39m=\u001b[32m\"round\"\u001b[39m\n            \u001b[33mstroke-linejoin\u001b[39m=\u001b[32m\"round\"\u001b[39m\n            \u001b[33mstroke-width\u001b[39m=\u001b[32m\"2\"\u001b[39m\n            \u001b[33mviewBox\u001b[39m=\u001b[32m\"0 0 24 24\"\u001b[39m\n            \u001b[33mwidth\u001b[39m=\u001b[32m\"24\"\u001b[39m\n            \u001b[33mxmlns\u001b[39m=\u001b[32m\"http://www.w3.org/2000/svg\"\u001b[39m\n          \u001b[36m>\u001b[39m\n            \u001b[36m<path\u001b[39m\n              \u001b[33md\u001b[39m=\u001b[32m\"M5 12h14\"\u001b[39m\n            \u001b[36m/>\u001b[39m\n            \u001b[36m<path\u001b[39m\n              \u001b[33md\u001b[39m=\u001b[32m\"m12 5 7 7-7 7\"\u001b[39m\n            \u001b[36m/>\u001b[39m\n          \u001b[36m</svg>\u001b[39m\n        \u001b[36m</button>\u001b[39m\n      \u001b[36m</div>\u001b[39m\n      \u001b[36m<div\u001b[39m\n        \u001b[33mclass\u001b[39m=\u001b[32m\"flex-1 flex overflow-hidden\"\u001b[39m\n      \u001b[36m>\u001b[39m\n        \u001b[36m<div\u001b[39m\n          \u001b[33mclass\u001b[39m=\u001b[32m\"w-[55%] flex flex-col border-r border-white/5 bg-black/20 p-6 relative\"\u001b[39m\n        \u001b[36m>\u001b[39m\n          \u001b[36m<div\u001b[39m\n            \u001b[33mclass\u001b[39m=\u001b[32m\"flex-1 min-h-0 border rounded-2xl bg-zinc-900/40 border-white/5 overflow-hidden flex flex-col\"\u001b[39m\n          \u001b[36m>\u001b[39m\n            \u001b[36m<div\u001b[39m\n              \u001b[33mdata-testid\u001b[39m=\u001b[32m\"conversation-view\"\u001b[39m\n            \u001b[36m>\u001b[39m\n              \u001b[0mConversations\u001b[0m\n            \u001b[36m</div>\u001b[39m\n          \u001b[36m</div>\u001b[39m\n          \u001b[36m<div\u001b[39m\n            \u001b[33mclass\u001b[39m=\u001b[32m\"shrink-0 pt-6 flex flex-col items-center justify-center gap-4\"\u001b[39m\n          \u001b[36m>\u001b[39m\n            \u001b[36m<div\u001b[39m\n              \u001b[33mclass\u001b[39m=\u001b[32m\"flex items-center justify-center gap-4 relative\"\u001b[39m\n            \u001b[36m>\u001b[39m\n              \u001b[36m<button\u001b[39m\n                \u001b[33mdata-testid\u001b[39m=\u001b[32m\"mic-btn\"\u001b[39m\n              \u001b[36m>\u001b[39m\n                \u001b[0mMic\u001b[0m\n              \u001b[36m</button>\u001b[39m\n              \u001b[36m<div\u001b[39m\n                \u001b[33mclass\u001b[39m=\u001b[32m\"absolute top-1/2 -translate-y-1/2 -right-16\"\u001b[39m\n              \u001b[36m>\u001b[39m\n                \u001b[36m<div\u001b[39m\n                  \u001b[33mdata-testid\u001b[39m=\u001b[32m\"mic-pulse\"\u001b[39m\n                \u001b[36m/>\u001b[39m\n              \u001b[36m</div>\u001b[39m\n            \u001b[36m</div>\u001b[39m\n          \u001b[36m</div>\u001b[39m\n        \u001b[36m</div>\u001b[39m\n        \u001b[36m<div\u001b[39m\n          \u001b[33mclass\u001b[39m=\u001b[32m\"w-[45%] flex flex-col bg-[#0a0a0a]\"\u001b[39m\n        \u001b[36m>\u001b[39m\n          \u001b[36m<div\u001b[39m\n            \u001b[33mclass\u001b[39m=\u001b[32m\"h-1/2 p-6 border-b border-white/5\"\u001b[39m\n          \u001b[36m>\u001b[39m\n            \u001b[36m<div\u001b[39m\n              \u001b[33mclass\u001b[39m=\u001b[32m\"text-card-foreground gap-6 rounded-xl border py-6 h-full flex flex-col shadow-2xl border-none bg-transparent\"\u001b[39m\n              \u001b[33mdata-slot\u001b[39m=\u001b[32m\"card\"\u001b[39m\n            \u001b[36m>\u001b[39m\n              \u001b[36m<div\u001b[39m\n                \u001b[33mclass\u001b[39m=\u001b[32m\"@container/card-header grid auto-rows-min grid-rows-[auto_auto] items-start gap-2 px-6 has-data-[slot=card-action]:grid-cols-[1fr_auto] [.border-b]:pb-6 bg-black/20 rounded-2xl border border-white/5 py-3 shrink-0 mb-4\"\u001b[39m\n                \u001b[33mdata-slot\u001b[39m=\u001b[32m\"card-header\"\u001b[39m\n              \u001b[36m>\u001b[39m\n                \u001b[36m<div\u001b[39m\n                  \u001b[33mclass\u001b[39m=\u001b[32m\"flex flex-col gap-1\"\u001b[39m\n                \u001b[36m>\u001b[39m\n                  \u001b[36m<div\u001b[39m\n                    \u001b[33mclass\u001b[39m=\u001b[32m\"flex items-center gap-2\"\u001b[39m\n                  \u001b[36m>\u001b[39m\n                    \u001b[36m<div\u001b[39m\n                      \u001b[33mclass\u001b[39m=\u001b[32m\"text-sm font-bold text-white truncate\"\u001b[39m\n                      \u001b[33mdata-slot\u001b[39m=\u001b[32m\"card-title\"\u001b[39m\n                    \u001b[36m>\u001b[39m\n                      \u001b[0mTwo Sum\u001b[0m\n                    \u001b[36m</div>\u001b[39m\n                    \u001b[36m<span\u001b[39m\n                      \u001b[33mclass\u001b[39m=\u001b[32m\"inline-flex items-center justify-center rounded-full border font-medium w-fit whitespace-nowrap shrink-0 [&>svg]:size-3 gap-1 [&>svg]:pointer-events-none focus-visible:border-ring focus-visible:ring-ring/50 focus-visible:ring-[3px] aria-invalid:ring-destructive/20 dark:aria-invalid:ring-destructive/40 aria-invalid:border-destructive transition-[color,box-shadow] overflow-hidden [a&]:hover:bg-primary/90 bg-indigo-500/15 text-indigo-400 border-indigo-500/25 text-[10px] px-2 py-0 h-5\"\u001b[39m\n                      \u001b[33mdata-slot\u001b[39m=\u001b[32m\"badge\"\u001b[39m\n                      \u001b[33mdata-variant\u001b[39m=\u001b[32m\"default\"\u001b[39m\n                    \u001b[36m>\u001b[39m\n                      \u001b[0measy\u001b[0m\n                    \u001b[36m</span>\u001b[39m\n                  \u001b[36m</div>\u001b[39m\n            ...\n    at Object.getElementError (D:\\algomind\\node_modules\\@testing-library\\dom\\dist\\config.js:37:19)\n    at getElementError (D:\\algomind\\node_modules\\@testing-library\\dom\\dist\\query-helpers.js:20:35)\n    at getMultipleElementsFoundError (D:\\algomind\\node_modules\\@testing-library\\dom\\dist\\query-helpers.js:23:10)\n    at D:\\algomind\\node_modules\\@testing-library\\dom\\dist\\query-helpers.js:55:13\n    at D:\\algomind\\node_modules\\@testing-library\\dom\\dist\\query-helpers.js:95:19\n    at D:/algomind/src/app/learn/__tests__/LearnSessionClient.test.tsx:116:23\n    at file:///D:/algomind/node_modules/@vitest/runner/dist/index.js:145:11\n    at file:///D:/algomind/node_modules/@vitest/runner/dist/index.js:915:26\n    at file:///D:/algomind/node_modules/@vitest/runner/dist/index.js:1243:20\n    at new Promise (<anonymous>)"],"meta":{}},{"ancestorTitles":["LearnSessionClient"],"fullName":"LearnSessionClient renders \"Share Code with Kai\" button","status":"passed","title":"renders \"Share Code with Kai\" button","duration":534.9367000000002,"failureMessages":[],"meta":{}}],"startTime":1773375242206,"endTime":1773375242875.9368,"status":"failed","message":"","name":"D:/algomind/src/app/learn/__tests__/LearnSessionClient.test.tsx"}]}