{"numTotalTestSuites":64,"numPassedTestSuites":61,"numFailedTestSuites":3,"numPendingTestSuites":0,"numTotalTests":299,"numPassedTests":298,"numFailedTests":1,"numPendingTests":0,"numTodoTests":0,"snapshot":{"added":0,"failure":false,"filesAdded":0,"filesRemoved":0,"filesRemovedList":[],"filesUnmatched":0,"filesUpdated":0,"matched":0,"total":0,"unchecked":0,"uncheckedKeysByFile":[],"unmatched":0,"updated":0,"didUpdate":false},"startTime":1771604999652,"success":false,"testResults":[{"assertionResults":[{"ancestorTitles":["useVoiceActivityDetection"],"fullName":"useVoiceActivityDetection initializes state correctly on mount","status":"passed","title":"initializes state correctly on mount","duration":10.018599999999878,"failureMessages":[],"meta":{}},{"ancestorTitles":["useVoiceActivityDetection"],"fullName":"useVoiceActivityDetection startListening initializes manager and starts listening","status":"passed","title":"startListening initializes manager and starts listening","duration":47.40070000000014,"failureMessages":[],"meta":{}},{"ancestorTitles":["useVoiceActivityDetection"],"fullName":"useVoiceActivityDetection startListening does nothing if disabled","status":"passed","title":"startListening does nothing if disabled","duration":1.0051999999998316,"failureMessages":[],"meta":{}},{"ancestorTitles":["useVoiceActivityDetection"],"fullName":"useVoiceActivityDetection stopListening calls manager.stop","status":"passed","title":"stopListening calls manager.stop","duration":3.1701000000000477,"failureMessages":[],"meta":{}},{"ancestorTitles":["useVoiceActivityDetection"],"fullName":"useVoiceActivityDetection autoStart triggers startListening","status":"passed","title":"autoStart triggers startListening","duration":0.8062999999999647,"failureMessages":[],"meta":{}},{"ancestorTitles":["useVoiceActivityDetection"],"fullName":"useVoiceActivityDetection handles errors during start","status":"passed","title":"handles errors during start","duration":5.9155000000000655,"failureMessages":[],"meta":{}}],"startTime":1771605000939,"endTime":1771605001007.9155,"status":"passed","message":"","name":"D:/algomind/src/hooks/__tests__/useVoiceActivityDetection.test.ts"},{"assertionResults":[{"ancestorTitles":["/api/chat"],"fullName":"/api/chat should return 401 when unauthenticated and not guest mode","status":"passed","title":"should return 401 when unauthenticated and not guest mode","duration":16.860099999999875,"failureMessages":[],"meta":{}},{"ancestorTitles":["/api/chat"],"fullName":"/api/chat should return 200 when guest mode is true","status":"passed","title":"should return 200 when guest mode is true","duration":4.169200000000046,"failureMessages":[],"meta":{}},{"ancestorTitles":["/api/chat"],"fullName":"/api/chat should inject RAG context into system prompt","status":"passed","title":"should inject RAG context into system prompt","duration":9.031600000000026,"failureMessages":[],"meta":{}},{"ancestorTitles":["/api/chat"],"fullName":"/api/chat should return 400 on invalid messages format","status":"passed","title":"should return 400 on invalid messages format","duration":2.89670000000001,"failureMessages":[],"meta":{}},{"ancestorTitles":["/api/chat"],"fullName":"/api/chat should return 400 if messages is strictly not an array but valid json object","status":"passed","title":"should return 400 if messages is strictly not an array but valid json object","duration":3.024800000000141,"failureMessages":[],"meta":{}},{"ancestorTitles":["/api/chat"],"fullName":"/api/chat should return 500 when AI generation fails","status":"passed","title":"should return 500 when AI generation fails","duration":9.067900000000009,"failureMessages":[],"meta":{}}],"startTime":1771605001241,"endTime":1771605001286.0679,"status":"passed","message":"","name":"D:/algomind/src/app/api/__tests__/chat.test.ts"},{"assertionResults":[{"ancestorTitles":["levenshtein"],"fullName":"levenshtein identical strings ÔåÆ 0","status":"passed","title":"identical strings ÔåÆ 0","duration":3.613600000000133,"failureMessages":[],"meta":{}},{"ancestorTitles":["levenshtein"],"fullName":"levenshtein empty vs non-empty","status":"passed","title":"empty vs non-empty","duration":0.7439999999999145,"failureMessages":[],"meta":{}},{"ancestorTitles":["levenshtein"],"fullName":"levenshtein single substitution ÔåÆ 1","status":"passed","title":"single substitution ÔåÆ 1","duration":0.5277999999998428,"failureMessages":[],"meta":{}},{"ancestorTitles":["levenshtein"],"fullName":"levenshtein insertion ÔåÆ 1","status":"passed","title":"insertion ÔåÆ 1","duration":1.0849000000000615,"failureMessages":[],"meta":{}},{"ancestorTitles":["levenshtein"],"fullName":"levenshtein deletion ÔåÆ 1","status":"passed","title":"deletion ÔåÆ 1","duration":0.4795000000001437,"failureMessages":[],"meta":{}},{"ancestorTitles":["levenshtein"],"fullName":"levenshtein multiple edits","status":"passed","title":"multiple edits","duration":0.34209999999984575,"failureMessages":[],"meta":{}},{"ancestorTitles":["IntentClassifier","simple intents ÔåÆ groq"],"fullName":"IntentClassifier simple intents ÔåÆ groq \"hi\" ÔåÆ simple/groq","status":"passed","title":"\"hi\" ÔåÆ simple/groq","duration":10.504699999999957,"failureMessages":[],"meta":{}},{"ancestorTitles":["IntentClassifier","simple intents ÔåÆ groq"],"fullName":"IntentClassifier simple intents ÔåÆ groq \"hello\" ÔåÆ simple/groq","status":"passed","title":"\"hello\" ÔåÆ simple/groq","duration":5.838199999999915,"failureMessages":[],"meta":{}},{"ancestorTitles":["IntentClassifier","simple intents ÔåÆ groq"],"fullName":"IntentClassifier simple intents ÔåÆ groq \"Hey!\" ÔåÆ simple/groq","status":"passed","title":"\"Hey!\" ÔåÆ simple/groq","duration":1.1346000000000913,"failureMessages":[],"meta":{}},{"ancestorTitles":["IntentClassifier","simple intents ÔåÆ groq"],"fullName":"IntentClassifier simple intents ÔåÆ groq \"good morning\" ÔåÆ simple/groq","status":"passed","title":"\"good morning\" ÔåÆ simple/groq","duration":0.6068000000000211,"failureMessages":[],"meta":{}},{"ancestorTitles":["IntentClassifier","simple intents ÔåÆ groq"],"fullName":"IntentClassifier simple intents ÔåÆ groq \"thanks\" ÔåÆ simple/groq","status":"passed","title":"\"thanks\" ÔåÆ simple/groq","duration":0.41000000000008185,"failureMessages":[],"meta":{}},{"ancestorTitles":["IntentClassifier","simple intents ÔåÆ groq"],"fullName":"IntentClassifier simple intents ÔåÆ groq \"thank you\" ÔåÆ simple/groq","status":"passed","title":"\"thank you\" ÔåÆ simple/groq","duration":0.44519999999988613,"failureMessages":[],"meta":{}},{"ancestorTitles":["IntentClassifier","simple intents ÔåÆ groq"],"fullName":"IntentClassifier simple intents ÔåÆ groq \"yes\" ÔåÆ simple/groq","status":"passed","title":"\"yes\" ÔåÆ simple/groq","duration":0.598700000000008,"failureMessages":[],"meta":{}},{"ancestorTitles":["IntentClassifier","simple intents ÔåÆ groq"],"fullName":"IntentClassifier simple intents ÔåÆ groq \"no\" ÔåÆ simple/groq","status":"passed","title":"\"no\" ÔåÆ simple/groq","duration":0.4438999999999851,"failureMessages":[],"meta":{}},{"ancestorTitles":["IntentClassifier","simple intents ÔåÆ groq"],"fullName":"IntentClassifier simple intents ÔåÆ groq \"okay\" ÔåÆ simple/groq","status":"passed","title":"\"okay\" ÔåÆ simple/groq","duration":0.6270999999999276,"failureMessages":[],"meta":{}},{"ancestorTitles":["IntentClassifier","simple intents ÔåÆ groq"],"fullName":"IntentClassifier simple intents ÔåÆ groq \"sure\" ÔåÆ simple/groq","status":"passed","title":"\"sure\" ÔåÆ simple/groq","duration":0.5643000000000029,"failureMessages":[],"meta":{}},{"ancestorTitles":["IntentClassifier","simple intents ÔåÆ groq"],"fullName":"IntentClassifier simple intents ÔåÆ groq \"got it\" ÔåÆ simple/groq","status":"passed","title":"\"got it\" ÔåÆ simple/groq","duration":0.3947000000000571,"failureMessages":[],"meta":{}},{"ancestorTitles":["IntentClassifier","simple intents ÔåÆ groq"],"fullName":"IntentClassifier simple intents ÔåÆ groq \"I see\" ÔåÆ simple/groq","status":"passed","title":"\"I see\" ÔåÆ simple/groq","duration":0.37199999999984357,"failureMessages":[],"meta":{}},{"ancestorTitles":["IntentClassifier","simple intents ÔåÆ groq"],"fullName":"IntentClassifier simple intents ÔåÆ groq \"understood\" ÔåÆ simple/groq","status":"passed","title":"\"understood\" ÔåÆ simple/groq","duration":0.5906999999999698,"failureMessages":[],"meta":{}},{"ancestorTitles":["IntentClassifier","simple intents ÔåÆ groq"],"fullName":"IntentClassifier simple intents ÔåÆ groq \"makes sense\" ÔåÆ simple/groq","status":"passed","title":"\"makes sense\" ÔåÆ simple/groq","duration":0.3926000000001295,"failureMessages":[],"meta":{}},{"ancestorTitles":["IntentClassifier","simple intents ÔåÆ groq"],"fullName":"IntentClassifier simple intents ÔåÆ groq \"that's correct\" ÔåÆ simple/groq","status":"passed","title":"\"that's correct\" ÔåÆ simple/groq","duration":0.37200000000007094,"failureMessages":[],"meta":{}},{"ancestorTitles":["IntentClassifier","simple intents ÔåÆ groq"],"fullName":"IntentClassifier simple intents ÔåÆ groq \"yes, exactly\" ÔåÆ simple/groq","status":"passed","title":"\"yes, exactly\" ÔåÆ simple/groq","duration":0.37619999999992615,"failureMessages":[],"meta":{}},{"ancestorTitles":["IntentClassifier","simple intents ÔåÆ groq"],"fullName":"IntentClassifier simple intents ÔåÆ groq \"can you repeat\" ÔåÆ simple/groq","status":"passed","title":"\"can you repeat\" ÔåÆ simple/groq","duration":0.342200000000048,"failureMessages":[],"meta":{}},{"ancestorTitles":["IntentClassifier","simple intents ÔåÆ groq"],"fullName":"IntentClassifier simple intents ÔåÆ groq \"what do you mean\" ÔåÆ simple/groq","status":"passed","title":"\"what do you mean\" ÔåÆ simple/groq","duration":0.3042000000000371,"failureMessages":[],"meta":{}},{"ancestorTitles":["IntentClassifier","simple intents ÔåÆ groq"],"fullName":"IntentClassifier simple intents ÔåÆ groq \"I'm ready\" ÔåÆ simple/groq","status":"passed","title":"\"I'm ready\" ÔåÆ simple/groq","duration":0.2984000000001288,"failureMessages":[],"meta":{}},{"ancestorTitles":["IntentClassifier","simple intents ÔåÆ groq"],"fullName":"IntentClassifier simple intents ÔåÆ groq \"let's go\" ÔåÆ simple/groq","status":"passed","title":"\"let's go\" ÔåÆ simple/groq","duration":2.934500000000071,"failureMessages":[],"meta":{}},{"ancestorTitles":["IntentClassifier","medium intents ÔåÆ groq"],"fullName":"IntentClassifier medium intents ÔåÆ groq \"what is a hash table?\" ÔåÆ medium/groq","status":"passed","title":"\"what is a hash table?\" ÔåÆ medium/groq","duration":0.8511000000000877,"failureMessages":[],"meta":{}},{"ancestorTitles":["IntentClassifier","medium intents ÔåÆ groq"],"fullName":"IntentClassifier medium intents ÔåÆ groq \"what are linked lists?\" ÔåÆ medium/groq","status":"passed","title":"\"what are linked lists?\" ÔåÆ medium/groq","duration":0.5020999999999276,"failureMessages":[],"meta":{}},{"ancestorTitles":["IntentClassifier","medium intents ÔåÆ groq"],"fullName":"IntentClassifier medium intents ÔåÆ groq \"give me an example of recursion\" ÔåÆ medium/groq","status":"passed","title":"\"give me an example of recursion\" ÔåÆ medium/groq","duration":0.49520000000006803,"failureMessages":[],"meta":{}},{"ancestorTitles":["IntentClassifier","medium intents ÔåÆ groq"],"fullName":"IntentClassifier medium intents ÔåÆ groq \"show me an example\" ÔåÆ medium/groq","status":"passed","title":"\"show me an example\" ÔåÆ medium/groq","duration":0.4198999999998705,"failureMessages":[],"meta":{}},{"ancestorTitles":["IntentClassifier","medium intents ÔåÆ groq"],"fullName":"IntentClassifier medium intents ÔåÆ groq \"how does caching work?\" ÔåÆ medium/groq","status":"passed","title":"\"how does caching work?\" ÔåÆ medium/groq","duration":0.6658999999999651,"failureMessages":[],"meta":{}},{"ancestorTitles":["IntentClassifier","complex intents ÔåÆ gemini"],"fullName":"IntentClassifier complex intents ÔåÆ gemini \"explain merge sort algorithm step by step\" ÔåÆ complex/gemini","status":"passed","title":"\"explain merge sort algorithm step by step\" ÔåÆ complex/gemini","duration":0.5552000000000135,"failureMessages":[],"meta":{}},{"ancestorTitles":["IntentClassifier","complex intents ÔåÆ gemini"],"fullName":"IntentClassifier complex intents ÔåÆ gemini \"review my code for the binary search implementation\" ÔåÆ complex/gemini","status":"passed","title":"\"review my code for the binary search implementation\" ÔåÆ complex/gemini","duration":0.3550999999999931,"failureMessages":[],"meta":{}},{"ancestorTitles":["IntentClassifier","complex intents ÔåÆ gemini"],"fullName":"IntentClassifier complex intents ÔåÆ gemini \"how would you design a URL shortener?\" ÔåÆ complex/gemini","status":"passed","title":"\"how would you design a URL shortener?\" ÔåÆ complex/gemini","duration":0.30599999999981264,"failureMessages":[],"meta":{}},{"ancestorTitles":["IntentClassifier","complex intents ÔåÆ gemini"],"fullName":"IntentClassifier complex intents ÔåÆ gemini \"compare arrays vs linked lists pros and cons\" ÔåÆ complex/gemini","status":"passed","title":"\"compare arrays vs linked lists pros and cons\" ÔåÆ complex/gemini","duration":0.3272999999999229,"failureMessages":[],"meta":{}},{"ancestorTitles":["IntentClassifier","complex intents ÔåÆ gemini"],"fullName":"IntentClassifier complex intents ÔåÆ gemini \"tell me about a time when you had to debug a hard problem\" ÔåÆ complex/gemini","status":"passed","title":"\"tell me about a time when you had to debug a hard problem\" ÔåÆ complex/gemini","duration":0.3249000000000706,"failureMessages":[],"meta":{}},{"ancestorTitles":["IntentClassifier","complex intents ÔåÆ gemini"],"fullName":"IntentClassifier complex intents ÔåÆ gemini \"what is the time complexity of quicksort?\" ÔåÆ complex/gemini","status":"passed","title":"\"what is the time complexity of quicksort?\" ÔåÆ complex/gemini","duration":0.330600000000004,"failureMessages":[],"meta":{}},{"ancestorTitles":["IntentClassifier","complex intents ÔåÆ gemini"],"fullName":"IntentClassifier complex intents ÔåÆ gemini \"optimize my solution to make it faster\" ÔåÆ complex/gemini","status":"passed","title":"\"optimize my solution to make it faster\" ÔåÆ complex/gemini","duration":0.3484000000000833,"failureMessages":[],"meta":{}},{"ancestorTitles":["IntentClassifier"],"fullName":"IntentClassifier high confidence for exact greeting","status":"passed","title":"high confidence for exact greeting","duration":0.35979999999995016,"failureMessages":[],"meta":{}},{"ancestorTitles":["IntentClassifier"],"fullName":"IntentClassifier fallback when no pattern matches","status":"passed","title":"fallback when no pattern matches","duration":0.5867000000000644,"failureMessages":[],"meta":{}},{"ancestorTitles":["IntentClassifier","caching"],"fullName":"IntentClassifier caching second call returns cache_hit","status":"passed","title":"second call returns cache_hit","duration":0.34960000000000946,"failureMessages":[],"meta":{}},{"ancestorTitles":["IntentClassifier","caching"],"fullName":"IntentClassifier caching clearCache empties the cache","status":"passed","title":"clearCache empties the cache","duration":0.552199999999857,"failureMessages":[],"meta":{}},{"ancestorTitles":["IntentClassifier","caching"],"fullName":"IntentClassifier caching LRU eviction when cache is full","status":"passed","title":"LRU eviction when cache is full","duration":3.2311999999999443,"failureMessages":[],"meta":{}},{"ancestorTitles":["IntentClassifier","fuzzy matching"],"fullName":"IntentClassifier fuzzy matching typo within threshold returns fuzzy_cache_hit","status":"passed","title":"typo within threshold returns fuzzy_cache_hit","duration":0.6880000000001019,"failureMessages":[],"meta":{}},{"ancestorTitles":["IntentClassifier","fuzzy matching"],"fullName":"IntentClassifier fuzzy matching large edit distance does not fuzzy match","status":"passed","title":"large edit distance does not fuzzy match","duration":0.5725999999999658,"failureMessages":[],"meta":{}},{"ancestorTitles":["IntentClassifier","fuzzy matching"],"fullName":"IntentClassifier fuzzy matching fuzzy match reduces confidence slightly","status":"passed","title":"fuzzy match reduces confidence slightly","duration":0.42800000000011096,"failureMessages":[],"meta":{}},{"ancestorTitles":["IntentClassifier","model override"],"fullName":"IntentClassifier model override override forces model regardless of classification","status":"passed","title":"override forces model regardless of classification","duration":0.8693000000000666,"failureMessages":[],"meta":{}},{"ancestorTitles":["IntentClassifier","model override"],"fullName":"IntentClassifier model override clearing override restores normal behavior","status":"passed","title":"clearing override restores normal behavior","duration":0.5506000000000313,"failureMessages":[],"meta":{}},{"ancestorTitles":["IntentClassifier","model override"],"fullName":"IntentClassifier model override getModelOverride returns current override","status":"passed","title":"getModelOverride returns current override","duration":0.5493000000001302,"failureMessages":[],"meta":{}},{"ancestorTitles":["IntentClassifier","feedback"],"fullName":"IntentClassifier feedback updateFromFeedback overrides cached classification","status":"passed","title":"updateFromFeedback overrides cached classification","duration":0.7104000000001633,"failureMessages":[],"meta":{}},{"ancestorTitles":["IntentClassifier","classifySync"],"fullName":"IntentClassifier classifySync returns classification for regex-matched query","status":"passed","title":"returns classification for regex-matched query","duration":0.8282000000001517,"failureMessages":[],"meta":{}},{"ancestorTitles":["IntentClassifier","classifySync"],"fullName":"IntentClassifier classifySync returns null for unmatched query","status":"passed","title":"returns null for unmatched query","duration":0.3869999999999436,"failureMessages":[],"meta":{}},{"ancestorTitles":["IntentClassifier","classifySync"],"fullName":"IntentClassifier classifySync uses cache on second call","status":"passed","title":"uses cache on second call","duration":0.3610000000001037,"failureMessages":[],"meta":{}},{"ancestorTitles":["IntentClassifier","performance"],"fullName":"IntentClassifier performance regex classification completes in < 5ms","status":"passed","title":"regex classification completes in < 5ms","duration":1.0941000000000258,"failureMessages":[],"meta":{}},{"ancestorTitles":["IntentClassifier","performance"],"fullName":"IntentClassifier performance cached classification completes in < 1ms","status":"passed","title":"cached classification completes in < 1ms","duration":0.5898999999999432,"failureMessages":[],"meta":{}},{"ancestorTitles":["IntentClassifier","edge cases"],"fullName":"IntentClassifier edge cases empty string does not throw","status":"passed","title":"empty string does not throw","duration":2.1872000000000753,"failureMessages":[],"meta":{}},{"ancestorTitles":["IntentClassifier","edge cases"],"fullName":"IntentClassifier edge cases very long query defaults to gemini","status":"passed","title":"very long query defaults to gemini","duration":0.8091000000001713,"failureMessages":[],"meta":{}},{"ancestorTitles":["IntentClassifier","edge cases"],"fullName":"IntentClassifier edge cases case insensitive matching","status":"passed","title":"case insensitive matching","duration":0.4350000000001728,"failureMessages":[],"meta":{}},{"ancestorTitles":["IntentClassifier","edge cases"],"fullName":"IntentClassifier edge cases whitespace trimming","status":"passed","title":"whitespace trimming","duration":0.40300000000002,"failureMessages":[],"meta":{}},{"ancestorTitles":["IntentClassifier"],"fullName":"IntentClassifier getCacheStats returns correct info","status":"passed","title":"getCacheStats returns correct info","duration":3.4992999999999483,"failureMessages":[],"meta":{}},{"ancestorTitles":["IntentClassifier","LLM classification"],"fullName":"IntentClassifier LLM classification parses valid LLM response correctly","status":"passed","title":"parses valid LLM response correctly","duration":4.736499999999978,"failureMessages":[],"meta":{}},{"ancestorTitles":["IntentClassifier","LLM classification"],"fullName":"IntentClassifier LLM classification falls back to default on fetch error","status":"passed","title":"falls back to default on fetch error","duration":1.5725999999999658,"failureMessages":[],"meta":{}},{"ancestorTitles":["IntentClassifier","LLM classification"],"fullName":"IntentClassifier LLM classification corrects malformed JSON from LLM","status":"passed","title":"corrects malformed JSON from LLM","duration":1.491899999999987,"failureMessages":[],"meta":{}},{"ancestorTitles":["IntentClassifier","LLM classification"],"fullName":"IntentClassifier LLM classification validates schema of LLM response","status":"passed","title":"validates schema of LLM response","duration":1.0410999999999149,"failureMessages":[],"meta":{}},{"ancestorTitles":["IntentClassifier","LLM classification"],"fullName":"IntentClassifier LLM classification skips LLM if no API key","status":"passed","title":"skips LLM if no API key","duration":1.149599999999964,"failureMessages":[],"meta":{}}],"startTime":1771605000980,"endTime":1771605001055.1497,"status":"passed","message":"","name":"D:/algomind/src/lib/ai/__tests__/intent-classifier.test.ts"},{"assertionResults":[{"ancestorTitles":["normaliseCacheKey"],"fullName":"normaliseCacheKey lowercases and trims","status":"passed","title":"lowercases and trims","duration":4.714099999999917,"failureMessages":[],"meta":{}},{"ancestorTitles":["normaliseCacheKey"],"fullName":"normaliseCacheKey removes punctuation","status":"passed","title":"removes punctuation","duration":0.932700000000068,"failureMessages":[],"meta":{}},{"ancestorTitles":["normaliseCacheKey"],"fullName":"normaliseCacheKey collapses whitespace","status":"passed","title":"collapses whitespace","duration":0.5669000000000324,"failureMessages":[],"meta":{}},{"ancestorTitles":["normaliseCacheKey"],"fullName":"normaliseCacheKey empty string","status":"passed","title":"empty string","duration":1.0131000000001222,"failureMessages":[],"meta":{}},{"ancestorTitles":["ResponseCache"],"fullName":"ResponseCache set + get returns cached entry","status":"passed","title":"set + get returns cached entry","duration":2.771299999999883,"failureMessages":[],"meta":{}},{"ancestorTitles":["ResponseCache"],"fullName":"ResponseCache get increments hitCount","status":"passed","title":"get increments hitCount","duration":1.1705999999999221,"failureMessages":[],"meta":{}},{"ancestorTitles":["ResponseCache"],"fullName":"ResponseCache miss returns null","status":"passed","title":"miss returns null","duration":0.9183000000000447,"failureMessages":[],"meta":{}},{"ancestorTitles":["ResponseCache"],"fullName":"ResponseCache fuzzy matching finds similar queries","status":"passed","title":"fuzzy matching finds similar queries","duration":0.9936999999999898,"failureMessages":[],"meta":{}},{"ancestorTitles":["ResponseCache"],"fullName":"ResponseCache fuzzy matching rejects distant queries","status":"passed","title":"fuzzy matching rejects distant queries","duration":1.2144000000000688,"failureMessages":[],"meta":{}},{"ancestorTitles":["ResponseCache"],"fullName":"ResponseCache empty query returns null","status":"passed","title":"empty query returns null","duration":0.5370000000000346,"failureMessages":[],"meta":{}},{"ancestorTitles":["TTL expiry"],"fullName":"TTL expiry expired entries are evicted on get","status":"passed","title":"expired entries are evicted on get","duration":5.420399999999972,"failureMessages":[],"meta":{}},{"ancestorTitles":["LRU eviction"],"fullName":"LRU eviction evicts least-used entry when at capacity","status":"passed","title":"evicts least-used entry when at capacity","duration":3.080600000000004,"failureMessages":[],"meta":{}},{"ancestorTitles":["LRU eviction"],"fullName":"LRU eviction evicts oldest on tie","status":"passed","title":"evicts oldest on tie","duration":0.6839999999999691,"failureMessages":[],"meta":{}},{"ancestorTitles":["invalidation"],"fullName":"invalidation invalidate removes matching entries","status":"passed","title":"invalidate removes matching entries","duration":0.7649000000001251,"failureMessages":[],"meta":{}},{"ancestorTitles":["invalidation"],"fullName":"invalidation clear removes everything","status":"passed","title":"clear removes everything","duration":0.578899999999976,"failureMessages":[],"meta":{}},{"ancestorTitles":["getStats"],"fullName":"getStats reports accurate stats","status":"passed","title":"reports accurate stats","duration":1.4693999999999505,"failureMessages":[],"meta":{}},{"ancestorTitles":["memory limits"],"fullName":"memory limits does not cache entry larger than max memory","status":"passed","title":"does not cache entry larger than max memory","duration":0.3967000000000098,"failureMessages":[],"meta":{}},{"ancestorTitles":["memory limits"],"fullName":"memory limits evicts entries when memory limit is reached","status":"passed","title":"evicts entries when memory limit is reached","duration":0.44230000000015934,"failureMessages":[],"meta":{}},{"ancestorTitles":["preWarm"],"fullName":"preWarm caches responses from generator","status":"passed","title":"caches responses from generator","duration":1.6380999999998949,"failureMessages":[],"meta":{}},{"ancestorTitles":["preWarm"],"fullName":"preWarm skips already cached entries","status":"passed","title":"skips already cached entries","duration":0.5289000000000215,"failureMessages":[],"meta":{}},{"ancestorTitles":["preWarm"],"fullName":"preWarm handles generator failures gracefully","status":"passed","title":"handles generator failures gracefully","duration":15.363800000000083,"failureMessages":[],"meta":{}},{"ancestorTitles":["singleton"],"fullName":"singleton getResponseCache returns same instance","status":"passed","title":"getResponseCache returns same instance","duration":0.47199999999998,"failureMessages":[],"meta":{}},{"ancestorTitles":["singleton"],"fullName":"singleton resetResponseCache clears singleton","status":"passed","title":"resetResponseCache clears singleton","duration":2.7537999999999556,"failureMessages":[],"meta":{}}],"startTime":1771605000966,"endTime":1771605001018.754,"status":"passed","message":"","name":"D:/algomind/src/lib/ai/__tests__/response-cache.test.ts"},{"assertionResults":[{"ancestorTitles":["isSentenceBoundary"],"fullName":"isSentenceBoundary period at end of sentence ÔåÆ true","status":"passed","title":"period at end of sentence ÔåÆ true","duration":4.348400000000083,"failureMessages":[],"meta":{}},{"ancestorTitles":["isSentenceBoundary"],"fullName":"isSentenceBoundary exclamation mark ÔåÆ true","status":"passed","title":"exclamation mark ÔåÆ true","duration":0.6688999999998941,"failureMessages":[],"meta":{}},{"ancestorTitles":["isSentenceBoundary"],"fullName":"isSentenceBoundary question mark ÔåÆ true","status":"passed","title":"question mark ÔåÆ true","duration":0.46280000000001564,"failureMessages":[],"meta":{}},{"ancestorTitles":["isSentenceBoundary"],"fullName":"isSentenceBoundary no punctuation ÔåÆ false","status":"passed","title":"no punctuation ÔåÆ false","duration":0.8550999999999931,"failureMessages":[],"meta":{}},{"ancestorTitles":["isSentenceBoundary"],"fullName":"isSentenceBoundary abbreviation \"Dr.\" ÔåÆ false","status":"passed","title":"abbreviation \"Dr.\" ÔåÆ false","duration":0.6621999999999844,"failureMessages":[],"meta":{}},{"ancestorTitles":["isSentenceBoundary"],"fullName":"isSentenceBoundary abbreviation \"Mr.\" ÔåÆ false","status":"passed","title":"abbreviation \"Mr.\" ÔåÆ false","duration":0.3585000000000491,"failureMessages":[],"meta":{}},{"ancestorTitles":["isSentenceBoundary"],"fullName":"isSentenceBoundary abbreviation \"vs.\" ÔåÆ false","status":"passed","title":"abbreviation \"vs.\" ÔåÆ false","duration":0.5247999999999138,"failureMessages":[],"meta":{}},{"ancestorTitles":["isSentenceBoundary"],"fullName":"isSentenceBoundary abbreviation \"etc.\" ÔåÆ false","status":"passed","title":"abbreviation \"etc.\" ÔåÆ false","duration":0.40409999999997126,"failureMessages":[],"meta":{}},{"ancestorTitles":["isSentenceBoundary"],"fullName":"isSentenceBoundary abbreviation \"e.g.\" ÔåÆ false","status":"passed","title":"abbreviation \"e.g.\" ÔåÆ false","duration":1.0733999999999924,"failureMessages":[],"meta":{}},{"ancestorTitles":["isSentenceBoundary"],"fullName":"isSentenceBoundary single letter abbreviation \"U.\" ÔåÆ false","status":"passed","title":"single letter abbreviation \"U.\" ÔåÆ false","duration":0.49279999999998836,"failureMessages":[],"meta":{}},{"ancestorTitles":["isSentenceBoundary"],"fullName":"isSentenceBoundary acronym pattern \"U.S.A.\" ÔåÆ false","status":"passed","title":"acronym pattern \"U.S.A.\" ÔåÆ false","duration":0.5400999999999385,"failureMessages":[],"meta":{}},{"ancestorTitles":["isSentenceBoundary"],"fullName":"isSentenceBoundary decimal number \"3.14\" ÔåÆ false","status":"passed","title":"decimal number \"3.14\" ÔåÆ false","duration":0.34140000000002146,"failureMessages":[],"meta":{}},{"ancestorTitles":["isSentenceBoundary"],"fullName":"isSentenceBoundary empty string ÔåÆ false","status":"passed","title":"empty string ÔåÆ false","duration":0.30330000000003565,"failureMessages":[],"meta":{}},{"ancestorTitles":["countWords"],"fullName":"countWords basic sentence","status":"passed","title":"basic sentence","duration":0.3913000000000011,"failureMessages":[],"meta":{}},{"ancestorTitles":["countWords"],"fullName":"countWords empty string ÔåÆ 0","status":"passed","title":"empty string ÔåÆ 0","duration":0.3105999999997948,"failureMessages":[],"meta":{}},{"ancestorTitles":["countWords"],"fullName":"countWords whitespace only ÔåÆ 0","status":"passed","title":"whitespace only ÔåÆ 0","duration":0.3428999999998723,"failureMessages":[],"meta":{}},{"ancestorTitles":["countWords"],"fullName":"countWords extra whitespace normalized","status":"passed","title":"extra whitespace normalized","duration":0.29379999999991924,"failureMessages":[],"meta":{}},{"ancestorTitles":["ResponseChunker.chunkText"],"fullName":"ResponseChunker.chunkText short text (< 20 words) returns single chunk","status":"passed","title":"short text (< 20 words) returns single chunk","duration":3.701100000000224,"failureMessages":[],"meta":{}},{"ancestorTitles":["ResponseChunker.chunkText"],"fullName":"ResponseChunker.chunkText multiple sentences create multiple chunks","status":"passed","title":"multiple sentences create multiple chunks","duration":2.002899999999954,"failureMessages":[],"meta":{}},{"ancestorTitles":["ResponseChunker.chunkText"],"fullName":"ResponseChunker.chunkText abbreviations are not split","status":"passed","title":"abbreviations are not split","duration":0.4075000000000273,"failureMessages":[],"meta":{}},{"ancestorTitles":["ResponseChunker.chunkText"],"fullName":"ResponseChunker.chunkText chunks have sequential IDs","status":"passed","title":"chunks have sequential IDs","duration":0.5153999999999996,"failureMessages":[],"meta":{}},{"ancestorTitles":["ResponseChunker.chunkText"],"fullName":"ResponseChunker.chunkText max word limit splits long runs","status":"passed","title":"max word limit splits long runs","duration":1.2018000000000484,"failureMessages":[],"meta":{}},{"ancestorTitles":["ResponseChunker.chunkText"],"fullName":"ResponseChunker.chunkText min word threshold merges tiny sentences","status":"passed","title":"min word threshold merges tiny sentences","duration":0.42689999999993233,"failureMessages":[],"meta":{}},{"ancestorTitles":["ResponseChunker.chunkStream"],"fullName":"ResponseChunker.chunkStream streams tokens and yields sentence chunks","status":"passed","title":"streams tokens and yields sentence chunks","duration":1.1207999999999174,"failureMessages":[],"meta":{}},{"ancestorTitles":["ResponseChunker.chunkStream"],"fullName":"ResponseChunker.chunkStream yields final chunk with remaining buffer","status":"passed","title":"yields final chunk with remaining buffer","duration":0.9713999999999032,"failureMessages":[],"meta":{}},{"ancestorTitles":["ResponseChunker.chunkStream"],"fullName":"ResponseChunker.chunkStream timing.generatedAt is populated","status":"passed","title":"timing.generatedAt is populated","duration":1.0586000000000695,"failureMessages":[],"meta":{}},{"ancestorTitles":["ResponseChunker.chunkStream"],"fullName":"ResponseChunker.chunkStream respects abort signal","status":"passed","title":"respects abort signal","duration":1.6342999999999392,"failureMessages":[],"meta":{}},{"ancestorTitles":["ResponseChunker.chunkStream"],"fullName":"ResponseChunker.chunkStream empty stream produces no chunks","status":"passed","title":"empty stream produces no chunks","duration":0.657399999999825,"failureMessages":[],"meta":{}},{"ancestorTitles":["factory helpers"],"fullName":"factory helpers createResponseChunker returns instance","status":"passed","title":"createResponseChunker returns instance","duration":0.6671999999998661,"failureMessages":[],"meta":{}},{"ancestorTitles":["factory helpers"],"fullName":"factory helpers chunkResponseText returns chunks","status":"passed","title":"chunkResponseText returns chunks","duration":0.7684999999999036,"failureMessages":[],"meta":{}},{"ancestorTitles":["edge cases"],"fullName":"edge cases empty string","status":"passed","title":"empty string","duration":0.8705999999999676,"failureMessages":[],"meta":{}},{"ancestorTitles":["edge cases"],"fullName":"edge cases single word","status":"passed","title":"single word","duration":0.37199999999984357,"failureMessages":[],"meta":{}},{"ancestorTitles":["edge cases"],"fullName":"edge cases multiple consecutive punctuation","status":"passed","title":"multiple consecutive punctuation","duration":0.4977999999998701,"failureMessages":[],"meta":{}},{"ancestorTitles":["edge cases"],"fullName":"edge cases text with code blocks is not split incorrectly","status":"passed","title":"text with code blocks is not split incorrectly","duration":0.3916999999999007,"failureMessages":[],"meta":{}},{"ancestorTitles":["performance"],"fullName":"performance chunkText completes in < 5ms for normal text","status":"passed","title":"chunkText completes in < 5ms for normal text","duration":0.664600000000064,"failureMessages":[],"meta":{}},{"ancestorTitles":["performance"],"fullName":"performance chunkStream time-to-first-chunk is < 2ms","status":"passed","title":"chunkStream time-to-first-chunk is < 2ms","duration":0.6143999999999323,"failureMessages":[],"meta":{}}],"startTime":1771605000937,"endTime":1771605000970.6646,"status":"passed","message":"","name":"D:/algomind/src/lib/ai/__tests__/response-chunker.test.ts"},{"assertionResults":[{"ancestorTitles":["CognitiveAnalyzer","parseResponse"],"fullName":"CognitiveAnalyzer parseResponse should parse valid JSON response correctly","status":"passed","title":"should parse valid JSON response correctly","duration":5.328600000000051,"failureMessages":[],"meta":{}},{"ancestorTitles":["CognitiveAnalyzer","parseResponse"],"fullName":"CognitiveAnalyzer parseResponse should parse response wrapped in markdown code block","status":"passed","title":"should parse response wrapped in markdown code block","duration":1.1831999999999425,"failureMessages":[],"meta":{}},{"ancestorTitles":["CognitiveAnalyzer","parseResponse"],"fullName":"CognitiveAnalyzer parseResponse should throw on malformed JSON","status":"passed","title":"should throw on malformed JSON","duration":3.89650000000006,"failureMessages":[],"meta":{}},{"ancestorTitles":["CognitiveAnalyzer","analyze"],"fullName":"CognitiveAnalyzer analyze should retries on failure and eventually succeed","status":"passed","title":"should retries on failure and eventually succeed","duration":36.39779999999996,"failureMessages":[],"meta":{}},{"ancestorTitles":["CognitiveAnalyzer","analyze"],"fullName":"CognitiveAnalyzer analyze should throw after maxRetries","status":"passed","title":"should throw after maxRetries","duration":29.461499999999887,"failureMessages":[],"meta":{}},{"ancestorTitles":["EvidenceExtractor"],"fullName":"EvidenceExtractor should extract quotes from transcript based on keywords","status":"passed","title":"should extract quotes from transcript based on keywords","duration":2.739899999999807,"failureMessages":[],"meta":{}}],"startTime":1771605001142,"endTime":1771605001221.74,"status":"passed","message":"","name":"D:/algomind/src/lib/assessment/__tests__/analyzer.test.ts"},{"assertionResults":[{"ancestorTitles":["Cognitive Assessment Integration"],"fullName":"Cognitive Assessment Integration should correctly process a transcript and generate scores","status":"passed","title":"should correctly process a transcript and generate scores","duration":6.344299999999976,"failureMessages":[],"meta":{}},{"ancestorTitles":["Cognitive Assessment Integration"],"fullName":"Cognitive Assessment Integration should save and retrieve sessions from ProgressStore","status":"passed","title":"should save and retrieve sessions from ProgressStore","duration":1.6315999999999349,"failureMessages":[],"meta":{}}],"startTime":1771605001079,"endTime":1771605001087.6316,"status":"passed","message":"","name":"D:/algomind/src/lib/assessment/__tests__/integration.test.ts"},{"assertionResults":[{"ancestorTitles":["Supabase Data Layer","saveInterviewSession"],"fullName":"Supabase Data Layer saveInterviewSession should save session successfully (happy path)","status":"passed","title":"should save session successfully (happy path)","duration":12.814499999999953,"failureMessages":[],"meta":{}},{"ancestorTitles":["Supabase Data Layer","saveInterviewSession"],"fullName":"Supabase Data Layer saveInterviewSession should handle database error","status":"passed","title":"should handle database error","duration":3.6802999999999884,"failureMessages":[],"meta":{}},{"ancestorTitles":["Supabase Data Layer","saveInterviewSession"],"fullName":"Supabase Data Layer saveInterviewSession should save knowledge gaps if present","status":"passed","title":"should save knowledge gaps if present","duration":2.7993999999998778,"failureMessages":[],"meta":{}},{"ancestorTitles":["Supabase Data Layer","checkUserRateLimit"],"fullName":"Supabase Data Layer checkUserRateLimit should return allowed when below limit","status":"passed","title":"should return allowed when below limit","duration":1.5937000000001262,"failureMessages":[],"meta":{}},{"ancestorTitles":["Supabase Data Layer","checkUserRateLimit"],"fullName":"Supabase Data Layer checkUserRateLimit should fail closed on RPC error","status":"failed","title":"should fail closed on RPC error","duration":15.871800000000121,"failureMessages":["AssertionError: expected { allowed: true, remaining: 5, ÔÇª(1) } to deeply equal { allowed: false, remaining: +0, ÔÇª(1) }\n    at D:/algomind/src/lib/supabase/__tests__/save-session.test.ts:175:28\n    at processTicksAndRejections (node:internal/process/task_queues:105:5)\n    at file:///D:/algomind/node_modules/@vitest/runner/dist/index.js:915:20"],"meta":{}}],"startTime":1771605001164,"endTime":1771605001201.8718,"status":"failed","message":"","name":"D:/algomind/src/lib/supabase/__tests__/save-session.test.ts"},{"assertionResults":[{"ancestorTitles":["InterruptionManager"],"fullName":"InterruptionManager initial state is idle","status":"passed","title":"initial state is idle","duration":14.208200000000033,"failureMessages":[],"meta":{}},{"ancestorTitles":["InterruptionManager"],"fullName":"InterruptionManager getState returns a frozen copy","status":"passed","title":"getState returns a frozen copy","duration":2.8694000000000415,"failureMessages":[],"meta":{}},{"ancestorTitles":["InterruptionManager"],"fullName":"InterruptionManager ALLOW_INPUT when AI is not speaking","status":"passed","title":"ALLOW_INPUT when AI is not speaking","duration":3.16820000000007,"failureMessages":[],"meta":{}},{"ancestorTitles":["InterruptionManager"],"fullName":"InterruptionManager WAIT when AI started speaking < graceMs ago","status":"passed","title":"WAIT when AI started speaking < graceMs ago","duration":3.505899999999883,"failureMessages":[],"meta":{}},{"ancestorTitles":["InterruptionManager"],"fullName":"InterruptionManager INTERRUPT_IMMEDIATELY when AI speaking ÔëÑ graceMs","status":"passed","title":"INTERRUPT_IMMEDIATELY when AI speaking ÔëÑ graceMs","duration":2.260400000000118,"failureMessages":[],"meta":{}},{"ancestorTitles":["InterruptionManager"],"fullName":"InterruptionManager INTERRUPT sets lastInterruptionTime","status":"passed","title":"INTERRUPT sets lastInterruptionTime","duration":1.4099999999998545,"failureMessages":[],"meta":{}},{"ancestorTitles":["InterruptionManager"],"fullName":"InterruptionManager IGNORE when user interrupted < debounceMs ago","status":"passed","title":"IGNORE when user interrupted < debounceMs ago","duration":3.205500000000029,"failureMessages":[],"meta":{}},{"ancestorTitles":["InterruptionManager"],"fullName":"InterruptionManager allows interruption after debounce window passes","status":"passed","title":"allows interruption after debounce window passes","duration":1.9773000000000138,"failureMessages":[],"meta":{}},{"ancestorTitles":["InterruptionManager"],"fullName":"InterruptionManager shouldProcessUserInput returns true when no prior interruption","status":"passed","title":"shouldProcessUserInput returns true when no prior interruption","duration":2.8708999999998923,"failureMessages":[],"meta":{}},{"ancestorTitles":["InterruptionManager"],"fullName":"InterruptionManager shouldProcessUserInput respects debounce","status":"passed","title":"shouldProcessUserInput respects debounce","duration":2.1097000000002026,"failureMessages":[],"meta":{}},{"ancestorTitles":["InterruptionManager"],"fullName":"InterruptionManager emits RESUMPTION after speechEndConfirmMs if user stays silent","status":"passed","title":"emits RESUMPTION after speechEndConfirmMs if user stays silent","duration":2.8299999999999272,"failureMessages":[],"meta":{}},{"ancestorTitles":["InterruptionManager"],"fullName":"InterruptionManager cancels RESUMPTION if user speaks again within window","status":"passed","title":"cancels RESUMPTION if user speaks again within window","duration":1.9358000000001994,"failureMessages":[],"meta":{}},{"ancestorTitles":["InterruptionManager"],"fullName":"InterruptionManager handleAIResponseStart marks AI as speaking","status":"passed","title":"handleAIResponseStart marks AI as speaking","duration":1.4358999999999469,"failureMessages":[],"meta":{}},{"ancestorTitles":["InterruptionManager"],"fullName":"InterruptionManager handleAIResponseComplete clears AI speaking","status":"passed","title":"handleAIResponseComplete clears AI speaking","duration":0.963399999999865,"failureMessages":[],"meta":{}},{"ancestorTitles":["InterruptionManager"],"fullName":"InterruptionManager cancelAISpeech clears isAISpeaking","status":"passed","title":"cancelAISpeech clears isAISpeaking","duration":29.457600000000184,"failureMessages":[],"meta":{}},{"ancestorTitles":["InterruptionManager"],"fullName":"InterruptionManager cancelAIGeneration aborts the controller","status":"passed","title":"cancelAIGeneration aborts the controller","duration":1.9496999999998934,"failureMessages":[],"meta":{}},{"ancestorTitles":["InterruptionManager"],"fullName":"InterruptionManager cancelAIGeneration does not throw on already-aborted controller","status":"passed","title":"cancelAIGeneration does not throw on already-aborted controller","duration":4.129800000000159,"failureMessages":[],"meta":{}},{"ancestorTitles":["InterruptionManager"],"fullName":"InterruptionManager updateState merges partial and emits STATE_CHANGE","status":"passed","title":"updateState merges partial and emits STATE_CHANGE","duration":1.4804000000001452,"failureMessages":[],"meta":{}},{"ancestorTitles":["InterruptionManager"],"fullName":"InterruptionManager updateState does not emit if value unchanged","status":"passed","title":"updateState does not emit if value unchanged","duration":1.179300000000012,"failureMessages":[],"meta":{}},{"ancestorTitles":["InterruptionManager"],"fullName":"InterruptionManager on() returns an unsubscribe function","status":"passed","title":"on() returns an unsubscribe function","duration":1.223600000000033,"failureMessages":[],"meta":{}},{"ancestorTitles":["InterruptionManager"],"fullName":"InterruptionManager INTERRUPTION event contains the decision","status":"passed","title":"INTERRUPTION event contains the decision","duration":1.355099999999993,"failureMessages":[],"meta":{}},{"ancestorTitles":["InterruptionManager"],"fullName":"InterruptionManager DEBOUNCE event fires on ignored interruptions","status":"passed","title":"DEBOUNCE event fires on ignored interruptions","duration":1.3408999999999196,"failureMessages":[],"meta":{}},{"ancestorTitles":["InterruptionManager"],"fullName":"InterruptionManager removeAllListeners clears everything","status":"passed","title":"removeAllListeners clears everything","duration":0.9984999999999218,"failureMessages":[],"meta":{}},{"ancestorTitles":["InterruptionManager"],"fullName":"InterruptionManager reset() returns to initial state","status":"passed","title":"reset() returns to initial state","duration":1.2387999999998556,"failureMessages":[],"meta":{}},{"ancestorTitles":["InterruptionManager"],"fullName":"InterruptionManager reset() cancels pending speech-end timer","status":"passed","title":"reset() cancels pending speech-end timer","duration":1.1072999999998956,"failureMessages":[],"meta":{}},{"ancestorTitles":["InterruptionManager"],"fullName":"InterruptionManager canInterrupt is true when AI speaking past grace and user not speaking","status":"passed","title":"canInterrupt is true when AI speaking past grace and user not speaking","duration":0.8888000000001739,"failureMessages":[],"meta":{}},{"ancestorTitles":["InterruptionManager"],"fullName":"InterruptionManager canInterrupt is false during grace period","status":"passed","title":"canInterrupt is false during grace period","duration":0.8478999999999814,"failureMessages":[],"meta":{}},{"ancestorTitles":["InterruptionManager"],"fullName":"InterruptionManager initial state includes new debouncing fields","status":"passed","title":"initial state includes new debouncing fields","duration":0.8898000000001502,"failureMessages":[],"meta":{}},{"ancestorTitles":["InterruptionManager"],"fullName":"InterruptionManager handleVADFrame returns true when confidence above threshold","status":"passed","title":"handleVADFrame returns true when confidence above threshold","duration":1.032399999999825,"failureMessages":[],"meta":{}},{"ancestorTitles":["InterruptionManager"],"fullName":"InterruptionManager handleVADFrame returns false and resets counter when below threshold","status":"passed","title":"handleVADFrame returns false and resets counter when below threshold","duration":0.9230999999999767,"failureMessages":[],"meta":{}},{"ancestorTitles":["InterruptionManager"],"fullName":"InterruptionManager handleVADFrame accumulates consecutive high frames","status":"passed","title":"handleVADFrame accumulates consecutive high frames","duration":0.9551000000001295,"failureMessages":[],"meta":{}},{"ancestorTitles":["InterruptionManager"],"fullName":"InterruptionManager rejects speech start with low confidence","status":"passed","title":"rejects speech start with low confidence","duration":1.5356999999999061,"failureMessages":[],"meta":{}},{"ancestorTitles":["InterruptionManager"],"fullName":"InterruptionManager WAITs when not enough consecutive frames","status":"passed","title":"WAITs when not enough consecutive frames","duration":0.9328000000000429,"failureMessages":[],"meta":{}},{"ancestorTitles":["InterruptionManager"],"fullName":"InterruptionManager INTERRUPT_IMMEDIATELY when confidence and frames pass","status":"passed","title":"INTERRUPT_IMMEDIATELY when confidence and frames pass","duration":2.84069999999997,"failureMessages":[],"meta":{}},{"ancestorTitles":["InterruptionManager"],"fullName":"InterruptionManager emits DURATION_REJECT when speech too short","status":"passed","title":"emits DURATION_REJECT when speech too short","duration":2.215299999999843,"failureMessages":[],"meta":{}},{"ancestorTitles":["InterruptionManager"],"fullName":"InterruptionManager does not emit DURATION_REJECT when speech long enough","status":"passed","title":"does not emit DURATION_REJECT when speech long enough","duration":1.404800000000023,"failureMessages":[],"meta":{}},{"ancestorTitles":["InterruptionManager"],"fullName":"InterruptionManager manualStop bypasses all debouncing","status":"passed","title":"manualStop bypasses all debouncing","duration":1.6017000000001644,"failureMessages":[],"meta":{}},{"ancestorTitles":["InterruptionManager"],"fullName":"InterruptionManager manualContinue emits MANUAL_CONTINUE event","status":"passed","title":"manualContinue emits MANUAL_CONTINUE event","duration":1.203800000000001,"failureMessages":[],"meta":{}},{"ancestorTitles":["InterruptionManager"],"fullName":"InterruptionManager getEventStream returns events in order","status":"passed","title":"getEventStream returns events in order","duration":1.4162000000001171,"failureMessages":[],"meta":{}},{"ancestorTitles":["InterruptionManager"],"fullName":"InterruptionManager event stream respects maxSize","status":"passed","title":"event stream respects maxSize","duration":1.5653999999999542,"failureMessages":[],"meta":{}},{"ancestorTitles":["InterruptionManager"],"fullName":"InterruptionManager reset clears event stream","status":"passed","title":"reset clears event stream","duration":0.9755999999999858,"failureMessages":[],"meta":{}},{"ancestorTitles":["InterruptionManager"],"fullName":"InterruptionManager setConfig updates config at runtime","status":"passed","title":"setConfig updates config at runtime","duration":1.2201000000000022,"failureMessages":[],"meta":{}},{"ancestorTitles":["InterruptionManager"],"fullName":"InterruptionManager getConfig returns frozen copy","status":"passed","title":"getConfig returns frozen copy","duration":1.0306000000000495,"failureMessages":[],"meta":{}},{"ancestorTitles":["InterruptionManager"],"fullName":"InterruptionManager readiness is blocked when AI not speaking","status":"passed","title":"readiness is blocked when AI not speaking","duration":0.9216999999998734,"failureMessages":[],"meta":{}},{"ancestorTitles":["InterruptionManager"],"fullName":"InterruptionManager readiness is grace_period when AI just started speaking","status":"passed","title":"readiness is grace_period when AI just started speaking","duration":1.0360000000000582,"failureMessages":[],"meta":{}},{"ancestorTitles":["InterruptionManager"],"fullName":"InterruptionManager readiness transitions to ready after grace period","status":"passed","title":"readiness transitions to ready after grace period","duration":1.6195999999999913,"failureMessages":[],"meta":{}},{"ancestorTitles":["InterruptionManager"],"fullName":"InterruptionManager readiness is cooldown after interruption","status":"passed","title":"readiness is cooldown after interruption","duration":1.4106000000001586,"failureMessages":[],"meta":{}}],"startTime":1771605000917,"endTime":1771605001038.4106,"status":"passed","message":"","name":"D:/algomind/src/lib/voice/__tests__/interruption-manager.test.ts"},{"assertionResults":[{"ancestorTitles":["TTSManager"],"fullName":"TTSManager getTTSManager returns singleton","status":"passed","title":"getTTSManager returns singleton","duration":16.763300000000072,"failureMessages":[],"meta":{}},{"ancestorTitles":["TTSManager"],"fullName":"TTSManager resetTTSManager destroys and clears singleton","status":"passed","title":"resetTTSManager destroys and clears singleton","duration":5.820199999999886,"failureMessages":[],"meta":{}},{"ancestorTitles":["TTSManager"],"fullName":"TTSManager starts in non-playing state","status":"passed","title":"starts in non-playing state","duration":2.5658999999998287,"failureMessages":[],"meta":{}},{"ancestorTitles":["TTSManager"],"fullName":"TTSManager speak() queues chunks and processes them","status":"passed","title":"speak() queues chunks and processes them","duration":11.167500000000018,"failureMessages":[],"meta":{}},{"ancestorTitles":["TTSManager"],"fullName":"TTSManager speak() with empty text is a no-op","status":"passed","title":"speak() with empty text is a no-op","duration":1.6222000000000207,"failureMessages":[],"meta":{}},{"ancestorTitles":["TTSManager"],"fullName":"TTSManager speak() applies voice and rate options","status":"passed","title":"speak() applies voice and rate options","duration":5.079400000000078,"failureMessages":[],"meta":{}},{"ancestorTitles":["TTSManager"],"fullName":"TTSManager cancel() clears queue","status":"passed","title":"cancel() clears queue","duration":5.526900000000069,"failureMessages":[],"meta":{}},{"ancestorTitles":["TTSManager"],"fullName":"TTSManager cancel() calls speechSynthesis.cancel()","status":"passed","title":"cancel() calls speechSynthesis.cancel()","duration":2.4220000000000255,"failureMessages":[],"meta":{}},{"ancestorTitles":["TTSManager"],"fullName":"TTSManager cancel() emits INTERRUPT event when playing","status":"passed","title":"cancel() emits INTERRUPT event when playing","duration":4.005300000000034,"failureMessages":[],"meta":{}},{"ancestorTitles":["TTSManager"],"fullName":"TTSManager cancel() does not emit INTERRUPT when not playing","status":"passed","title":"cancel() does not emit INTERRUPT when not playing","duration":1.6025999999999385,"failureMessages":[],"meta":{}},{"ancestorTitles":["TTSManager"],"fullName":"TTSManager cancel() fades volume before cancelling","status":"passed","title":"cancel() fades volume before cancelling","duration":1.9114000000001852,"failureMessages":[],"meta":{}},{"ancestorTitles":["TTSManager"],"fullName":"TTSManager pause() calls speechSynthesis.pause()","status":"passed","title":"pause() calls speechSynthesis.pause()","duration":1.0179000000000542,"failureMessages":[],"meta":{}},{"ancestorTitles":["TTSManager"],"fullName":"TTSManager resume() calls speechSynthesis.resume()","status":"passed","title":"resume() calls speechSynthesis.resume()","duration":1.4199000000000979,"failureMessages":[],"meta":{}},{"ancestorTitles":["TTSManager"],"fullName":"TTSManager pause() is a no-op when not playing","status":"passed","title":"pause() is a no-op when not playing","duration":0.7485999999998967,"failureMessages":[],"meta":{}},{"ancestorTitles":["TTSManager"],"fullName":"TTSManager stop() cancels synchronously","status":"passed","title":"stop() cancels synchronously","duration":1.3786000000000058,"failureMessages":[],"meta":{}},{"ancestorTitles":["TTSManager"],"fullName":"TTSManager getQueue() returns a copy of pending chunks","status":"passed","title":"getQueue() returns a copy of pending chunks","duration":1.7005000000001473,"failureMessages":[],"meta":{}},{"ancestorTitles":["TTSManager"],"fullName":"TTSManager clearQueue() empties pending chunks","status":"passed","title":"clearQueue() empties pending chunks","duration":1.7584999999999127,"failureMessages":[],"meta":{}},{"ancestorTitles":["TTSManager"],"fullName":"TTSManager emits START event when speaking begins","status":"passed","title":"emits START event when speaking begins","duration":5.277700000000095,"failureMessages":[],"meta":{}},{"ancestorTitles":["TTSManager"],"fullName":"TTSManager emits END event when all chunks finish","status":"passed","title":"emits END event when all chunks finish","duration":2.11200000000008,"failureMessages":[],"meta":{}},{"ancestorTitles":["TTSManager"],"fullName":"TTSManager emits CHUNK_START and CHUNK_END events","status":"passed","title":"emits CHUNK_START and CHUNK_END events","duration":2.637899999999945,"failureMessages":[],"meta":{}},{"ancestorTitles":["TTSManager"],"fullName":"TTSManager on() returns unsubscribe function","status":"passed","title":"on() returns unsubscribe function","duration":2.1023999999999887,"failureMessages":[],"meta":{}},{"ancestorTitles":["TTSManager"],"fullName":"TTSManager removeAllListeners clears all event handlers","status":"passed","title":"removeAllListeners clears all event handlers","duration":1.3246000000001459,"failureMessages":[],"meta":{}},{"ancestorTitles":["TTSManager"],"fullName":"TTSManager Safari: uses pause ÔåÆ cancel strategy","status":"passed","title":"Safari: uses pause ÔåÆ cancel strategy","duration":6.379799999999932,"failureMessages":[],"meta":{}},{"ancestorTitles":["TTSManager"],"fullName":"TTSManager destroy() cancels speech and clears listeners","status":"passed","title":"destroy() cancels speech and clears listeners","duration":1.6790000000000873,"failureMessages":[],"meta":{}},{"ancestorTitles":["TTSManager"],"fullName":"TTSManager setOptions merges with existing options","status":"passed","title":"setOptions merges with existing options","duration":1.7643000000000484,"failureMessages":[],"meta":{}},{"ancestorTitles":["TTSManager"],"fullName":"TTSManager utterance error resolves without throwing","status":"passed","title":"utterance error resolves without throwing","duration":5.1749999999999545,"failureMessages":[],"meta":{}},{"ancestorTitles":["TTSManager"],"fullName":"TTSManager interrupted/canceled errors are silently ignored","status":"passed","title":"interrupted/canceled errors are silently ignored","duration":3.865199999999959,"failureMessages":[],"meta":{}}],"startTime":1771605001006,"endTime":1771605001106.8652,"status":"passed","message":"","name":"D:/algomind/src/lib/voice/__tests__/tts-manager.test.ts"},{"assertionResults":[{"ancestorTitles":["VADManager"],"fullName":"VADManager starts in IDLE state","status":"passed","title":"starts in IDLE state","duration":25.11869999999999,"failureMessages":[],"meta":{}},{"ancestorTitles":["VADManager"],"fullName":"VADManager getVADManager returns the same instance","status":"passed","title":"getVADManager returns the same instance","duration":3.8985000000000127,"failureMessages":[],"meta":{}},{"ancestorTitles":["VADManager"],"fullName":"VADManager getVADManager returns new instance after resetVADManager","status":"passed","title":"getVADManager returns new instance after resetVADManager","duration":5.684499999999844,"failureMessages":[],"meta":{}},{"ancestorTitles":["VADManager"],"fullName":"VADManager getVADManager returns new instance after destroy","status":"passed","title":"getVADManager returns new instance after destroy","duration":4.0072999999999865,"failureMessages":[],"meta":{}},{"ancestorTitles":["VADManager"],"fullName":"VADManager start() transitions from PAUSED to LISTENING","status":"passed","title":"start() transitions from PAUSED to LISTENING","duration":6.260099999999966,"failureMessages":[],"meta":{}},{"ancestorTitles":["VADManager"],"fullName":"VADManager start() is a no-op if already LISTENING","status":"passed","title":"start() is a no-op if already LISTENING","duration":2.144800000000032,"failureMessages":[],"meta":{}},{"ancestorTitles":["VADManager"],"fullName":"VADManager start() throws if not initialised","status":"passed","title":"start() throws if not initialised","duration":6.563100000000077,"failureMessages":[],"meta":{}},{"ancestorTitles":["VADManager"],"fullName":"VADManager start() failure sets ERROR state","status":"passed","title":"start() failure sets ERROR state","duration":3.483099999999922,"failureMessages":[],"meta":{}},{"ancestorTitles":["VADManager"],"fullName":"VADManager stop() transitions from LISTENING to PAUSED","status":"passed","title":"stop() transitions from LISTENING to PAUSED","duration":4.2490999999999985,"failureMessages":[],"meta":{}},{"ancestorTitles":["VADManager"],"fullName":"VADManager stop() is a no-op if not LISTENING","status":"passed","title":"stop() is a no-op if not LISTENING","duration":2.6965999999999894,"failureMessages":[],"meta":{}},{"ancestorTitles":["VADManager"],"fullName":"VADManager onSpeechStart fires registered callback","status":"passed","title":"onSpeechStart fires registered callback","duration":3.15280000000007,"failureMessages":[],"meta":{}},{"ancestorTitles":["VADManager"],"fullName":"VADManager onSpeechEnd fires with audio data","status":"passed","title":"onSpeechEnd fires with audio data","duration":5.276200000000017,"failureMessages":[],"meta":{}},{"ancestorTitles":["VADManager"],"fullName":"VADManager onMisfire fires registered callback","status":"passed","title":"onMisfire fires registered callback","duration":2.0685000000000855,"failureMessages":[],"meta":{}},{"ancestorTitles":["VADManager"],"fullName":"VADManager onFrameProcessed fires with probability","status":"passed","title":"onFrameProcessed fires with probability","duration":3.49129999999991,"failureMessages":[],"meta":{}},{"ancestorTitles":["VADManager"],"fullName":"VADManager unsubscribe removes callback","status":"passed","title":"unsubscribe removes callback","duration":1.8088000000000193,"failureMessages":[],"meta":{}},{"ancestorTitles":["VADManager"],"fullName":"VADManager multiple subscribers all receive events","status":"passed","title":"multiple subscribers all receive events","duration":1.821999999999889,"failureMessages":[],"meta":{}},{"ancestorTitles":["VADManager"],"fullName":"VADManager callback error does not break other callbacks","status":"passed","title":"callback error does not break other callbacks","duration":3.52800000000002,"failureMessages":[],"meta":{}},{"ancestorTitles":["VADManager"],"fullName":"VADManager destroy() releases MicVAD and clears callbacks","status":"passed","title":"destroy() releases MicVAD and clears callbacks","duration":2.1243999999999232,"failureMessages":[],"meta":{}},{"ancestorTitles":["VADManager"],"fullName":"VADManager destroy() is idempotent","status":"passed","title":"destroy() is idempotent","duration":1.3769999999999527,"failureMessages":[],"meta":{}},{"ancestorTitles":["VADManager"],"fullName":"VADManager destroy() handles MicVAD.destroy() failure gracefully","status":"passed","title":"destroy() handles MicVAD.destroy() failure gracefully","duration":2.0151999999998225,"failureMessages":[],"meta":{}},{"ancestorTitles":["VADManager"],"fullName":"VADManager start() after destroy throws","status":"passed","title":"start() after destroy throws","duration":2.521199999999908,"failureMessages":[],"meta":{}},{"ancestorTitles":["VADManager"],"fullName":"VADManager start() in error state throws","status":"passed","title":"start() in error state throws","duration":3.6457000000000335,"failureMessages":[],"meta":{}},{"ancestorTitles":["VADManager"],"fullName":"VADManager init() when already initialised is a no-op","status":"passed","title":"init() when already initialised is a no-op","duration":6.033199999999852,"failureMessages":[],"meta":{}},{"ancestorTitles":["VADManager"],"fullName":"VADManager init() when destroyed throws","status":"passed","title":"init() when destroyed throws","duration":2.6277000000000044,"failureMessages":[],"meta":{}},{"ancestorTitles":["VADManager"],"fullName":"VADManager resetVADManager on null instance is safe","status":"passed","title":"resetVADManager on null instance is safe","duration":1.4079999999999018,"failureMessages":[],"meta":{}},{"ancestorTitles":["VADManager.init() ÔÇö full path"],"fullName":"VADManager.init() ÔÇö full path init() loads scripts and creates MicVAD","status":"passed","title":"init() loads scripts and creates MicVAD","duration":7.944099999999935,"failureMessages":[],"meta":{}},{"ancestorTitles":["VADManager.init() ÔÇö full path"],"fullName":"VADManager.init() ÔÇö full path init() passes config to MicVAD.new","status":"passed","title":"init() passes config to MicVAD.new","duration":6.263800000000174,"failureMessages":[],"meta":{}},{"ancestorTitles":["VADManager.init() ÔÇö full path"],"fullName":"VADManager.init() ÔÇö full path init() fires onSpeechStart callback from MicVAD","status":"passed","title":"init() fires onSpeechStart callback from MicVAD","duration":26.10439999999994,"failureMessages":[],"meta":{}},{"ancestorTitles":["VADManager.init() ÔÇö full path"],"fullName":"VADManager.init() ÔÇö full path init() fires onSpeechEnd callback from MicVAD","status":"passed","title":"init() fires onSpeechEnd callback from MicVAD","duration":29.700999999999794,"failureMessages":[],"meta":{}},{"ancestorTitles":["VADManager.init() ÔÇö full path"],"fullName":"VADManager.init() ÔÇö full path init() fires onVADMisfire callback from MicVAD","status":"passed","title":"init() fires onVADMisfire callback from MicVAD","duration":31.666400000000067,"failureMessages":[],"meta":{}},{"ancestorTitles":["VADManager.init() ÔÇö full path"],"fullName":"VADManager.init() ÔÇö full path init() fires onFrameProcessed callback from MicVAD","status":"passed","title":"init() fires onFrameProcessed callback from MicVAD","duration":29.066800000000057,"failureMessages":[],"meta":{}},{"ancestorTitles":["VADManager.init() ÔÇö full path"],"fullName":"VADManager.init() ÔÇö full path init() onFrameProcessed skips when no subscribers","status":"passed","title":"init() onFrameProcessed skips when no subscribers","duration":29.44399999999996,"failureMessages":[],"meta":{}},{"ancestorTitles":["VADManager.init() ÔÇö full path"],"fullName":"VADManager.init() ÔÇö full path init() sets ERROR state when MicVAD not found","status":"passed","title":"init() sets ERROR state when MicVAD not found","duration":15.567900000000009,"failureMessages":[],"meta":{}},{"ancestorTitles":["VADManager.init() ÔÇö full path"],"fullName":"VADManager.init() ÔÇö full path init() sets ERROR state when scripts fail to load","status":"passed","title":"init() sets ERROR state when scripts fail to load","duration":15.0154,"failureMessages":[],"meta":{}},{"ancestorTitles":["VADManager.init() ÔÇö full path"],"fullName":"VADManager.init() ÔÇö full path init() throws without window","status":"passed","title":"init() throws without window","duration":1.9710000000000036,"failureMessages":[],"meta":{}},{"ancestorTitles":["VADManager.init() ÔÇö full path"],"fullName":"VADManager.init() ÔÇö full path init() throws without AudioContext","status":"passed","title":"init() throws without AudioContext","duration":2.8515000000002146,"failureMessages":[],"meta":{}},{"ancestorTitles":["VADManager.init() ÔÇö full path"],"fullName":"VADManager.init() ÔÇö full path init() throws without getUserMedia","status":"passed","title":"init() throws without getUserMedia","duration":2.2757000000001426,"failureMessages":[],"meta":{}},{"ancestorTitles":["VADManager.init() ÔÇö full path"],"fullName":"VADManager.init() ÔÇö full path init() throws without WebAssembly","status":"passed","title":"init() throws without WebAssembly","duration":2.067700000000059,"failureMessages":[],"meta":{}},{"ancestorTitles":["VADManager.init() ÔÇö full path"],"fullName":"VADManager.init() ÔÇö full path loadScript skips already-present scripts","status":"passed","title":"loadScript skips already-present scripts","duration":3.5027000000000044,"failureMessages":[],"meta":{}},{"ancestorTitles":["VADManager.init() ÔÇö full path"],"fullName":"VADManager.init() ÔÇö full path stop() catches pause error gracefully","status":"passed","title":"stop() catches pause error gracefully","duration":1.516300000000001,"failureMessages":[],"meta":{}},{"ancestorTitles":["VADManager.init() ÔÇö full path"],"fullName":"VADManager.init() ÔÇö full path getMicVADConstructor finds MicVAD on window.MicVAD","status":"passed","title":"getMicVADConstructor finds MicVAD on window.MicVAD","duration":15.67529999999988,"failureMessages":[],"meta":{}},{"ancestorTitles":["VADManager.init() ÔÇö full path"],"fullName":"VADManager.init() ÔÇö full path getMicVADConstructor scans window keys for MicVAD object","status":"passed","title":"getMicVADConstructor scans window keys for MicVAD object","duration":14.986000000000104,"failureMessages":[],"meta":{}}],"startTime":1771605000977,"endTime":1771605001321.986,"status":"passed","message":"","name":"D:/algomind/src/lib/voice/__tests__/vad-manager.test.ts"},{"assertionResults":[{"ancestorTitles":["checkVADSupport"],"fullName":"checkVADSupport returns false when window is undefined (SSR)","status":"passed","title":"returns false when window is undefined (SSR)","duration":4.29729999999995,"failureMessages":[],"meta":{}},{"ancestorTitles":["checkVADSupport"],"fullName":"checkVADSupport returns true when all APIs are available","status":"passed","title":"returns true when all APIs are available","duration":1.1075000000000728,"failureMessages":[],"meta":{}},{"ancestorTitles":["checkVADSupport"],"fullName":"checkVADSupport returns false without AudioContext","status":"passed","title":"returns false without AudioContext","duration":1.1713999999999487,"failureMessages":[],"meta":{}},{"ancestorTitles":["checkVADSupport"],"fullName":"checkVADSupport returns true with webkitAudioContext","status":"passed","title":"returns true with webkitAudioContext","duration":1.1269999999999527,"failureMessages":[],"meta":{}},{"ancestorTitles":["checkVADSupport"],"fullName":"checkVADSupport returns false without getUserMedia","status":"passed","title":"returns false without getUserMedia","duration":0.7696999999998297,"failureMessages":[],"meta":{}},{"ancestorTitles":["checkVADSupport"],"fullName":"checkVADSupport returns false without WebAssembly","status":"passed","title":"returns false without WebAssembly","duration":0.4936000000000149,"failureMessages":[],"meta":{}},{"ancestorTitles":["getVADErrorMessage"],"fullName":"getVADErrorMessage maps permission denied error","status":"passed","title":"maps permission denied error","duration":0.9465000000000146,"failureMessages":[],"meta":{}},{"ancestorTitles":["getVADErrorMessage"],"fullName":"getVADErrorMessage maps \"not allowed\" error","status":"passed","title":"maps \"not allowed\" error","duration":0.4964999999999691,"failureMessages":[],"meta":{}},{"ancestorTitles":["getVADErrorMessage"],"fullName":"getVADErrorMessage maps AudioContext error","status":"passed","title":"maps AudioContext error","duration":0.9191000000000713,"failureMessages":[],"meta":{}},{"ancestorTitles":["getVADErrorMessage"],"fullName":"getVADErrorMessage maps getUserMedia error","status":"passed","title":"maps getUserMedia error","duration":0.6294000000000324,"failureMessages":[],"meta":{}},{"ancestorTitles":["getVADErrorMessage"],"fullName":"getVADErrorMessage maps mediaDevices error","status":"passed","title":"maps mediaDevices error","duration":0.5380999999999858,"failureMessages":[],"meta":{}},{"ancestorTitles":["getVADErrorMessage"],"fullName":"getVADErrorMessage maps SSR / server-side error","status":"passed","title":"maps SSR / server-side error","duration":0.36210000000005493,"failureMessages":[],"meta":{}},{"ancestorTitles":["getVADErrorMessage"],"fullName":"getVADErrorMessage maps ONNX / model errors","status":"passed","title":"maps ONNX / model errors","duration":0.32749999999987267,"failureMessages":[],"meta":{}},{"ancestorTitles":["getVADErrorMessage"],"fullName":"getVADErrorMessage maps WASM error","status":"passed","title":"maps WASM error","duration":0.33819999999991524,"failureMessages":[],"meta":{}},{"ancestorTitles":["getVADErrorMessage"],"fullName":"getVADErrorMessage maps destroyed instance error","status":"passed","title":"maps destroyed instance error","duration":0.3672999999998865,"failureMessages":[],"meta":{}},{"ancestorTitles":["getVADErrorMessage"],"fullName":"getVADErrorMessage handles non-Error input","status":"passed","title":"handles non-Error input","duration":0.2904000000000906,"failureMessages":[],"meta":{}},{"ancestorTitles":["getVADErrorMessage"],"fullName":"getVADErrorMessage handles null input","status":"passed","title":"handles null input","duration":0.2898000000000138,"failureMessages":[],"meta":{}},{"ancestorTitles":["getVADErrorMessage"],"fullName":"getVADErrorMessage generic Error with unknown message","status":"passed","title":"generic Error with unknown message","duration":0.31900000000018736,"failureMessages":[],"meta":{}},{"ancestorTitles":["VAD_SUPPORTED_BROWSERS"],"fullName":"VAD_SUPPORTED_BROWSERS is a readonly array of strings","status":"passed","title":"is a readonly array of strings","duration":0.6747000000000298,"failureMessages":[],"meta":{}},{"ancestorTitles":["VAD_SUPPORTED_BROWSERS"],"fullName":"VAD_SUPPORTED_BROWSERS includes Chrome","status":"passed","title":"includes Chrome","duration":0.4230000000000018,"failureMessages":[],"meta":{}}],"startTime":1771605000924,"endTime":1771605000942.423,"status":"passed","message":"","name":"D:/algomind/src/lib/voice/__tests__/vad-utils.test.ts"},{"assertionResults":[{"ancestorTitles":["DSA Vocabulary"],"fullName":"DSA Vocabulary exports a non-empty array of strings","status":"passed","title":"exports a non-empty array of strings","duration":4.404099999999971,"failureMessages":[],"meta":{}}],"startTime":1771605000960,"endTime":1771605000964.404,"status":"passed","message":"","name":"D:/algomind/src/lib/voice/__tests__/vocabulary.test.ts"},{"assertionResults":[{"ancestorTitles":["voice-utils","getProcesedVoices"],"fullName":"voice-utils getProcesedVoices returns empty array for empty input","status":"passed","title":"returns empty array for empty input","duration":5.647799999999961,"failureMessages":[],"meta":{}},{"ancestorTitles":["voice-utils","getProcesedVoices"],"fullName":"voice-utils getProcesedVoices filters out non-target languages","status":"passed","title":"filters out non-target languages","duration":4.545000000000073,"failureMessages":[],"meta":{}},{"ancestorTitles":["voice-utils","getProcesedVoices"],"fullName":"voice-utils getProcesedVoices sorts by priority: US -> GB -> IN -> HI","status":"passed","title":"sorts by priority: US -> GB -> IN -> HI","duration":1.0610999999998967,"failureMessages":[],"meta":{}},{"ancestorTitles":["voice-utils","getProcesedVoices"],"fullName":"voice-utils getProcesedVoices deduplicates exact matches","status":"passed","title":"deduplicates exact matches","duration":1.2898000000000138,"failureMessages":[],"meta":{}},{"ancestorTitles":["voice-utils","getProcesedVoices"],"fullName":"voice-utils getProcesedVoices keeps distinct voices","status":"passed","title":"keeps distinct voices","duration":31.16579999999999,"failureMessages":[],"meta":{}},{"ancestorTitles":["voice-utils","getProcesedVoices"],"fullName":"voice-utils getProcesedVoices limits to 8 voices but ensures diversity","status":"passed","title":"limits to 8 voices but ensures diversity","duration":2.13130000000001,"failureMessages":[],"meta":{}},{"ancestorTitles":["voice-utils","findBestMatchingVoice"],"fullName":"voice-utils findBestMatchingVoice returns null for empty list","status":"passed","title":"returns null for empty list","duration":0.9723999999998796,"failureMessages":[],"meta":{}},{"ancestorTitles":["voice-utils","findBestMatchingVoice"],"fullName":"voice-utils findBestMatchingVoice returns exact match","status":"passed","title":"returns exact match","duration":0.9253000000001066,"failureMessages":[],"meta":{}},{"ancestorTitles":["voice-utils","findBestMatchingVoice"],"fullName":"voice-utils findBestMatchingVoice falls back to Google US English","status":"passed","title":"falls back to Google US English","duration":1.0240000000001146,"failureMessages":[],"meta":{}},{"ancestorTitles":["voice-utils","findBestMatchingVoice"],"fullName":"voice-utils findBestMatchingVoice falls back to Microsoft Zira if Google missing","status":"passed","title":"falls back to Microsoft Zira if Google missing","duration":0.6617000000001099,"failureMessages":[],"meta":{}},{"ancestorTitles":["voice-utils","findBestMatchingVoice"],"fullName":"voice-utils findBestMatchingVoice falls back to any en-US","status":"passed","title":"falls back to any en-US","duration":0.4112999999999829,"failureMessages":[],"meta":{}},{"ancestorTitles":["voice-utils","findBestMatchingVoice"],"fullName":"voice-utils findBestMatchingVoice falls back to any English","status":"passed","title":"falls back to any English","duration":0.36959999999999127,"failureMessages":[],"meta":{}},{"ancestorTitles":["voice-utils","findBestMatchingVoice"],"fullName":"voice-utils findBestMatchingVoice falls back to first available as last resort","status":"passed","title":"falls back to first available as last resort","duration":0.389699999999948,"failureMessages":[],"meta":{}}],"startTime":1771605000937,"endTime":1771605000989.3896,"status":"passed","message":"","name":"D:/algomind/src/lib/voice/__tests__/voice-utils.test.ts"}]}
