{"numTotalTestSuites":2,"numPassedTestSuites":0,"numFailedTestSuites":2,"numPendingTestSuites":0,"numTotalTests":11,"numPassedTests":8,"numFailedTests":3,"numPendingTests":0,"numTodoTests":0,"snapshot":{"added":0,"failure":false,"filesAdded":0,"filesRemoved":0,"filesRemovedList":[],"filesUnmatched":0,"filesUpdated":0,"matched":0,"total":0,"unchecked":0,"uncheckedKeysByFile":[],"unmatched":0,"updated":0,"didUpdate":false},"startTime":1771908213090,"success":false,"testResults":[{"assertionResults":[{"ancestorTitles":["SettingsPanel"],"fullName":"SettingsPanel 1. All main settings sections render (Profile, Voice Options, Data Storage, App Info, Danger Zone)","status":"passed","title":"1. All main settings sections render (Profile, Voice Options, Data Storage, App Info, Danger Zone)","duration":241.1318999999994,"failureMessages":[],"meta":{}},{"ancestorTitles":["SettingsPanel"],"fullName":"SettingsPanel 2. VAD Switch toggle calls setFeatureFlag with correct key and value","status":"failed","title":"2. VAD Switch toggle calls setFeatureFlag with correct key and value","duration":408.39320000000043,"failureMessages":["AssertionError: expected \"vi.fn()\" to be called with arguments: [ 'ENABLE_VAD_INTERRUPTIONS', true ]\u001b[90m\n\nNumber of calls: \u001b[1m0\u001b[22m\n\u001b[39m\n    at Proxy.<anonymous> (file:///D:/algomind/node_modules/@vitest/expect/dist/index.js:1420:10)\n    at Proxy.<anonymous> (file:///D:/algomind/node_modules/@vitest/expect/dist/index.js:1090:14)\n    at Proxy.methodWrapper (file:///D:/algomind/node_modules/chai/index.js:1700:25)\n    at D:/algomind/src/components/settings/__tests__/SettingsPanel.test.tsx:198:36\n    at file:///D:/algomind/node_modules/@vitest/runner/dist/index.js:915:20"],"meta":{}},{"ancestorTitles":["SettingsPanel"],"fullName":"SettingsPanel 3. Sign Out button calls signOut and redirects to /","status":"passed","title":"3. Sign Out button calls signOut and redirects to /","duration":347.9874999999993,"failureMessages":[],"meta":{}},{"ancestorTitles":["SettingsPanel"],"fullName":"SettingsPanel 4. Back link renders and points to /dashboard","status":"passed","title":"4. Back link renders and points to /dashboard","duration":30.574000000000524,"failureMessages":[],"meta":{}},{"ancestorTitles":["SettingsPanel"],"fullName":"SettingsPanel 5. Danger Zone section has red styling","status":"passed","title":"5. Danger Zone section has red styling","duration":62.1832000000004,"failureMessages":[],"meta":{}},{"ancestorTitles":["SettingsPanel"],"fullName":"SettingsPanel 6. Demo mode toggle reflects current isDemoMode() value — shows \"Demo Mode Active\" when true","status":"passed","title":"6. Demo mode toggle reflects current isDemoMode() value — shows \"Demo Mode Active\" when true","duration":250.39440000000013,"failureMessages":[],"meta":{}},{"ancestorTitles":["SettingsPanel"],"fullName":"SettingsPanel 6b. Shows \"Interactive Demo\" and \"Start Demo Tour\" when isDemoMode() is false","status":"passed","title":"6b. Shows \"Interactive Demo\" and \"Start Demo Tour\" when isDemoMode() is false","duration":211.59659999999985,"failureMessages":[],"meta":{}},{"ancestorTitles":["SettingsPanel"],"fullName":"SettingsPanel 7. VAD switch reflects initial getFeatureFlag value","status":"passed","title":"7. VAD switch reflects initial getFeatureFlag value","duration":92.28580000000056,"failureMessages":[],"meta":{}},{"ancestorTitles":["SettingsPanel"],"fullName":"SettingsPanel 8. Settings persist across re-render (VAD state retained)","status":"failed","title":"8. Settings persist across re-render (VAD state retained)","duration":109.17430000000058,"failureMessages":["AssertionError: expected \"vi.fn()\" to be called with arguments: [ 'ENABLE_VAD_INTERRUPTIONS', true ]\u001b[90m\n\nNumber of calls: \u001b[1m0\u001b[22m\n\u001b[39m\n    at Proxy.<anonymous> (file:///D:/algomind/node_modules/@vitest/expect/dist/index.js:1420:10)\n    at Proxy.<anonymous> (file:///D:/algomind/node_modules/@vitest/expect/dist/index.js:1090:14)\n    at Proxy.methodWrapper (file:///D:/algomind/node_modules/chai/index.js:1700:25)\n    at D:/algomind/src/components/settings/__tests__/SettingsPanel.test.tsx:302:36\n    at file:///D:/algomind/node_modules/@vitest/runner/dist/index.js:915:20"],"meta":{}},{"ancestorTitles":["SettingsPanel"],"fullName":"SettingsPanel 9. VoiceSettings sub-panel renders inside settings (not in own Card wrapper)","status":"failed","title":"9. VoiceSettings sub-panel renders inside settings (not in own Card wrapper)","duration":1035.8279999999995,"failureMessages":["Error: Unable to find an element by: [data-testid=\"voice-settings-panel\"]\n\nIgnored nodes: comments, script, style\n\u001b[36m<body>\u001b[39m\n  \u001b[36m<div>\u001b[39m\n    \u001b[36m<div\u001b[39m\n      \u001b[33mclass\u001b[39m=\u001b[32m\"space-y-10\"\u001b[39m\n    \u001b[36m>\u001b[39m\n      \u001b[36m<div\u001b[39m\n        \u001b[33mclass\u001b[39m=\u001b[32m\"space-y-2 mb-8\"\u001b[39m\n      \u001b[36m>\u001b[39m\n        \u001b[36m<h2\u001b[39m\n          \u001b[33mclass\u001b[39m=\u001b[32m\"text-xs font-black uppercase tracking-widest text-zinc-600\"\u001b[39m\n        \u001b[36m>\u001b[39m\n          \u001b[0mProfile Outline\u001b[0m\n        \u001b[36m</h2>\u001b[39m\n        \u001b[36m<div\u001b[39m\n          \u001b[33mclass\u001b[39m=\u001b[32m\"rounded-2xl overflow-hidden\"\u001b[39m\n          \u001b[33mstyle\u001b[39m=\u001b[32m\"background: var(--surface-1); border: 1px solid var(--surface-edge);\"\u001b[39m\n        \u001b[36m>\u001b[39m\n          \u001b[36m<div\u001b[39m\n            \u001b[33mclass\u001b[39m=\u001b[32m\"flex items-center gap-4 px-5 py-4\"\u001b[39m\n          \u001b[36m>\u001b[39m\n            \u001b[36m<div\u001b[39m\n              \u001b[33mclass\u001b[39m=\u001b[32m\"w-16 h-16 rounded-full bg-gradient-to-br from-blue-500 to-purple-600 flex items-center justify-center text-white text-2xl font-bold\"\u001b[39m\n            \u001b[36m>\u001b[39m\n              \u001b[0mT\u001b[0m\n            \u001b[36m</div>\u001b[39m\n            \u001b[36m<div\u001b[39m\n              \u001b[33mclass\u001b[39m=\u001b[32m\"min-w-0 flex-1\"\u001b[39m\n            \u001b[36m>\u001b[39m\n              \u001b[36m<p\u001b[39m\n                \u001b[33mclass\u001b[39m=\u001b[32m\"text-lg font-semibold text-zinc-200 truncate\"\u001b[39m\n              \u001b[36m>\u001b[39m\n                \u001b[0mAlgoMind User\u001b[0m\n              \u001b[36m</p>\u001b[39m\n              \u001b[36m<p\u001b[39m\n                \u001b[33mclass\u001b[39m=\u001b[32m\"text-sm text-zinc-500 truncate\"\u001b[39m\n              \u001b[36m>\u001b[39m\n                \u001b[0mtest@test.com\u001b[0m\n              \u001b[36m</p>\u001b[39m\n            \u001b[36m</div>\u001b[39m\n          \u001b[36m</div>\u001b[39m\n        \u001b[36m</div>\u001b[39m\n      \u001b[36m</div>\u001b[39m\n      \u001b[36m<div\u001b[39m\n        \u001b[33mclass\u001b[39m=\u001b[32m\"p-4 text-center text-slate-500\"\u001b[39m\n      \u001b[36m>\u001b[39m\n        \u001b[0mLoading voice engine...\u001b[0m\n      \u001b[36m</div>\u001b[39m\n      \u001b[36m<div\u001b[39m\n        \u001b[33mclass\u001b[39m=\u001b[32m\"space-y-2 mb-8\"\u001b[39m\n      \u001b[36m>\u001b[39m\n        \u001b[36m<h2\u001b[39m\n          \u001b[33mclass\u001b[39m=\u001b[32m\"text-xs font-black uppercase tracking-widest text-zinc-600\"\u001b[39m\n        \u001b[36m>\u001b[39m\n          \u001b[0mVoice Options\u001b[0m\n        \u001b[36m</h2>\u001b[39m\n        \u001b[36m<div\u001b[39m\n          \u001b[33mclass\u001b[39m=\u001b[32m\"rounded-2xl overflow-hidden\"\u001b[39m\n          \u001b[33mstyle\u001b[39m=\u001b[32m\"background: var(--surface-1); border: 1px solid var(--surface-edge);\"\u001b[39m\n        \u001b[36m>\u001b[39m\n          \u001b[36m<div\u001b[39m\n            \u001b[33mclass\u001b[39m=\u001b[32m\"flex items-center justify-between px-5 py-4 border-b border-[var(--surface-edge)] last:border-0\"\u001b[39m\n          \u001b[36m>\u001b[39m\n            \u001b[36m<div>\u001b[39m\n              \u001b[36m<p\u001b[39m\n                \u001b[33mclass\u001b[39m=\u001b[32m\"text-sm font-semibold text-zinc-200\"\u001b[39m\n              \u001b[36m>\u001b[39m\n                \u001b[0mVoice Activity Detection\u001b[0m\n              \u001b[36m</p>\u001b[39m\n              \u001b[36m<p\u001b[39m\n                \u001b[33mclass\u001b[39m=\u001b[32m\"text-xs text-zinc-500 mt-0.5\"\u001b[39m\n              \u001b[36m>\u001b[39m\n                \u001b[0mAutomatically detects when you stop speaking\u001b[0m\n              \u001b[36m</p>\u001b[39m\n            \u001b[36m</div>\u001b[39m\n            \u001b[36m<input\u001b[39m\n              \u001b[33mdata-testid\u001b[39m=\u001b[32m\"switch\"\u001b[39m\n              \u001b[33mrole\u001b[39m=\u001b[32m\"switch\"\u001b[39m\n              \u001b[33mtype\u001b[39m=\u001b[32m\"checkbox\"\u001b[39m\n            \u001b[36m/>\u001b[39m\n          \u001b[36m</div>\u001b[39m\n        \u001b[36m</div>\u001b[39m\n      \u001b[36m</div>\u001b[39m\n      \u001b[36m<div\u001b[39m\n        \u001b[33mclass\u001b[39m=\u001b[32m\"space-y-2 mb-8\"\u001b[39m\n      \u001b[36m>\u001b[39m\n        \u001b[36m<h2\u001b[39m\n          \u001b[33mclass\u001b[39m=\u001b[32m\"text-xs font-black uppercase tracking-widest text-zinc-600\"\u001b[39m\n        \u001b[36m>\u001b[39m\n          \u001b[0mData Storage\u001b[0m\n        \u001b[36m</h2>\u001b[39m\n        \u001b[36m<div\u001b[39m\n          \u001b[33mclass\u001b[39m=\u001b[32m\"rounded-2xl overflow-hidden px-5 py-4 flex flex-col gap-1\"\u001b[39m\n          \u001b[33mstyle\u001b[39m=\u001b[32m\"background: var(--surface-1); border: 1px solid var(--surface-edge);\"\u001b[39m\n        \u001b[36m>\u001b[39m\n          \u001b[36m<div\u001b[39m\n            \u001b[33mclass\u001b[39m=\u001b[32m\"flex items-center gap-2\"\u001b[39m\n          \u001b[36m>\u001b[39m\n            \u001b[36m<svg\u001b[39m\n              \u001b[33mdata-testid\u001b[39m=\u001b[32m\"icon-shield\"\u001b[39m\n            \u001b[36m/>\u001b[39m\n            \u001b[36m<span\u001b[39m\n              \u001b[33mclass\u001b[39m=\u001b[32m\"text-sm font-semibold text-zinc-200\"\u001b[39m\n            \u001b[36m>\u001b[39m\n              \u001b[0mLocal Storage Only\u001b[0m\n            \u001b[36m</span>\u001b[39m\n          \u001b[36m</div>\u001b[39m\n          \u001b[36m<p\u001b[39m\n            \u001b[33mclass\u001b[39m=\u001b[32m\"text-xs text-zinc-500 ml-6\"\u001b[39m\n          \u001b[36m>\u001b[39m\n            \u001b[0mData is stored locally in your browser. Sign in to enable cloud sync.\u001b[0m\n          \u001b[36m</p>\u001b[39m\n        \u001b[36m</div>\u001b[39m\n      \u001b[36m</div>\u001b[39m\n      \u001b[36m<div\u001b[39m\n        \u001b[33mclass\u001b[39m=\u001b[32m\"space-y-2 mb-8\"\u001b[39m\n      \u001b[36m>\u001b[39m\n        \u001b[36m<h2\u001b[39m\n          \u001b[33mclass\u001b[39m=\u001b[32m\"text-xs font-black uppercase tracking-widest text-zinc-600\"\u001b[39m\n        \u001b[36m>\u001b[39m\n          \u001b[0mApplication Info\u001b[0m\n        \u001b[36m</h2>\u001b[39m\n        \u001b[36m<div\u001b[39m\n          \u001b[33mclass\u001b[39m=\u001b[32m\"rounded-2xl overflow-hidden\"\u001b[39m\n          \u001b[33mstyle\u001b[39m=\u001b[32m\"background: var(--surface-1); border: 1px solid var(--surface-edge);\"\u001b[39m\n        \u001b[36m>\u001b[39m\n          \u001b[36m<div\u001b[39m\n            \u001b[33mclass\u001b[39m=\u001b[32m\"flex items-center justify-between px-5 py-4 border-b border-[var(--surface-edge)]\"\u001b[39m\n            \u001b[33mdata-tour\u001b[39m=\u001b[32m\"intro-button\"\u001b[39m\n          \u001b[36m>\u001b[39m\n            \u001b[36m<div\u001b[39m\n              \u001b[33mclass\u001b[39m=\u001b[32m\"flex items-center gap-3\"\u001b[39m\n            \u001b[36m>\u001b[39m\n              \u001b[36m<div\u001b[39m\n                \u001b[33mclass\u001b[39m=\u001b[32m\"p-2 rounded-lg bg-blue-500/20\"\u001b[39m\n              \u001b[36m>\u001b[39m\n                \u001b[36m<svg\u001b[39m\n                  \u001b[33mdata-testid\u001b[39m=\u001b[32m\"icon-play\"\u001b[39m\n                \u001b[36m/>\u001b[39m\n              \u001b[36m</div>\u001b[39m\n              \u001b[36m<div>\u001b[39m\n                \u001b[36m<h3\u001b[39m\n                  \u001b[33mclass\u001b[39m=\u001b[32m\"text-sm font-semibold text-zinc-200\"\u001b[39m\n                \u001b[36m>\u001b[39m\n                  \u001b[0mInteractive Demo\u001b[0m\n                \u001b[36m</h3>\u001b[39m\n                \u001b[36m<p\u001b[39m\n                  \u001b[33mclass\u001b[39m=\u001b[32m\"text-xs text-zinc-500 mt-0.5\"\u001b[39m\n                \u001b[36m>\u001b[39m\n                  \u001b[0mExperience AlgoMind with sample data and tour\u001b[0m\n                \u001b[36m</p>\u001b[39m\n              \u001b[36m</div>\u001b[39m\n            \u001b[36m</div>\u001b[39m\n            \u001b[36m<button\u001b[39m\n              \u001b[33mclass\u001b[39m=\u001b[32m\"inline-flex items-center justify-center gap-2 whitespace-nowrap rounded-md transition-all disabled:pointer-events-none disabled:opacity-50 [&_svg]:pointer-events-none [&_svg:not([class*='size-'])]:size-4 shrink-0 [&_svg]:shrink-0 outline-none focus-visible:border-ring focus-visible:ring-ring/50 focus-visible:ring-[3px] aria-invalid:ring-destructive/20 dark:aria-invalid:ring-destructive/40 aria-invalid:border-destructive bg-primary text-primary-foreground hover:bg-primary/90 px-4 py-2 has-[>svg]:px-3 h-8 text-xs font-bold btn-primary\"\u001b[39m\n              \u001b[33mdata-size\u001b[39m=\u001b[32m\"default\"\u001b[39m\n              \u001b[33mdata-slot\u001b[39m=\u001b[32m\"button\"\u001b[39m\n              \u001b[33mdata-variant\u001b[39m=\u001b[32m\"default\"\u001b[39m\n            \u001b[36m>\u001b[39m\n              \u001b[...\n    at Proxy.waitForWrapper (D:\\algomind\\node_modules\\@testing-library\\dom\\dist\\wait-for.js:163:27)\n    at D:/algomind/src/components/settings/__tests__/SettingsPanel.test.tsx:311:15\n    at file:///D:/algomind/node_modules/@vitest/runner/dist/index.js:915:20"],"meta":{}},{"ancestorTitles":["SettingsPanel"],"fullName":"SettingsPanel 10. No Card component wrapper around individual settings rows (new design uses plain divs)","status":"passed","title":"10. No Card component wrapper around individual settings rows (new design uses plain divs)","duration":39.17139999999927,"failureMessages":[],"meta":{}}],"startTime":1771908219964,"endTime":1771908222794.1714,"status":"failed","message":"","name":"D:/algomind/src/components/settings/__tests__/SettingsPanel.test.tsx"}]}
