{"numTotalTestSuites":244,"numPassedTestSuites":242,"numFailedTestSuites":2,"numPendingTestSuites":0,"numTotalTests":733,"numPassedTests":725,"numFailedTests":8,"numPendingTests":0,"numTodoTests":0,"snapshot":{"added":0,"failure":false,"filesAdded":0,"filesRemoved":0,"filesRemovedList":[],"filesUnmatched":0,"filesUpdated":0,"matched":5,"total":5,"unchecked":0,"uncheckedKeysByFile":[],"unmatched":0,"updated":0,"didUpdate":false},"startTime":1772427067962,"success":false,"testResults":[{"assertionResults":[{"ancestorTitles":["CSS Utility Classes — Defined in globals.css"],"fullName":"CSS Utility Classes — Defined in globals.css .glass is defined","status":"passed","title":".glass is defined","duration":2.2795999999999594,"failureMessages":[],"meta":{}},{"ancestorTitles":["CSS Utility Classes — Defined in globals.css"],"fullName":"CSS Utility Classes — Defined in globals.css .glass-morphism is defined","status":"passed","title":".glass-morphism is defined","duration":0.44219999999995707,"failureMessages":[],"meta":{}},{"ancestorTitles":["CSS Utility Classes — Defined in globals.css"],"fullName":"CSS Utility Classes — Defined in globals.css .surface-1 is defined","status":"passed","title":".surface-1 is defined","duration":0.2515000000000214,"failureMessages":[],"meta":{}},{"ancestorTitles":["CSS Utility Classes — Defined in globals.css"],"fullName":"CSS Utility Classes — Defined in globals.css .surface-2 is defined","status":"passed","title":".surface-2 is defined","duration":0.4866000000000099,"failureMessages":[],"meta":{}},{"ancestorTitles":["CSS Utility Classes — Defined in globals.css"],"fullName":"CSS Utility Classes — Defined in globals.css .surface-3 is defined","status":"passed","title":".surface-3 is defined","duration":0.23250000000001592,"failureMessages":[],"meta":{}},{"ancestorTitles":["CSS Utility Classes — Defined in globals.css"],"fullName":"CSS Utility Classes — Defined in globals.css .custom-scrollbar is defined","status":"passed","title":".custom-scrollbar is defined","duration":0.15739999999999554,"failureMessages":[],"meta":{}},{"ancestorTitles":["CSS Utility Classes — Defined in globals.css"],"fullName":"CSS Utility Classes — Defined in globals.css .mobile-scroll is defined","status":"passed","title":".mobile-scroll is defined","duration":0.2722999999999729,"failureMessages":[],"meta":{}},{"ancestorTitles":["CSS Utility Classes — Defined in globals.css"],"fullName":"CSS Utility Classes — Defined in globals.css .mobile-scroll-container is defined","status":"passed","title":".mobile-scroll-container is defined","duration":0.20640000000003056,"failureMessages":[],"meta":{}},{"ancestorTitles":["CSS Utility Classes — Defined in globals.css"],"fullName":"CSS Utility Classes — Defined in globals.css .swipe-dots is defined","status":"passed","title":".swipe-dots is defined","duration":0.5407999999999902,"failureMessages":[],"meta":{}},{"ancestorTitles":["CSS Utility Classes — Defined in globals.css"],"fullName":"CSS Utility Classes — Defined in globals.css .swipe-dot is defined","status":"passed","title":".swipe-dot is defined","duration":0.35089999999996735,"failureMessages":[],"meta":{}},{"ancestorTitles":["CSS Utility Classes — Defined in globals.css"],"fullName":"CSS Utility Classes — Defined in globals.css .card-interactive is defined","status":"passed","title":".card-interactive is defined","duration":0.23619999999999663,"failureMessages":[],"meta":{}},{"ancestorTitles":["CSS Utility Classes — Defined in globals.css"],"fullName":"CSS Utility Classes — Defined in globals.css .text-gradient is defined","status":"passed","title":".text-gradient is defined","duration":0.12470000000001846,"failureMessages":[],"meta":{}},{"ancestorTitles":["CSS Utility Classes — Defined in globals.css"],"fullName":"CSS Utility Classes — Defined in globals.css .text-gradient-subtle is defined","status":"passed","title":".text-gradient-subtle is defined","duration":0.11029999999999518,"failureMessages":[],"meta":{}},{"ancestorTitles":["CSS Utility Classes — Defined in globals.css"],"fullName":"CSS Utility Classes — Defined in globals.css .btn-primary is defined","status":"passed","title":".btn-primary is defined","duration":0.11170000000004165,"failureMessages":[],"meta":{}},{"ancestorTitles":["CSS Utility Classes — Defined in globals.css"],"fullName":"CSS Utility Classes — Defined in globals.css .btn-ghost is defined","status":"passed","title":".btn-ghost is defined","duration":0.10269999999997026,"failureMessages":[],"meta":{}},{"ancestorTitles":["CSS Utility Classes — Defined in globals.css"],"fullName":"CSS Utility Classes — Defined in globals.css .badge-easy is defined","status":"passed","title":".badge-easy is defined","duration":0.09979999999995925,"failureMessages":[],"meta":{}},{"ancestorTitles":["CSS Utility Classes — Defined in globals.css"],"fullName":"CSS Utility Classes — Defined in globals.css .badge-medium is defined","status":"passed","title":".badge-medium is defined","duration":0.10470000000003665,"failureMessages":[],"meta":{}},{"ancestorTitles":["CSS Utility Classes — Defined in globals.css"],"fullName":"CSS Utility Classes — Defined in globals.css .badge-hard is defined","status":"passed","title":".badge-hard is defined","duration":0.10379999999997835,"failureMessages":[],"meta":{}},{"ancestorTitles":["CSS Utility Classes — Defined in globals.css"],"fullName":"CSS Utility Classes — Defined in globals.css .page-container is defined","status":"passed","title":".page-container is defined","duration":0.1401000000000181,"failureMessages":[],"meta":{}},{"ancestorTitles":["CSS Utility Classes — Defined in globals.css"],"fullName":"CSS Utility Classes — Defined in globals.css .glow-accent is defined","status":"passed","title":".glow-accent is defined","duration":0.11410000000000764,"failureMessages":[],"meta":{}},{"ancestorTitles":["CSS Utility Classes — Known Missing (bug documentation)"],"fullName":"CSS Utility Classes — Known Missing (bug documentation) no known missing classes (update MISSING_CLASSES if a regression is found)","status":"passed","title":"no known missing classes (update MISSING_CLASSES if a regression is found)","duration":1.3693000000000097,"failureMessages":[],"meta":{}},{"ancestorTitles":["CSS Variables — Defined in globals.css"],"fullName":"CSS Variables — Defined in globals.css --surface-base is defined","status":"passed","title":"--surface-base is defined","duration":0.19710000000003447,"failureMessages":[],"meta":{}},{"ancestorTitles":["CSS Variables — Defined in globals.css"],"fullName":"CSS Variables — Defined in globals.css --surface-1 is defined","status":"passed","title":"--surface-1 is defined","duration":0.12430000000000518,"failureMessages":[],"meta":{}},{"ancestorTitles":["CSS Variables — Defined in globals.css"],"fullName":"CSS Variables — Defined in globals.css --surface-2 is defined","status":"passed","title":"--surface-2 is defined","duration":0.11020000000002028,"failureMessages":[],"meta":{}},{"ancestorTitles":["CSS Variables — Defined in globals.css"],"fullName":"CSS Variables — Defined in globals.css --surface-3 is defined","status":"passed","title":"--surface-3 is defined","duration":0.10779999999999745,"failureMessages":[],"meta":{}},{"ancestorTitles":["CSS Variables — Defined in globals.css"],"fullName":"CSS Variables — Defined in globals.css --accent-primary is defined","status":"passed","title":"--accent-primary is defined","duration":0.11020000000002028,"failureMessages":[],"meta":{}},{"ancestorTitles":["CSS Variables — Defined in globals.css"],"fullName":"CSS Variables — Defined in globals.css --accent-secondary is defined","status":"passed","title":"--accent-secondary is defined","duration":0.11079999999998336,"failureMessages":[],"meta":{}},{"ancestorTitles":["CSS Variables — Defined in globals.css"],"fullName":"CSS Variables — Defined in globals.css --accent-glow is defined","status":"passed","title":"--accent-glow is defined","duration":0.1209999999999809,"failureMessages":[],"meta":{}},{"ancestorTitles":["CSS Variables — Defined in globals.css"],"fullName":"CSS Variables — Defined in globals.css --spring is defined","status":"passed","title":"--spring is defined","duration":0.1150000000000091,"failureMessages":[],"meta":{}},{"ancestorTitles":["CSS Variables — Defined in globals.css"],"fullName":"CSS Variables — Defined in globals.css --ease-out is defined","status":"passed","title":"--ease-out is defined","duration":0.11630000000002383,"failureMessages":[],"meta":{}},{"ancestorTitles":["CSS Variables — Defined in globals.css"],"fullName":"CSS Variables — Defined in globals.css --shadow-card is defined","status":"passed","title":"--shadow-card is defined","duration":0.29560000000003583,"failureMessages":[],"meta":{}},{"ancestorTitles":["CSS Variables — Defined in globals.css"],"fullName":"CSS Variables — Defined in globals.css --shadow-glow is defined","status":"passed","title":"--shadow-glow is defined","duration":0.1220000000000141,"failureMessages":[],"meta":{}},{"ancestorTitles":["CSS Variables — Defined in globals.css"],"fullName":"CSS Variables — Defined in globals.css --navbar-h is defined","status":"passed","title":"--navbar-h is defined","duration":0.09639999999996007,"failureMessages":[],"meta":{}},{"ancestorTitles":["CSS Variables — Defined in globals.css"],"fullName":"CSS Variables — Defined in globals.css --surface-edge is defined","status":"passed","title":"--surface-edge is defined","duration":0.12430000000000518,"failureMessages":[],"meta":{}},{"ancestorTitles":["CSS globals.css — Structural integrity"],"fullName":"CSS globals.css — Structural integrity globals.css is non-empty","status":"passed","title":"globals.css is non-empty","duration":0.26089999999999236,"failureMessages":[],"meta":{}},{"ancestorTitles":["CSS globals.css — Structural integrity"],"fullName":"CSS globals.css — Structural integrity Tailwind directives are present (@import \"tailwindcss\" or @tailwind)","status":"passed","title":"Tailwind directives are present (@import \"tailwindcss\" or @tailwind)","duration":0.3232999999999606,"failureMessages":[],"meta":{}},{"ancestorTitles":["CSS globals.css — Structural integrity"],"fullName":"CSS globals.css — Structural integrity :root block is present for CSS variable declarations","status":"passed","title":":root block is present for CSS variable declarations","duration":0.14690000000001646,"failureMessages":[],"meta":{}},{"ancestorTitles":["CSS globals.css — Structural integrity"],"fullName":"CSS globals.css — Structural integrity .dark block is present for dark mode overrides","status":"passed","title":".dark block is present for dark mode overrides","duration":0.19959999999997535,"failureMessages":[],"meta":{}},{"ancestorTitles":["CSS globals.css — Structural integrity"],"fullName":"CSS globals.css — Structural integrity Custom scrollbar styles are present for both webkit and base","status":"passed","title":"Custom scrollbar styles are present for both webkit and base","duration":0.15379999999998972,"failureMessages":[],"meta":{}}],"startTime":1772427080574,"endTime":1772427080587.1538,"status":"passed","message":"","name":"D:/algomind/src/app/__tests__/css-utilities.test.ts"},{"assertionResults":[{"ancestorTitles":["HomePage — Unauthenticated"],"fullName":"HomePage — Unauthenticated 1. Hero section renders with headline containing \"Interview\"","status":"passed","title":"1. Hero section renders with headline containing \"Interview\"","duration":749.8020000000006,"failureMessages":[],"meta":{}},{"ancestorTitles":["HomePage — Unauthenticated"],"fullName":"HomePage — Unauthenticated 2. \"Try for Free\" button renders","status":"passed","title":"2. \"Try for Free\" button renders","duration":324.64649999999983,"failureMessages":[],"meta":{}},{"ancestorTitles":["HomePage — Unauthenticated"],"fullName":"HomePage — Unauthenticated 3. 3D cube container element is present in DOM (check for perspective style)","status":"passed","title":"3. 3D cube container element is present in DOM (check for perspective style)","duration":78.73539999999957,"failureMessages":[],"meta":{}},{"ancestorTitles":["HomePage — Unauthenticated"],"fullName":"HomePage — Unauthenticated 4. Feature cards section renders 3 feature headings","status":"passed","title":"4. Feature cards section renders 3 feature headings","duration":102.42270000000008,"failureMessages":[],"meta":{}},{"ancestorTitles":["HomePage — Unauthenticated"],"fullName":"HomePage — Unauthenticated 5. Stats section renders 3 stat blocks","status":"passed","title":"5. Stats section renders 3 stat blocks","duration":179.77710000000025,"failureMessages":[],"meta":{}},{"ancestorTitles":["HomePage — Unauthenticated"],"fullName":"HomePage — Unauthenticated 6. CTA section renders with \"Get Started Free\" text","status":"passed","title":"6. CTA section renders with \"Get Started Free\" text","duration":250.88250000000062,"failureMessages":[],"meta":{}},{"ancestorTitles":["HomePage — Unauthenticated"],"fullName":"HomePage — Unauthenticated 7. Page has 6 distinct sections (includes PWA card)","status":"passed","title":"7. Page has 6 distinct sections (includes PWA card)","duration":96.45290000000023,"failureMessages":[],"meta":{}},{"ancestorTitles":["HomePage — Authenticated"],"fullName":"HomePage — Authenticated 1 & 2. Authenticated user sees \"Go to Dashboard\" button (no redirect)","status":"passed","title":"1 & 2. Authenticated user sees \"Go to Dashboard\" button (no redirect)","duration":234.39620000000014,"failureMessages":[],"meta":{}},{"ancestorTitles":["HomePage — Authenticated"],"fullName":"HomePage — Authenticated 3. Still renders marketing content when authenticated (6 sections)","status":"passed","title":"3. Still renders marketing content when authenticated (6 sections)","duration":127.8764999999994,"failureMessages":[],"meta":{}},{"ancestorTitles":["HomePage — Authenticated"],"fullName":"HomePage — Authenticated 4. Page still renders hero content even when loading=true (no blocking spinner)","status":"passed","title":"4. Page still renders hero content even when loading=true (no blocking spinner)","duration":189.8692000000001,"failureMessages":[],"meta":{}},{"ancestorTitles":["HomePage — Authenticated"],"fullName":"HomePage — Authenticated 5. IntroAnimation shown when shouldShowOnboarding() returns true","status":"passed","title":"5. IntroAnimation shown when shouldShowOnboarding() returns true","duration":85.6907000000001,"failureMessages":[],"meta":{}}],"startTime":1772427072758,"endTime":1772427075180.6907,"status":"passed","message":"","name":"D:/algomind/src/app/__tests__/page.test.tsx"},{"assertionResults":[{"ancestorTitles":["getProviderConfigSync"],"fullName":"getProviderConfigSync returns browser TTS when all flags off","status":"passed","title":"returns browser TTS when all flags off","duration":2.0424000000000433,"failureMessages":[],"meta":{}},{"ancestorTitles":["getProviderConfigSync"],"fullName":"getProviderConfigSync returns groq TTS when ENABLE_GROQ_TTS=true","status":"passed","title":"returns groq TTS when ENABLE_GROQ_TTS=true","duration":0.41430000000002565,"failureMessages":[],"meta":{}},{"ancestorTitles":["getProviderConfigSync"],"fullName":"getProviderConfigSync returns browser TTS (not aws-polly) when groq is on even if polly flag also on","status":"passed","title":"returns browser TTS (not aws-polly) when groq is on even if polly flag also on","duration":0.26720000000000255,"failureMessages":[],"meta":{}},{"ancestorTitles":["getProviderConfigSync"],"fullName":"getProviderConfigSync returns aws-polly when only AWS flag is on","status":"passed","title":"returns aws-polly when only AWS flag is on","duration":0.4977999999999838,"failureMessages":[],"meta":{}},{"ancestorTitles":["getProviderConfigSync"],"fullName":"getProviderConfigSync returns groq-whisper STT when ENABLE_WHISPER_STT=true","status":"passed","title":"returns groq-whisper STT when ENABLE_WHISPER_STT=true","duration":0.27979999999990923,"failureMessages":[],"meta":{}},{"ancestorTitles":["getProviderConfigSync"],"fullName":"getProviderConfigSync returns browser STT when whisper off","status":"passed","title":"returns browser STT when whisper off","duration":0.20429999999998927,"failureMessages":[],"meta":{}},{"ancestorTitles":["getProviderConfigSync"],"fullName":"getProviderConfigSync returns supabase storage by default","status":"passed","title":"returns supabase storage by default","duration":0.29539999999997235,"failureMessages":[],"meta":{}},{"ancestorTitles":["getProviderConfigSync"],"fullName":"getProviderConfigSync returns aws-s3 when ENABLE_AWS_S3_STORAGE=true","status":"passed","title":"returns aws-s3 when ENABLE_AWS_S3_STORAGE=true","duration":0.24139999999999873,"failureMessages":[],"meta":{}},{"ancestorTitles":["getProviderConfigSync"],"fullName":"getProviderConfigSync awsEnabled=false when all AWS flags off","status":"passed","title":"awsEnabled=false when all AWS flags off","duration":0.596300000000042,"failureMessages":[],"meta":{}},{"ancestorTitles":["getProviderConfigSync"],"fullName":"getProviderConfigSync awsEnabled=true when any single AWS flag on","status":"passed","title":"awsEnabled=true when any single AWS flag on","duration":0.45039999999994507,"failureMessages":[],"meta":{}}],"startTime":1772427081268,"endTime":1772427081273.4504,"status":"passed","message":"","name":"D:/algomind/src/config/__tests__/providers.test.ts"},{"assertionResults":[{"ancestorTitles":["useAdmin — smoke"],"fullName":"useAdmin — smoke returns isAdmin: false by default","status":"passed","title":"returns isAdmin: false by default","duration":47.26389999999992,"failureMessages":[],"meta":{}},{"ancestorTitles":["useAdmin — smoke"],"fullName":"useAdmin — smoke returns loading: true initially","status":"passed","title":"returns loading: true initially","duration":8.571200000000317,"failureMessages":[],"meta":{}},{"ancestorTitles":["useAdmin — smoke"],"fullName":"useAdmin — smoke returns refetch function","status":"passed","title":"returns refetch function","duration":4.901800000000094,"failureMessages":[],"meta":{}}],"startTime":1772427079999,"endTime":1772427080059.9019,"status":"passed","message":"","name":"D:/algomind/src/hooks/__tests__/useAdmin.test.ts"},{"assertionResults":[{"ancestorTitles":["useAssessment — smoke"],"fullName":"useAssessment — smoke does not throw on mount","status":"passed","title":"does not throw on mount","duration":28.097200000000157,"failureMessages":[],"meta":{}},{"ancestorTitles":["useAssessment — smoke"],"fullName":"useAssessment — smoke returns correct default shape","status":"passed","title":"returns correct default shape","duration":3.9085000000000036,"failureMessages":[],"meta":{}}],"startTime":1772427080403,"endTime":1772427080435.9084,"status":"passed","message":"","name":"D:/algomind/src/hooks/__tests__/useAssessment.test.ts"},{"assertionResults":[{"ancestorTitles":["useFeatureFlag — smoke"],"fullName":"useFeatureFlag — smoke returns enabled property","status":"passed","title":"returns enabled property","duration":28.39940000000024,"failureMessages":[],"meta":{}},{"ancestorTitles":["useFeatureFlag — smoke"],"fullName":"useFeatureFlag — smoke returns toggle function","status":"passed","title":"returns toggle function","duration":4.016900000000078,"failureMessages":[],"meta":{}}],"startTime":1772427081081,"endTime":1772427081114.0168,"status":"passed","message":"","name":"D:/algomind/src/hooks/__tests__/useFeatureFlag.test.ts"},{"assertionResults":[{"ancestorTitles":["useGuestSession — smoke"],"fullName":"useGuestSession — smoke does not throw on mount","status":"passed","title":"does not throw on mount","duration":45.523699999999735,"failureMessages":[],"meta":{}},{"ancestorTitles":["useGuestSession — smoke"],"fullName":"useGuestSession — smoke returns correct default shape for non-guest","status":"passed","title":"returns correct default shape for non-guest","duration":3.853399999999965,"failureMessages":[],"meta":{}},{"ancestorTitles":["useGuestSession — smoke"],"fullName":"useGuestSession — smoke GUEST_SESSION_LIMITS.MAX_USER_TURNS is 5 (hackathon guest mode)","status":"passed","title":"GUEST_SESSION_LIMITS.MAX_USER_TURNS is 5 (hackathon guest mode)","duration":0.42790000000013606,"failureMessages":[],"meta":{}}],"startTime":1772427080808,"endTime":1772427080857.428,"status":"passed","message":"","name":"D:/algomind/src/hooks/__tests__/useGuestSession.test.ts"},{"assertionResults":[{"ancestorTitles":["useGuestTrial — smoke"],"fullName":"useGuestTrial — smoke does not throw on mount","status":"passed","title":"does not throw on mount","duration":16.423299999999927,"failureMessages":[],"meta":{}},{"ancestorTitles":["useGuestTrial — smoke"],"fullName":"useGuestTrial — smoke returns correct default shape for non-guest","status":"passed","title":"returns correct default shape for non-guest","duration":2.4452000000001135,"failureMessages":[],"meta":{}}],"startTime":1772427081572,"endTime":1772427081591.4453,"status":"passed","message":"","name":"D:/algomind/src/hooks/__tests__/useGuestTrial.test.ts"},{"assertionResults":[{"ancestorTitles":["useInterview — guest mode limits"],"fullName":"useInterview — guest mode limits INTERVIEW_MAX_ROUNDS is 5 when maxRounds=5 passed","status":"passed","title":"INTERVIEW_MAX_ROUNDS is 5 when maxRounds=5 passed","duration":34.10550000000012,"failureMessages":[],"meta":{}},{"ancestorTitles":["useInterview — guest mode limits"],"fullName":"useInterview — guest mode limits guestMode is passed in callChatApi body when isGuest=true","status":"passed","title":"guestMode is passed in callChatApi body when isGuest=true","duration":5.914299999999912,"failureMessages":[],"meta":{}}],"startTime":1772427080967,"endTime":1772427081006.9143,"status":"passed","message":"","name":"D:/algomind/src/hooks/__tests__/useInterview.guest.test.ts"},{"assertionResults":[{"ancestorTitles":["useInterview — mic lifecycle"],"fullName":"useInterview — mic lifecycle initialises in idle state with mic disabled","status":"passed","title":"initialises in idle state with mic disabled","duration":37.27549999999974,"failureMessages":[],"meta":{}},{"ancestorTitles":["useInterview — mic lifecycle"],"fullName":"useInterview — mic lifecycle does not auto-submit when lastResultTime is 0 (no speech yet)","status":"passed","title":"does not auto-submit when lastResultTime is 0 (no speech yet)","duration":6.388899999999921,"failureMessages":[],"meta":{}},{"ancestorTitles":["useInterview — mic lifecycle"],"fullName":"useInterview — mic lifecycle submitUserResponse reference is stable across re-renders","status":"passed","title":"submitUserResponse reference is stable across re-renders","duration":7.751400000000103,"failureMessages":[],"meta":{}},{"ancestorTitles":["useInterview — mic lifecycle"],"fullName":"useInterview — mic lifecycle endInterview is a no-op when roundCount < 1","status":"passed","title":"endInterview is a no-op when roundCount < 1","duration":4.31060000000025,"failureMessages":[],"meta":{}},{"ancestorTitles":["useInterview — mic lifecycle"],"fullName":"useInterview — mic lifecycle voice.startListening sets isMicEnabled to true","status":"passed","title":"voice.startListening sets isMicEnabled to true","duration":5.817900000000009,"failureMessages":[],"meta":{}}],"startTime":1772427078779,"endTime":1772427078840.8179,"status":"passed","message":"","name":"D:/algomind/src/hooks/__tests__/useInterview.mic.test.ts"},{"assertionResults":[{"ancestorTitles":["useInterviewLimits — smoke + behaviour"],"fullName":"useInterviewLimits — smoke + behaviour mounts without throwing","status":"passed","title":"mounts without throwing","duration":41.6887999999999,"failureMessages":[],"meta":{}},{"ancestorTitles":["useInterviewLimits — smoke + behaviour"],"fullName":"useInterviewLimits — smoke + behaviour default state: not time up, not turns up, timer stopped","status":"passed","title":"default state: not time up, not turns up, timer stopped","duration":6.90079999999989,"failureMessages":[],"meta":{}},{"ancestorTitles":["useInterviewLimits — smoke + behaviour"],"fullName":"useInterviewLimits — smoke + behaviour incrementTurn increases turnsUsed","status":"passed","title":"incrementTurn increases turnsUsed","duration":17.580399999999827,"failureMessages":[],"meta":{}},{"ancestorTitles":["useInterviewLimits — smoke + behaviour"],"fullName":"useInterviewLimits — smoke + behaviour reset brings turnsUsed back to 0","status":"passed","title":"reset brings turnsUsed back to 0","duration":4.479400000000169,"failureMessages":[],"meta":{}},{"ancestorTitles":["useInterviewLimits — smoke + behaviour"],"fullName":"useInterviewLimits — smoke + behaviour respects maxDurationMins option — formattedRemaining reflects custom limit","status":"passed","title":"respects maxDurationMins option — formattedRemaining reflects custom limit","duration":5.146799999999985,"failureMessages":[],"meta":{}},{"ancestorTitles":["useInterviewLimits — smoke + behaviour"],"fullName":"useInterviewLimits — smoke + behaviour isTurnsUp becomes true after MAX_TURNS increments","status":"passed","title":"isTurnsUp becomes true after MAX_TURNS increments","duration":6.670799999999872,"failureMessages":[],"meta":{}}],"startTime":1772427079822,"endTime":1772427079904.671,"status":"passed","message":"","name":"D:/algomind/src/hooks/__tests__/useInterviewLimits.test.ts"},{"assertionResults":[{"ancestorTitles":["useProgress — smoke"],"fullName":"useProgress — smoke does not throw on mount","status":"passed","title":"does not throw on mount","duration":15.72400000000016,"failureMessages":[],"meta":{}},{"ancestorTitles":["useProgress — smoke"],"fullName":"useProgress — smoke returns correct default shape","status":"passed","title":"returns correct default shape","duration":2.682499999999891,"failureMessages":[],"meta":{}}],"startTime":1772427081732,"endTime":1772427081750.6826,"status":"passed","message":"","name":"D:/algomind/src/hooks/__tests__/useProgress.test.ts"},{"assertionResults":[{"ancestorTitles":["useReviewCount"],"fullName":"useReviewCount returns 0 when no reviews are due","status":"passed","title":"returns 0 when no reviews are due","duration":89.31910000000016,"failureMessages":[],"meta":{}},{"ancestorTitles":["useReviewCount"],"fullName":"useReviewCount returns correct count from getReviewQueue action","status":"passed","title":"returns correct count from getReviewQueue action","duration":63.10929999999962,"failureMessages":[],"meta":{}},{"ancestorTitles":["useReviewCount"],"fullName":"useReviewCount caches result for 5 minutes (second call within 5 mins = same result)","status":"passed","title":"caches result for 5 minutes (second call within 5 mins = same result)","duration":145.67579999999998,"failureMessages":[],"meta":{}},{"ancestorTitles":["useReviewCount"],"fullName":"useReviewCount isLoading is true during fetch, false after","status":"passed","title":"isLoading is true during fetch, false after","duration":90.32790000000023,"failureMessages":[],"meta":{}}],"startTime":1772427071841,"endTime":1772427072230.328,"status":"passed","message":"","name":"D:/algomind/src/hooks/__tests__/useReviewCount.test.ts"},{"assertionResults":[{"ancestorTitles":["useSessionPersistence — smoke"],"fullName":"useSessionPersistence — smoke does not throw on mount (returns void)","status":"passed","title":"does not throw on mount (returns void)","duration":12.762500000000273,"failureMessages":[],"meta":{}},{"ancestorTitles":["useSessionPersistence — smoke"],"fullName":"useSessionPersistence — smoke returns undefined (void hook)","status":"passed","title":"returns undefined (void hook)","duration":1.5994000000000597,"failureMessages":[],"meta":{}}],"startTime":1772427081872,"endTime":1772427081886.5994,"status":"passed","message":"","name":"D:/algomind/src/hooks/__tests__/useSessionPersistence.test.ts"},{"assertionResults":[{"ancestorTitles":["useSwipeNavigation"],"fullName":"useSwipeNavigation 1. Returns correct currentIndex for activeTab","status":"passed","title":"1. Returns correct currentIndex for activeTab","duration":61.929999999999836,"failureMessages":[],"meta":{}},{"ancestorTitles":["useSwipeNavigation"],"fullName":"useSwipeNavigation 2. Swipe left (diffX < -60, horizontal dominant) → calls onTabChange with next tab","status":"passed","title":"2. Swipe left (diffX < -60, horizontal dominant) → calls onTabChange with next tab","duration":24.791099999999915,"failureMessages":[],"meta":{}},{"ancestorTitles":["useSwipeNavigation"],"fullName":"useSwipeNavigation 3. Swipe right (diffX > 60, horizontal dominant) → calls onTabChange with previous tab","status":"passed","title":"3. Swipe right (diffX > 60, horizontal dominant) → calls onTabChange with previous tab","duration":18.10849999999982,"failureMessages":[],"meta":{}},{"ancestorTitles":["useSwipeNavigation"],"fullName":"useSwipeNavigation 4. Swipe less than threshold (40px) → does NOT call onTabChange","status":"passed","title":"4. Swipe less than threshold (40px) → does NOT call onTabChange","duration":12.995699999999943,"failureMessages":[],"meta":{}},{"ancestorTitles":["useSwipeNavigation"],"fullName":"useSwipeNavigation 5. Vertical swipe (diffY > diffX * 1.5) → does NOT call onTabChange","status":"passed","title":"5. Vertical swipe (diffY > diffX * 1.5) → does NOT call onTabChange","duration":9.84900000000016,"failureMessages":[],"meta":{}},{"ancestorTitles":["useSwipeNavigation"],"fullName":"useSwipeNavigation 6. On first tab, swipe right → does NOT call onTabChange (no previous)","status":"passed","title":"6. On first tab, swipe right → does NOT call onTabChange (no previous)","duration":5.074800000000323,"failureMessages":[],"meta":{}},{"ancestorTitles":["useSwipeNavigation"],"fullName":"useSwipeNavigation 7. On last tab, swipe left → does NOT call onTabChange (no next)","status":"passed","title":"7. On last tab, swipe left → does NOT call onTabChange (no next)","duration":4.31269999999995,"failureMessages":[],"meta":{}},{"ancestorTitles":["useSwipeNavigation"],"fullName":"useSwipeNavigation 8. disabled=true → swipe does NOT call onTabChange","status":"passed","title":"8. disabled=true → swipe does NOT call onTabChange","duration":3.7525000000000546,"failureMessages":[],"meta":{}},{"ancestorTitles":["useSwipeNavigation"],"fullName":"useSwipeNavigation 9. dragOffset returns a non-zero value during pointer move (resistance preview)","status":"passed","title":"9. dragOffset returns a non-zero value during pointer move (resistance preview)","duration":8.471199999999953,"failureMessages":[],"meta":{}},{"ancestorTitles":["useSwipeNavigation"],"fullName":"useSwipeNavigation 10. dragOffset resets to 0 on pointerUp and pointerCancel","status":"passed","title":"10. dragOffset resets to 0 on pointerUp and pointerCancel","duration":12.156599999999798,"failureMessages":[],"meta":{}}],"startTime":1772427077832,"endTime":1772427077994.1565,"status":"passed","message":"","name":"D:/algomind/src/hooks/__tests__/useSwipeNavigation.test.tsx"},{"assertionResults":[{"ancestorTitles":["Design Tokens","COLORS"],"fullName":"Design Tokens COLORS chart array has exactly 8 entries containing valid hex strings","status":"passed","title":"chart array has exactly 8 entries containing valid hex strings","duration":4.430900000000008,"failureMessages":[],"meta":{}},{"ancestorTitles":["Design Tokens","COLORS"],"fullName":"Design Tokens COLORS skills object contains exactly 8 keys matching SKILL_DEFINITIONS","status":"passed","title":"skills object contains exactly 8 keys matching SKILL_DEFINITIONS","duration":1.5237999999999943,"failureMessages":[],"meta":{}},{"ancestorTitles":["Design Tokens","COLORS"],"fullName":"Design Tokens COLORS accent has primary, secondary, glow, glowHi","status":"passed","title":"accent has primary, secondary, glow, glowHi","duration":0.5908000000000015,"failureMessages":[],"meta":{}},{"ancestorTitles":["Design Tokens","COLORS"],"fullName":"Design Tokens COLORS difficulty has easy, medium, hard with exact values","status":"passed","title":"difficulty has easy, medium, hard with exact values","duration":0.577699999999993,"failureMessages":[],"meta":{}},{"ancestorTitles":["Design Tokens","SPRING Transitions"],"fullName":"Design Tokens SPRING Transitions gentle, bouncy, stiff, slow all have type: spring, stiffness, damping","status":"passed","title":"gentle, bouncy, stiff, slow all have type: spring, stiffness, damping","duration":1.8153999999999542,"failureMessages":[],"meta":{}},{"ancestorTitles":["Design Tokens","SPRING Transitions"],"fullName":"Design Tokens SPRING Transitions contains no NaN values","status":"passed","title":"contains no NaN values","duration":0.6283999999999992,"failureMessages":[],"meta":{}},{"ancestorTitles":["Design Tokens","ANIM Object"],"fullName":"Design Tokens ANIM Object has exactly 5 distinct animations","status":"passed","title":"has exactly 5 distinct animations","duration":1.2638999999999783,"failureMessages":[],"meta":{}},{"ancestorTitles":["Design Tokens","ANIM Object"],"fullName":"Design Tokens ANIM Object all animations have initial, animate, exit definitions","status":"passed","title":"all animations have initial, animate, exit definitions","duration":0.7936000000000263,"failureMessages":[],"meta":{}},{"ancestorTitles":["Design Tokens","ANIM Object"],"fullName":"Design Tokens ANIM Object contains no undefined values in the config","status":"passed","title":"contains no undefined values in the config","duration":1.6188999999999965,"failureMessages":[],"meta":{}},{"ancestorTitles":["Design Tokens","staggerChildren function"],"fullName":"Design Tokens staggerChildren function returns proper transition object with default parameters","status":"passed","title":"returns proper transition object with default parameters","duration":0.49459999999999127,"failureMessages":[],"meta":{}},{"ancestorTitles":["Design Tokens","staggerChildren function"],"fullName":"Design Tokens staggerChildren function applies custom values properly","status":"passed","title":"applies custom values properly","duration":0.24450000000001637,"failureMessages":[],"meta":{}}],"startTime":1772427080386,"endTime":1772427080401.2444,"status":"passed","message":"","name":"D:/algomind/src/lib/__tests__/design-tokens.test.ts"},{"assertionResults":[{"ancestorTitles":["Migration 003 schema"],"fullName":"Migration 003 schema assessments has sub_criteria column","status":"failed","title":"assessments has sub_criteria column","duration":10.848099999999988,"failureMessages":["Error: connect ECONNREFUSED 127.0.0.1:54322\n    at TCPConnectWrap.afterConnect [as oncomplete] (node:net:1637:16)\n    at cachedError (file:///D:/algomind/node_modules/postgres/src/query.js:170:23)\n    at new Query (file:///D:/algomind/node_modules/postgres/src/query.js:36:24)\n    at sql (file:///D:/algomind/node_modules/postgres/src/index.js:112:11)\n    at D:/algomind/src/lib/__tests__/migrations.test.ts:14:28"],"meta":{}},{"ancestorTitles":["Migration 003 schema"],"fullName":"Migration 003 schema assessments has hire_decision with valid constraint","status":"failed","title":"assessments has hire_decision with valid constraint","duration":10.268100000000004,"failureMessages":["AssertionError: expected 'connect ECONNREFUSED 127.0.0.1:54322' to contain 'assessments_hire_decision_check'\n    at D:/algomind/src/lib/__tests__/migrations.test.ts:29:31\n    at processTicksAndRejections (node:internal/process/task_queues:105:5)\n    at file:///D:/algomind/node_modules/@vitest/runner/dist/index.js:915:20"],"meta":{}},{"ancestorTitles":["Migration 003 schema"],"fullName":"Migration 003 schema skill_repetition table exists with correct PK","status":"failed","title":"skill_repetition table exists with correct PK","duration":3.32650000000001,"failureMessages":["Error: connect ECONNREFUSED 127.0.0.1:54322\n    at TCPConnectWrap.afterConnect [as oncomplete] (node:net:1637:16)\n    at cachedError (file:///D:/algomind/node_modules/postgres/src/query.js:170:23)\n    at new Query (file:///D:/algomind/node_modules/postgres/src/query.js:36:24)\n    at sql (file:///D:/algomind/node_modules/postgres/src/index.js:112:11)\n    at D:/algomind/src/lib/__tests__/migrations.test.ts:33:26"],"meta":{}},{"ancestorTitles":["Migration 003 schema"],"fullName":"Migration 003 schema skill_repetition rejects invalid skill_id","status":"passed","title":"skill_repetition rejects invalid skill_id","duration":11.269600000000025,"failureMessages":[],"meta":{}},{"ancestorTitles":["Migration 003 schema"],"fullName":"Migration 003 schema learner_profiles has kai_memory_structured column","status":"failed","title":"learner_profiles has kai_memory_structured column","duration":7.3670999999999935,"failureMessages":["Error: connect ECONNREFUSED 127.0.0.1:54322\n    at TCPConnectWrap.afterConnect [as oncomplete] (node:net:1637:16)\n    at cachedError (file:///D:/algomind/node_modules/postgres/src/query.js:170:23)\n    at new Query (file:///D:/algomind/node_modules/postgres/src/query.js:36:24)\n    at sql (file:///D:/algomind/node_modules/postgres/src/index.js:112:11)\n    at D:/algomind/src/lib/__tests__/migrations.test.ts:64:28"],"meta":{}},{"ancestorTitles":["Migration 003 schema"],"fullName":"Migration 003 schema candidate_submissions has integrity_flags array","status":"failed","title":"candidate_submissions has integrity_flags array","duration":2.7840000000000487,"failureMessages":["Error: connect ECONNREFUSED 127.0.0.1:54322\n    at TCPConnectWrap.afterConnect [as oncomplete] (node:net:1637:16)\n    at cachedError (file:///D:/algomind/node_modules/postgres/src/query.js:170:23)\n    at new Query (file:///D:/algomind/node_modules/postgres/src/query.js:36:24)\n    at sql (file:///D:/algomind/node_modules/postgres/src/index.js:112:11)\n    at D:/algomind/src/lib/__tests__/migrations.test.ts:74:28"],"meta":{}},{"ancestorTitles":["Migration 003 schema"],"fullName":"Migration 003 schema compute_adjusted_score returns correct multipliers","status":"failed","title":"compute_adjusted_score returns correct multipliers","duration":11.583799999999997,"failureMessages":["Error: connect ECONNREFUSED 127.0.0.1:54322\n    at TCPConnectWrap.afterConnect [as oncomplete] (node:net:1637:16)\n    at cachedError (file:///D:/algomind/node_modules/postgres/src/query.js:170:23)\n    at new Query (file:///D:/algomind/node_modules/postgres/src/query.js:36:24)\n    at sql (file:///D:/algomind/node_modules/postgres/src/index.js:112:11)\n    at D:/algomind/src/lib/__tests__/migrations.test.ts:84:28"],"meta":{}},{"ancestorTitles":["Migration 003 schema"],"fullName":"Migration 003 schema get_user_sessions_with_assessment returns problem_difficulty","status":"failed","title":"get_user_sessions_with_assessment returns problem_difficulty","duration":16.082899999999995,"failureMessages":["Error: connect ECONNREFUSED 127.0.0.1:54322\n    at TCPConnectWrap.afterConnect [as oncomplete] (node:net:1637:16)\n    at cachedError (file:///D:/algomind/node_modules/postgres/src/query.js:170:23)\n    at new Query (file:///D:/algomind/node_modules/postgres/src/query.js:36:24)\n    at sql (file:///D:/algomind/node_modules/postgres/src/index.js:112:11)\n    at D:/algomind/src/lib/__tests__/migrations.test.ts:98:35"],"meta":{}},{"ancestorTitles":["Migration 003 schema"],"fullName":"Migration 003 schema score_benchmarks enforces difficulty constraint","status":"failed","title":"score_benchmarks enforces difficulty constraint","duration":4.733099999999979,"failureMessages":["AssertionError: expected 'connect ECONNREFUSED 127.0.0.1:54322' to contain 'score_benchmarks_difficulty_check'\n    at D:/algomind/src/lib/__tests__/migrations.test.ts:122:31\n    at processTicksAndRejections (node:internal/process/task_queues:105:5)\n    at file:///D:/algomind/node_modules/@vitest/runner/dist/index.js:915:20"],"meta":{}}],"startTime":1772427068531,"endTime":1772427068609.7332,"status":"failed","message":"","name":"D:/algomind/src/lib/__tests__/migrations.test.ts"},{"assertionResults":[{"ancestorTitles":["owner/rate-limits API"],"fullName":"owner/rate-limits API rejects unauthenticated users with 401 Unauthorized","status":"passed","title":"rejects unauthenticated users with 401 Unauthorized","duration":11.569200000000023,"failureMessages":[],"meta":{}},{"ancestorTitles":["owner/rate-limits API"],"fullName":"owner/rate-limits API allows sys admins and returns rate limit data","status":"passed","title":"allows sys admins and returns rate limit data","duration":3.8885999999999967,"failureMessages":[],"meta":{}},{"ancestorTitles":["owner/rate-limits API"],"fullName":"owner/rate-limits API handles database errors gracefully","status":"passed","title":"handles database errors gracefully","duration":8.599699999999984,"failureMessages":[],"meta":{}}],"startTime":1772427078707,"endTime":1772427078731.5996,"status":"passed","message":"","name":"D:/algomind/src/__tests__/api/permissions.test.ts"},{"assertionResults":[{"ancestorTitles":["verify-code API"],"fullName":"verify-code API rejects invalid code formats immediately via regex","status":"passed","title":"rejects invalid code formats immediately via regex","duration":12.914099999999962,"failureMessages":[],"meta":{}},{"ancestorTitles":["verify-code API"],"fullName":"verify-code API blocks rate-limited IPs","status":"passed","title":"blocks rate-limited IPs","duration":1.914700000000039,"failureMessages":[],"meta":{}},{"ancestorTitles":["verify-code API"],"fullName":"verify-code API accepts correctly formatted codes if not rate limited","status":"passed","title":"accepts correctly formatted codes if not rate limited","duration":2.393599999999992,"failureMessages":[],"meta":{}}],"startTime":1772427079956,"endTime":1772427079973.3936,"status":"passed","message":"","name":"D:/algomind/src/__tests__/api/verify-code.test.ts"},{"assertionResults":[{"ancestorTitles":["Learn Actions","getKaiMemory"],"fullName":"Learn Actions getKaiMemory should return empty string if user not found natively","status":"passed","title":"should return empty string if user not found natively","duration":6.136599999999987,"failureMessages":[],"meta":{}},{"ancestorTitles":["Learn Actions","getKaiMemory"],"fullName":"Learn Actions getKaiMemory should return existing memory if found","status":"passed","title":"should return existing memory if found","duration":2.612799999999993,"failureMessages":[],"meta":{}},{"ancestorTitles":["Learn Actions","updateKaiMemory"],"fullName":"Learn Actions updateKaiMemory should append and truncate memory","status":"passed","title":"should append and truncate memory","duration":1.2577999999999747,"failureMessages":[],"meta":{}},{"ancestorTitles":["Learn Actions","recordLearnSession"],"fullName":"Learn Actions recordLearnSession should insert into system_events","status":"passed","title":"should insert into system_events","duration":1.408399999999972,"failureMessages":[],"meta":{}}],"startTime":1772427080935,"endTime":1772427080947.4084,"status":"passed","message":"","name":"D:/algomind/src/app/actions/__tests__/learn.test.ts"},{"assertionResults":[{"ancestorTitles":["saveInterviewSession scores"],"fullName":"saveInterviewSession scores correctly maps adjusted_score to the assessments table insert payload","status":"passed","title":"correctly maps adjusted_score to the assessments table insert payload","duration":2.3560000000000514,"failureMessages":[],"meta":{}},{"ancestorTitles":["saveInterviewSession scores"],"fullName":"saveInterviewSession scores correctly maps rawScore to the spaced_repetition queue payload","status":"passed","title":"correctly maps rawScore to the spaced_repetition queue payload","duration":0.2785000000000082,"failureMessages":[],"meta":{}}],"startTime":1772427081378,"endTime":1772427081381.2786,"status":"passed","message":"","name":"D:/algomind/src/app/actions/__tests__/save-session.scores.test.ts"},{"assertionResults":[{"ancestorTitles":["Spaced Repetition Server Actions","upsertSpacedRepetition"],"fullName":"Spaced Repetition Server Actions upsertSpacedRepetition should call addToQueue and read back the new record","status":"passed","title":"should call addToQueue and read back the new record","duration":10.262499999999932,"failureMessages":[],"meta":{}},{"ancestorTitles":["Spaced Repetition Server Actions","upsertSpacedRepetition"],"fullName":"Spaced Repetition Server Actions upsertSpacedRepetition should return null if reading back fails","status":"passed","title":"should return null if reading back fails","duration":1.9935999999999012,"failureMessages":[],"meta":{}},{"ancestorTitles":["Spaced Repetition Server Actions","getReviewQueue"],"fullName":"Spaced Repetition Server Actions getReviewQueue should fetch due reviews checking against tomorrow","status":"passed","title":"should fetch due reviews checking against tomorrow","duration":4.290300000000002,"failureMessages":[],"meta":{}},{"ancestorTitles":["Spaced Repetition Server Actions","getReviewQueue"],"fullName":"Spaced Repetition Server Actions getReviewQueue should return an empty array on error","status":"passed","title":"should return an empty array on error","duration":1.5297999999999092,"failureMessages":[],"meta":{}},{"ancestorTitles":["Spaced Repetition Server Actions","getSpacedRepForProblem"],"fullName":"Spaced Repetition Server Actions getSpacedRepForProblem should return the SM2 record for a user and problem","status":"passed","title":"should return the SM2 record for a user and problem","duration":3.4767000000000507,"failureMessages":[],"meta":{}},{"ancestorTitles":["Spaced Repetition Server Actions","getSpacedRepForProblem"],"fullName":"Spaced Repetition Server Actions getSpacedRepForProblem should return null if the record does not exist","status":"passed","title":"should return null if the record does not exist","duration":1.054399999999987,"failureMessages":[],"meta":{}}],"startTime":1772427079393,"endTime":1772427079417.0544,"status":"passed","message":"","name":"D:/algomind/src/app/actions/__tests__/spaced-repetition.test.ts"},{"assertionResults":[{"ancestorTitles":["Chat API (/api/chat)"],"fullName":"Chat API (/api/chat) 1. Authenticated user, under rate limit -> streams AI response","status":"passed","title":"1. Authenticated user, under rate limit -> streams AI response","duration":18.45259999999996,"failureMessages":[],"meta":{}},{"ancestorTitles":["Chat API (/api/chat)"],"fullName":"Chat API (/api/chat) 2. Authenticated user, rate limit exceeded -> 429","status":"passed","title":"2. Authenticated user, rate limit exceeded -> 429","duration":3.67229999999995,"failureMessages":[],"meta":{}},{"ancestorTitles":["Chat API (/api/chat)"],"fullName":"Chat API (/api/chat) 3. Guest mode (guestMode: true) -> bypasses rate limit check","status":"passed","title":"3. Guest mode (guestMode: true) -> bypasses rate limit check","duration":3.7025999999999613,"failureMessages":[],"meta":{}},{"ancestorTitles":["Chat API (/api/chat)"],"fullName":"Chat API (/api/chat) 4. Invalid/missing messages array -> 400","status":"passed","title":"4. Invalid/missing messages array -> 400","duration":2.4722000000000435,"failureMessages":[],"meta":{}},{"ancestorTitles":["Chat API (/api/chat)"],"fullName":"Chat API (/api/chat) 5. AI client throws -> 500 with error message","status":"passed","title":"5. AI client throws -> 500 with error message","duration":9.329099999999926,"failureMessages":[],"meta":{}},{"ancestorTitles":["Chat API (/api/chat)"],"fullName":"Chat API (/api/chat) 6. RAG context injected when problemContext.ragContext provided","status":"passed","title":"6. RAG context injected when problemContext.ragContext provided","duration":6.114499999999907,"failureMessages":[],"meta":{}},{"ancestorTitles":["Chat API (/api/chat)"],"fullName":"Chat API (/api/chat) 7. Company persona applied when companyPersona param present","status":"passed","title":"7. Company persona applied when companyPersona param present","duration":3.975900000000024,"failureMessages":[],"meta":{}},{"ancestorTitles":["Chat API (/api/chat)"],"fullName":"Chat API (/api/chat) 8. System prompt override applied when systemPrompt provided","status":"passed","title":"8. System prompt override applied when systemPrompt provided","duration":3.6942000000000235,"failureMessages":[],"meta":{}},{"ancestorTitles":["Chat API (/api/chat)"],"fullName":"Chat API (/api/chat) 9. Rate limit increment called after successful response","status":"passed","title":"9. Rate limit increment called after successful response","duration":4.530300000000011,"failureMessages":[],"meta":{}},{"ancestorTitles":["Chat API (/api/chat)"],"fullName":"Chat API (/api/chat) 10. System event logged on AI error","status":"passed","title":"10. System event logged on AI error","duration":4.950799999999958,"failureMessages":[],"meta":{}}],"startTime":1772427077577,"endTime":1772427077637.9507,"status":"passed","message":"","name":"D:/algomind/src/app/api/__tests__/chat.test.ts"},{"assertionResults":[{"ancestorTitles":["Dashboard (RPC null-safety)"],"fullName":"Dashboard (RPC null-safety) shows empty state when progress is null (RPC returns null)","status":"passed","title":"shows empty state when progress is null (RPC returns null)","duration":259.8709999999992,"failureMessages":[],"meta":{}},{"ancestorTitles":["Dashboard (RPC null-safety)"],"fullName":"Dashboard (RPC null-safety) shows empty state when sessions array is empty","status":"passed","title":"shows empty state when sessions array is empty","duration":41.78600000000006,"failureMessages":[],"meta":{}},{"ancestorTitles":["Dashboard (RPC null-safety)"],"fullName":"Dashboard (RPC null-safety) renders sessions in timeline when data exists","status":"passed","title":"renders sessions in timeline when data exists","duration":78.53390000000036,"failureMessages":[],"meta":{}},{"ancestorTitles":["Dashboard (RPC null-safety)"],"fullName":"Dashboard (RPC null-safety) renders session with null overallScore without crash","status":"passed","title":"renders session with null overallScore without crash","duration":39.78519999999844,"failureMessages":[],"meta":{}}],"startTime":1772427076493,"endTime":1772427076912.7852,"status":"passed","message":"","name":"D:/algomind/src/app/dashboard/__tests__/dashboard.test.tsx"},{"assertionResults":[{"ancestorTitles":["SkillBar sub-criteria expansion"],"fullName":"SkillBar sub-criteria expansion 1. starts collapsed by default","status":"passed","title":"1. starts collapsed by default","duration":319.28279999999995,"failureMessages":[],"meta":{}},{"ancestorTitles":["SkillBar sub-criteria expansion"],"fullName":"SkillBar sub-criteria expansion 2. verifies that skill bar names render","status":"passed","title":"2. verifies that skill bar names render","duration":58.92159999999967,"failureMessages":[],"meta":{}}],"startTime":1772427072868,"endTime":1772427073246.9216,"status":"passed","message":"","name":"D:/algomind/src/components/analysis/__tests__/SkillBar.expanded.test.tsx"},{"assertionResults":[{"ancestorTitles":["DashboardNav"],"fullName":"DashboardNav 1. Renders the 4 main tab buttons: Overview, Skills, History, Insights","status":"passed","title":"1. Renders the 4 main tab buttons: Overview, Skills, History, Insights","duration":105.0047999999997,"failureMessages":[],"meta":{}},{"ancestorTitles":["DashboardNav"],"fullName":"DashboardNav 2. Active tab has gradient background style","status":"passed","title":"2. Active tab has gradient background style","duration":13.346400000000358,"failureMessages":[],"meta":{}},{"ancestorTitles":["DashboardNav"],"fullName":"DashboardNav 3. Inactive tabs do NOT have gradient background style","status":"passed","title":"3. Inactive tabs do NOT have gradient background style","duration":12.785799999999654,"failureMessages":[],"meta":{}},{"ancestorTitles":["DashboardNav"],"fullName":"DashboardNav 4. Clicking a tab calls onTabChange with correct tab ID","status":"passed","title":"4. Clicking a tab calls onTabChange with correct tab ID","duration":22.226400000000012,"failureMessages":[],"meta":{}},{"ancestorTitles":["DashboardNav"],"fullName":"DashboardNav 5. All tabs have accessible text labels (not just icons)","status":"passed","title":"5. All tabs have accessible text labels (not just icons)","duration":14.425000000000182,"failureMessages":[],"meta":{}},{"ancestorTitles":["DashboardNav"],"fullName":"DashboardNav 6. Overview tab has data-tour=\"tab-overview\" attribute","status":"passed","title":"6. Overview tab has data-tour=\"tab-overview\" attribute","duration":7.442600000000311,"failureMessages":[],"meta":{}},{"ancestorTitles":["DashboardNav"],"fullName":"DashboardNav 6b. All tabs have correct data-tour attributes","status":"passed","title":"6b. All tabs have correct data-tour attributes","duration":37.560199999999895,"failureMessages":[],"meta":{}},{"ancestorTitles":["DashboardNav"],"fullName":"DashboardNav 7. Total of 5 tab buttons rendered (including Assessments)","status":"passed","title":"7. Total of 5 tab buttons rendered (including Assessments)","duration":9.552899999999681,"failureMessages":[],"meta":{}},{"ancestorTitles":["DashboardNav"],"fullName":"DashboardNav 8. Passing activeTab=\"skills\" marks Skills button as active with gradient","status":"passed","title":"8. Passing activeTab=\"skills\" marks Skills button as active with gradient","duration":9.14409999999998,"failureMessages":[],"meta":{}}],"startTime":1772427076563,"endTime":1772427076794.144,"status":"passed","message":"","name":"D:/algomind/src/components/dashboard/__tests__/DashboardNav.test.tsx"},{"assertionResults":[{"ancestorTitles":["PDFReport"],"fullName":"PDFReport 1. Renders without crashing with minimal UserProgress prop","status":"passed","title":"1. Renders without crashing with minimal UserProgress prop","duration":222.4474999999993,"failureMessages":[],"meta":{}},{"ancestorTitles":["PDFReport"],"fullName":"PDFReport 2. \"AlgoMind\" branding appears in the header title","status":"passed","title":"2. \"AlgoMind\" branding appears in the header title","duration":63.51879999999983,"failureMessages":[],"meta":{}},{"ancestorTitles":["PDFReport"],"fullName":"PDFReport 3. Overall score appears as a formatted number (averageScore.toFixed(1))","status":"passed","title":"3. Overall score appears as a formatted number (averageScore.toFixed(1))","duration":53.41439999999966,"failureMessages":[],"meta":{}},{"ancestorTitles":["PDFReport"],"fullName":"PDFReport 4. All 8 skill sections render (one per SKILL_DEFINITIONS key)","status":"passed","title":"4. All 8 skill sections render (one per SKILL_DEFINITIONS key)","duration":56.003600000000006,"failureMessages":[],"meta":{}},{"ancestorTitles":["PDFReport"],"fullName":"PDFReport 5. Session count stat is present","status":"passed","title":"5. Session count stat is present","duration":45.482200000000375,"failureMessages":[],"meta":{}},{"ancestorTitles":["PDFReport"],"fullName":"PDFReport 6. AlgoMind branding is present in footer","status":"passed","title":"6. AlgoMind branding is present in footer","duration":62.2515999999996,"failureMessages":[],"meta":{}},{"ancestorTitles":["PDFReport"],"fullName":"PDFReport 7. Date formatting is correct — uses date-fns format(), produces human-readable date","status":"passed","title":"7. Date formatting is correct — uses date-fns format(), produces human-readable date","duration":47.529599999999846,"failureMessages":[],"meta":{}},{"ancestorTitles":["PDFReport"],"fullName":"PDFReport 8. (Design-token intent) COLORS.semantic.success is a valid hex for high-score indicator","status":"passed","title":"8. (Design-token intent) COLORS.semantic.success is a valid hex for high-score indicator","duration":0.7826999999997497,"failureMessages":[],"meta":{}},{"ancestorTitles":["PDFReport"],"fullName":"PDFReport 9. (Design-token intent) COLORS.semantic.danger is a valid hex for low-score indicator","status":"passed","title":"9. (Design-token intent) COLORS.semantic.danger is a valid hex for low-score indicator","duration":1.897399999999834,"failureMessages":[],"meta":{}},{"ancestorTitles":["PDFReport"],"fullName":"PDFReport 10. Footer section renders with page/branding text","status":"passed","title":"10. Footer section renders with page/branding text","duration":51.939800000000105,"failureMessages":[],"meta":{}},{"ancestorTitles":["PDFReport"],"fullName":"PDFReport 11. Snapshot test: full PDF structure with mock progress data","status":"passed","title":"11. Snapshot test: full PDF structure with mock progress data","duration":71.4408999999996,"failureMessages":[],"meta":{}},{"ancestorTitles":["PDFReport"],"fullName":"PDFReport 12. Missing/empty sessions array defaults gracefully — no crash","status":"passed","title":"12. Missing/empty sessions array defaults gracefully — no crash","duration":40.08550000000014,"failureMessages":[],"meta":{}}],"startTime":1772427074675,"endTime":1772427075392.0854,"status":"passed","message":"","name":"D:/algomind/src/components/dashboard/__tests__/PDFReport.test.tsx"},{"assertionResults":[{"ancestorTitles":["AnalysisClient Component"],"fullName":"AnalysisClient Component should render score and all 8 skills correctly","status":"passed","title":"should render score and all 8 skills correctly","duration":422.4364999999998,"failureMessages":[],"meta":{}},{"ancestorTitles":["AnalysisClient Component"],"fullName":"AnalysisClient Component should render empty transcript state when transcript is missing","status":"passed","title":"should render empty transcript state when transcript is missing","duration":63.48900000000049,"failureMessages":[],"meta":{}},{"ancestorTitles":["AnalysisClient Component"],"fullName":"AnalysisClient Component should gate Learn button behind enableLearnMode flag","status":"passed","title":"should gate Learn button behind enableLearnMode flag","duration":91.03120000000035,"failureMessages":[],"meta":{}},{"ancestorTitles":["AnalysisClient Component"],"fullName":"AnalysisClient Component should gate Comparative Preview behind enableComparative flag and existing attempts","status":"passed","title":"should gate Comparative Preview behind enableComparative flag and existing attempts","duration":91.95660000000044,"failureMessages":[],"meta":{}},{"ancestorTitles":["AnalysisPage Server Component"],"fullName":"AnalysisPage Server Component should redirect unauthorized users to /login","status":"passed","title":"should redirect unauthorized users to /login","duration":6.634400000000824,"failureMessages":[],"meta":{}},{"ancestorTitles":["AnalysisPage Server Component"],"fullName":"AnalysisPage Server Component should redirect to /practice if session is not found","status":"passed","title":"should redirect to /practice if session is not found","duration":2.3710999999993874,"failureMessages":[],"meta":{}}],"startTime":1772427073602,"endTime":1772427074281.371,"status":"passed","message":"","name":"D:/algomind/src/app/interview/__tests__/analysis.test.tsx"},{"assertionResults":[{"ancestorTitles":["CodeEditor height (CODE-C fix)"],"fullName":"CodeEditor height (CODE-C fix) Mobile viewport (390px): wrapper has calc(100dvh - 320px) height","status":"passed","title":"Mobile viewport (390px): wrapper has calc(100dvh - 320px) height","duration":99.00540000000001,"failureMessages":[],"meta":{}},{"ancestorTitles":["CodeEditor height (CODE-C fix)"],"fullName":"CodeEditor height (CODE-C fix) Desktop viewport (1440px): wrapper has height 100%","status":"passed","title":"Desktop viewport (1440px): wrapper has height 100%","duration":23.36200000000008,"failureMessages":[],"meta":{}},{"ancestorTitles":["CodeEditor height (CODE-C fix)"],"fullName":"CodeEditor height (CODE-C fix) Window resize from mobile → desktop: height updates correctly","status":"passed","title":"Window resize from mobile → desktop: height updates correctly","duration":21.20219999999972,"failureMessages":[],"meta":{}},{"ancestorTitles":["CodeEditor height (CODE-C fix)"],"fullName":"CodeEditor height (CODE-C fix) Window resize from desktop → mobile: height updates correctly","status":"passed","title":"Window resize from desktop → mobile: height updates correctly","duration":26.61299999999983,"failureMessages":[],"meta":{}},{"ancestorTitles":["CodeEditor height (CODE-C fix)"],"fullName":"CodeEditor height (CODE-C fix) Monaco <Editor> component receives height=\"100%\" prop","status":"passed","title":"Monaco <Editor> component receives height=\"100%\" prop","duration":44.06600000000026,"failureMessages":[],"meta":{}},{"ancestorTitles":["CodeEditor height (CODE-C fix)"],"fullName":"CodeEditor height (CODE-C fix) Breakpoint threshold is exactly 1024px","status":"passed","title":"Breakpoint threshold is exactly 1024px","duration":24.631000000000313,"failureMessages":[],"meta":{}}],"startTime":1772427076675,"endTime":1772427076914.631,"status":"passed","message":"","name":"D:/algomind/src/components/interview/__tests__/CodeEditor.height.test.tsx"},{"assertionResults":[{"ancestorTitles":["ConversationView content shape variants (BUG-V7-06)"],"fullName":"ConversationView content shape variants (BUG-V7-06) renders plain string content verbatim","status":"passed","title":"renders plain string content verbatim","duration":118.64409999999953,"failureMessages":[],"meta":{}},{"ancestorTitles":["ConversationView content shape variants (BUG-V7-06)"],"fullName":"ConversationView content shape variants (BUG-V7-06) renders object with text key","status":"passed","title":"renders object with text key","duration":11.064400000000205,"failureMessages":[],"meta":{}},{"ancestorTitles":["ConversationView content shape variants (BUG-V7-06)"],"fullName":"ConversationView content shape variants (BUG-V7-06) renders object with sentence key","status":"passed","title":"renders object with sentence key","duration":13.550500000000284,"failureMessages":[],"meta":{}},{"ancestorTitles":["ConversationView content shape variants (BUG-V7-06)"],"fullName":"ConversationView content shape variants (BUG-V7-06) renders object with content key","status":"passed","title":"renders object with content key","duration":11.697900000000118,"failureMessages":[],"meta":{}},{"ancestorTitles":["ConversationView content shape variants (BUG-V7-06)"],"fullName":"ConversationView content shape variants (BUG-V7-06) renders ResponseChunk-shaped object (extracts text)","status":"passed","title":"renders ResponseChunk-shaped object (extracts text)","duration":19.8125,"failureMessages":[],"meta":{}},{"ancestorTitles":["ConversationView content shape variants (BUG-V7-06)"],"fullName":"ConversationView content shape variants (BUG-V7-06) renders null content without throwing","status":"passed","title":"renders null content without throwing","duration":6.517800000000534,"failureMessages":[],"meta":{}},{"ancestorTitles":["ConversationView content shape variants (BUG-V7-06)"],"fullName":"ConversationView content shape variants (BUG-V7-06) renders undefined content without throwing","status":"passed","title":"renders undefined content without throwing","duration":8.294100000000071,"failureMessages":[],"meta":{}},{"ancestorTitles":["ConversationView content shape variants (BUG-V7-06)"],"fullName":"ConversationView content shape variants (BUG-V7-06) renders user message string content verbatim","status":"passed","title":"renders user message string content verbatim","duration":12.279099999999744,"failureMessages":[],"meta":{}},{"ancestorTitles":["ConversationView content shape variants (BUG-V7-06)"],"fullName":"ConversationView content shape variants (BUG-V7-06) renders multiple variant messages in a single conversation","status":"passed","title":"renders multiple variant messages in a single conversation","duration":82.0649999999996,"failureMessages":[],"meta":{}},{"ancestorTitles":["ConversationView content shape variants (BUG-V7-06)"],"fullName":"ConversationView content shape variants (BUG-V7-06) renders object with no known keys via JSON.stringify fallback","status":"passed","title":"renders object with no known keys via JSON.stringify fallback","duration":6.930299999999988,"failureMessages":[],"meta":{}}],"startTime":1772427072775,"endTime":1772427073066.9304,"status":"passed","message":"","name":"D:/algomind/src/components/interview/__tests__/ConversationView.content.test.tsx"},{"assertionResults":[{"ancestorTitles":["GuestModeBanner"],"fullName":"GuestModeBanner renders with correct initial state","status":"passed","title":"renders with correct initial state","duration":72.67380000000003,"failureMessages":[],"meta":{}},{"ancestorTitles":["GuestModeBanner"],"fullName":"GuestModeBanner shows 5 rounds left initially","status":"passed","title":"shows 5 rounds left initially","duration":14.072100000000319,"failureMessages":[],"meta":{}},{"ancestorTitles":["GuestModeBanner"],"fullName":"GuestModeBanner shows correct rounds remaining when some turns used","status":"passed","title":"shows correct rounds remaining when some turns used","duration":42.90340000000015,"failureMessages":[],"meta":{}},{"ancestorTitles":["GuestModeBanner"],"fullName":"GuestModeBanner displays time remaining correctly","status":"passed","title":"displays time remaining correctly","duration":26.58069999999998,"failureMessages":[],"meta":{}},{"ancestorTitles":["GuestModeBanner"],"fullName":"GuestModeBanner hides when dismissed","status":"passed","title":"hides when dismissed","duration":29.096700000000055,"failureMessages":[],"meta":{}},{"ancestorTitles":["GuestModeBanner"],"fullName":"GuestModeBanner persists dismissed state in sessionStorage","status":"passed","title":"persists dismissed state in sessionStorage","duration":13.833500000000186,"failureMessages":[],"meta":{}},{"ancestorTitles":["GuestModeBanner"],"fullName":"GuestModeBanner does not render if already dismissed in sessionStorage","status":"passed","title":"does not render if already dismissed in sessionStorage","duration":3.8185999999996056,"failureMessages":[],"meta":{}}],"startTime":1772427077850,"endTime":1772427078053.8186,"status":"passed","message":"","name":"D:/algomind/src/components/interview/__tests__/GuestModeBanner.test.tsx"},{"assertionResults":[{"ancestorTitles":["GuestProblemSelectorModal"],"fullName":"GuestProblemSelectorModal renders nothing when isOpen is false","status":"passed","title":"renders nothing when isOpen is false","duration":25.09230000000025,"failureMessages":[],"meta":{}},{"ancestorTitles":["GuestProblemSelectorModal"],"fullName":"GuestProblemSelectorModal renders all 5 problems when open","status":"passed","title":"renders all 5 problems when open","duration":152.5709999999999,"failureMessages":[],"meta":{}},{"ancestorTitles":["GuestProblemSelectorModal"],"fullName":"GuestProblemSelectorModal calls onSelect with correct problem when a card is clicked","status":"passed","title":"calls onSelect with correct problem when a card is clicked","duration":44.42910000000029,"failureMessages":[],"meta":{}},{"ancestorTitles":["GuestProblemSelectorModal"],"fullName":"GuestProblemSelectorModal calls onSelect with a problem when \"Surprise Me\" is clicked","status":"passed","title":"calls onSelect with a problem when \"Surprise Me\" is clicked","duration":25.72439999999915,"failureMessages":[],"meta":{}},{"ancestorTitles":["GuestProblemSelectorModal"],"fullName":"GuestProblemSelectorModal displays difficulty badge for each problem","status":"passed","title":"displays difficulty badge for each problem","duration":69.05320000000029,"failureMessages":[],"meta":{}}],"startTime":1772427072860,"endTime":1772427073178.0532,"status":"passed","message":"","name":"D:/algomind/src/components/interview/__tests__/GuestProblemSelectorModal.test.tsx"},{"assertionResults":[{"ancestorTitles":["GuestResultsOverlay"],"fullName":"GuestResultsOverlay renders without crashing","status":"passed","title":"renders without crashing","duration":142.34839999999986,"failureMessages":[],"meta":{}},{"ancestorTitles":["GuestResultsOverlay"],"fullName":"GuestResultsOverlay displays problem title and session stats","status":"passed","title":"displays problem title and session stats","duration":21.892100000000028,"failureMessages":[],"meta":{}},{"ancestorTitles":["GuestResultsOverlay"],"fullName":"GuestResultsOverlay calls onTryAnother when Try Another button is clicked","status":"passed","title":"calls onTryAnother when Try Another button is clicked","duration":21.405499999999847,"failureMessages":[],"meta":{}},{"ancestorTitles":["GuestResultsOverlay"],"fullName":"GuestResultsOverlay calls onSignUp when Sign Up button is clicked","status":"passed","title":"calls onSignUp when Sign Up button is clicked","duration":14.025300000000243,"failureMessages":[],"meta":{}},{"ancestorTitles":["GuestResultsOverlay"],"fullName":"GuestResultsOverlay renders ReportCard","status":"passed","title":"renders ReportCard","duration":18.61700000000019,"failureMessages":[],"meta":{}},{"ancestorTitles":["GuestResultsOverlay"],"fullName":"GuestResultsOverlay shows the not-saved notice","status":"passed","title":"shows the not-saved notice","duration":33.90339999999924,"failureMessages":[],"meta":{}}],"startTime":1772427076322,"endTime":1772427076574.9033,"status":"passed","message":"","name":"D:/algomind/src/components/interview/__tests__/GuestResultsOverlay.test.tsx"},{"assertionResults":[{"ancestorTitles":["InterviewSession Integrity Flags"],"fullName":"InterviewSession Integrity Flags detects fast_solution if session ends under 120 seconds","status":"passed","title":"detects fast_solution if session ends under 120 seconds","duration":1.5575999999999794,"failureMessages":[],"meta":{}},{"ancestorTitles":["InterviewSession Integrity Flags"],"fullName":"InterviewSession Integrity Flags detects no_verbal_discussion if code is written but no meaningful messages sent","status":"passed","title":"detects no_verbal_discussion if code is written but no meaningful messages sent","duration":0.25790000000000646,"failureMessages":[],"meta":{}}],"startTime":1772427081395,"endTime":1772427081397.2578,"status":"passed","message":"","name":"D:/algomind/src/components/interview/__tests__/IntegrityFlags.test.tsx"},{"assertionResults":[{"ancestorTitles":["SkillBadge integration in InterviewSession"],"fullName":"SkillBadge integration in InterviewSession does NOT fire badge on message 3 by count","status":"passed","title":"does NOT fire badge on message 3 by count","duration":874.0246999999999,"failureMessages":[],"meta":{}},{"ancestorTitles":["SkillBadge integration in InterviewSession"],"fullName":"SkillBadge integration in InterviewSession fires badge when classifyTurnSignal returns high-confidence signal","status":"passed","title":"fires badge when classifyTurnSignal returns high-confidence signal","duration":479.2386999999999,"failureMessages":[],"meta":{}},{"ancestorTitles":["SkillBadge integration in InterviewSession"],"fullName":"SkillBadge integration in InterviewSession does not fire same dimension badge twice per session","status":"passed","title":"does not fire same dimension badge twice per session","duration":455.9456000000009,"failureMessages":[],"meta":{}},{"ancestorTitles":["SkillBadge integration in InterviewSession"],"fullName":"SkillBadge integration in InterviewSession badge does not fire for guest mode sessions","status":"passed","title":"badge does not fire for guest mode sessions","duration":354.7492999999995,"failureMessages":[],"meta":{}}],"startTime":1772427077674,"endTime":1772427079837.7493,"status":"passed","message":"","name":"D:/algomind/src/components/interview/__tests__/InterviewSession.badge.test.tsx"},{"assertionResults":[{"ancestorTitles":["InterviewSession BUG-V7-05 Regression"],"fullName":"InterviewSession BUG-V7-05 Regression Mobile: Code tab switches without MobileWarning modal","status":"passed","title":"Mobile: Code tab switches without MobileWarning modal","duration":1196.6659,"failureMessages":[],"meta":{}},{"ancestorTitles":["InterviewSession BUG-V7-05 Regression"],"fullName":"InterviewSession BUG-V7-05 Regression Desktop: Code Editor toggle works without warning","status":"passed","title":"Desktop: Code Editor toggle works without warning","duration":1764.4416,"failureMessages":[],"meta":{}}],"startTime":1772427077484,"endTime":1772427080446.4417,"status":"passed","message":"","name":"D:/algomind/src/components/interview/__tests__/InterviewSession.mobile.test.tsx"},{"assertionResults":[{"ancestorTitles":["InterviewSession Desktop Panel Behavior"],"fullName":"InterviewSession Desktop Panel Behavior 1. Problem panel is visible by default (showProblemPanel=true initial state)","status":"passed","title":"1. Problem panel is visible by default (showProblemPanel=true initial state)","duration":339.4920000000002,"failureMessages":[],"meta":{}},{"ancestorTitles":["InterviewSession Desktop Panel Behavior"],"fullName":"InterviewSession Desktop Panel Behavior 2. History panel is hidden by default (showHistoryPanel=false initial state)","status":"passed","title":"2. History panel is hidden by default (showHistoryPanel=false initial state)","duration":39.154099999999744,"failureMessages":[],"meta":{}},{"ancestorTitles":["InterviewSession Desktop Panel Behavior"],"fullName":"InterviewSession Desktop Panel Behavior 3. Clicking Problem toggle button closes the problem panel","status":"passed","title":"3. Clicking Problem toggle button closes the problem panel","duration":71.0020999999997,"failureMessages":[],"meta":{}},{"ancestorTitles":["InterviewSession Desktop Panel Behavior"],"fullName":"InterviewSession Desktop Panel Behavior 4. Clicking Problem toggle button again re-opens panel","status":"passed","title":"4. Clicking Problem toggle button again re-opens panel","duration":88.48460000000068,"failureMessages":[],"meta":{}},{"ancestorTitles":["InterviewSession Desktop Panel Behavior"],"fullName":"InterviewSession Desktop Panel Behavior 5. Clicking History toggle button opens history panel","status":"passed","title":"5. Clicking History toggle button opens history panel","duration":59.9373999999998,"failureMessages":[],"meta":{}},{"ancestorTitles":["InterviewSession Desktop Panel Behavior"],"fullName":"InterviewSession Desktop Panel Behavior 6. When problem panel is open: main content has marginLeft style containing 380px","status":"passed","title":"6. When problem panel is open: main content has marginLeft style containing 380px","duration":45.38370000000032,"failureMessages":[],"meta":{}},{"ancestorTitles":["InterviewSession Desktop Panel Behavior"],"fullName":"InterviewSession Desktop Panel Behavior 7. When history panel is open: main content has marginRight style containing 340px","status":"passed","title":"7. When history panel is open: main content has marginRight style containing 340px","duration":59.28259999999955,"failureMessages":[],"meta":{}},{"ancestorTitles":["InterviewSession Desktop Panel Behavior"],"fullName":"InterviewSession Desktop Panel Behavior 8. Both panels can be open simultaneously","status":"passed","title":"8. Both panels can be open simultaneously","duration":52.48239999999987,"failureMessages":[],"meta":{}},{"ancestorTitles":["InterviewSession Desktop Panel Behavior"],"fullName":"InterviewSession Desktop Panel Behavior 9. Close button (×) inside problem panel hides the panel","status":"passed","title":"9. Close button (×) inside problem panel hides the panel","duration":46.37010000000009,"failureMessages":[],"meta":{}},{"ancestorTitles":["InterviewSession Desktop Panel Behavior"],"fullName":"InterviewSession Desktop Panel Behavior 10. Close button (×) inside history panel hides the panel","status":"passed","title":"10. Close button (×) inside history panel hides the panel","duration":77.34990000000016,"failureMessages":[],"meta":{}},{"ancestorTitles":["InterviewSession Desktop Panel Behavior"],"fullName":"InterviewSession Desktop Panel Behavior 11. Panel toggle buttons are accessible (keyboard focusable, have visible text labels)","status":"passed","title":"11. Panel toggle buttons are accessible (keyboard focusable, have visible text labels)","duration":36.98239999999987,"failureMessages":[],"meta":{}}],"startTime":1772427074148,"endTime":1772427075064.9824,"status":"passed","message":"","name":"D:/algomind/src/components/interview/__tests__/InterviewSession.panels.test.tsx"},{"assertionResults":[{"ancestorTitles":["Navbar Component"],"fullName":"Navbar Component 1. Desktop (> 768px): bottom nav is NOT rendered (has md:hidden class)","status":"passed","title":"1. Desktop (> 768px): bottom nav is NOT rendered (has md:hidden class)","duration":221.01700000000028,"failureMessages":[],"meta":{}},{"ancestorTitles":["Navbar Component"],"fullName":"Navbar Component 2. Mobile simulation: bottom nav IS present in DOM when user is logged in","status":"passed","title":"2. Mobile simulation: bottom nav IS present in DOM when user is logged in","duration":30.50520000000006,"failureMessages":[],"meta":{}},{"ancestorTitles":["Navbar Component"],"fullName":"Navbar Component 3. Mobile: bottom nav shows 2 items (Home, Practice) when user is NOT logged in (guest)","status":"passed","title":"3. Mobile: bottom nav shows 2 items (Home, Practice) when user is NOT logged in (guest)","duration":17.47310000000016,"failureMessages":[],"meta":{}},{"ancestorTitles":["Navbar Component"],"fullName":"Navbar Component 4. Bottom nav has 4 items for candidate account type","status":"passed","title":"4. Bottom nav has 4 items for candidate account type","duration":33.13009999999986,"failureMessages":[],"meta":{}},{"ancestorTitles":["Navbar Component"],"fullName":"Navbar Component 5. Active route link has 'text-indigo-400' class (not blue)","status":"passed","title":"5. Active route link has 'text-indigo-400' class (not blue)","duration":53.603599999999915,"failureMessages":[],"meta":{}},{"ancestorTitles":["Navbar Component"],"fullName":"Navbar Component 6. Inactive links have 'text-zinc-500' class","status":"passed","title":"6. Inactive links have 'text-zinc-500' class","duration":24.601399999999558,"failureMessages":[],"meta":{}},{"ancestorTitles":["Navbar Component"],"fullName":"Navbar Component 7. Navbar top bar renders on all routes except /login","status":"passed","title":"7. Navbar top bar renders on all routes except /login","duration":3.4854999999997744,"failureMessages":[],"meta":{}},{"ancestorTitles":["Navbar Component"],"fullName":"Navbar Component 8. Logo renders with zinc gradient text (not slate)","status":"passed","title":"8. Logo renders with zinc gradient text (not slate)","duration":36.03870000000006,"failureMessages":[],"meta":{}},{"ancestorTitles":["Navbar Component"],"fullName":"Navbar Component 9. Desktop nav links use layoutId=\"nav-active\" for the indicator","status":"passed","title":"9. Desktop nav links use layoutId=\"nav-active\" for the indicator","duration":43.00680000000011,"failureMessages":[],"meta":{}},{"ancestorTitles":["Navbar Component"],"fullName":"Navbar Component 10. Active indicator has indigo background (not blue-600)","status":"passed","title":"10. Active indicator has indigo background (not blue-600)","duration":37.02209999999923,"failureMessages":[],"meta":{}},{"ancestorTitles":["Navbar Component"],"fullName":"Navbar Component 11. User avatar button shows first letter of email","status":"passed","title":"11. User avatar button shows first letter of email","duration":26.883300000000418,"failureMessages":[],"meta":{}},{"ancestorTitles":["Navbar Component"],"fullName":"Navbar Component 12. Avatar hover shows glow ring div with negative inset","status":"passed","title":"12. Avatar hover shows glow ring div with negative inset","duration":26.36040000000048,"failureMessages":[],"meta":{}},{"ancestorTitles":["Navbar Component"],"fullName":"Navbar Component 13. Dropdown menu renders with surface-2 background (not slate-900)","status":"passed","title":"13. Dropdown menu renders with surface-2 background (not slate-900)","duration":21.735599999999977,"failureMessages":[],"meta":{}},{"ancestorTitles":["Navbar Component"],"fullName":"Navbar Component 14. Sign out option calls signOut and redirects","status":"passed","title":"14. Sign out option calls signOut and redirects","duration":52.23399999
[...]
i/admin/models → 401","status":"passed","title":"GET /api/admin/models → 401","duration":1.7164999999999964,"failureMessages":[],"meta":{}},{"ancestorTitles":["Unauthenticated access → 401"],"fullName":"Unauthenticated access → 401 POST /api/admin/reset-model → 401 (no session)","status":"passed","title":"POST /api/admin/reset-model → 401 (no session)","duration":2.5785000000000764,"failureMessages":[],"meta":{}},{"ancestorTitles":["Unauthenticated access → 401"],"fullName":"Unauthenticated access → 401 GET /api/admin/events → 401","status":"passed","title":"GET /api/admin/events → 401","duration":1.9774999999999636,"failureMessages":[],"meta":{}},{"ancestorTitles":["Authenticated non-admin → 403"],"fullName":"Authenticated non-admin → 403 GET /api/admin/admins → 403","status":"passed","title":"GET /api/admin/admins → 403","duration":1.6192000000000917,"failureMessages":[],"meta":{}},{"ancestorTitles":["Authenticated non-admin → 403"],"fullName":"Authenticated non-admin → 403 POST /api/admin/admins → 403","status":"passed","title":"POST /api/admin/admins → 403","duration":2.307600000000093,"failureMessages":[],"meta":{}},{"ancestorTitles":["Authenticated non-admin → 403"],"fullName":"Authenticated non-admin → 403 DELETE /api/admin/admins → 403","status":"passed","title":"DELETE /api/admin/admins → 403","duration":1.6784000000000106,"failureMessages":[],"meta":{}},{"ancestorTitles":["Authenticated non-admin → 403"],"fullName":"Authenticated non-admin → 403 GET /api/admin/health → 403","status":"passed","title":"GET /api/admin/health → 403","duration":1.089200000000119,"failureMessages":[],"meta":{}},{"ancestorTitles":["Authenticated non-admin → 403"],"fullName":"Authenticated non-admin → 403 GET /api/admin/models → 403","status":"passed","title":"GET /api/admin/models → 403","duration":0.9460000000001401,"failureMessages":[],"meta":{}},{"ancestorTitles":["Authenticated non-admin → 403"],"fullName":"Authenticated non-admin → 403 POST /api/admin/reset-model → 403 (user but not admin)","status":"passed","title":"POST /api/admin/reset-model → 403 (user but not admin)","duration":1.6621999999999844,"failureMessages":[],"meta":{}},{"ancestorTitles":["Authenticated non-admin → 403"],"fullName":"Authenticated non-admin → 403 GET /api/admin/events → 403","status":"passed","title":"GET /api/admin/events → 403","duration":1.2338000000002012,"failureMessages":[],"meta":{}},{"ancestorTitles":["Privilege escalation prevention"],"fullName":"Privilege escalation prevention Regular user cannot add themselves to admin_users via POST /api/admin/admins","status":"passed","title":"Regular user cannot add themselves to admin_users via POST /api/admin/admins","duration":2.4102000000000317,"failureMessages":[],"meta":{}},{"ancestorTitles":["Privilege escalation prevention"],"fullName":"Privilege escalation prevention Regular user cannot read admin_users list via GET /api/admin/admins","status":"passed","title":"Regular user cannot read admin_users list via GET /api/admin/admins","duration":1.092200000000048,"failureMessages":[],"meta":{}}],"startTime":1772427078713,"endTime":1772427078753.0923,"status":"passed","message":"","name":"D:/algomind/src/app/api/admin/__tests__/auth-boundaries.test.ts"},{"assertionResults":[{"ancestorTitles":["Admin Panel API Integration"],"fullName":"Admin Panel API Integration 1, 2, 3. Authorized admin request -> GET /api/admin/admins -> 200 with admin list","status":"passed","title":"1, 2, 3. Authorized admin request -> GET /api/admin/admins -> 200 with admin list","duration":11.83789999999999,"failureMessages":[],"meta":{}},{"ancestorTitles":["Admin Panel API Integration"],"fullName":"Admin Panel API Integration 4, 5, 6. RPC check_is_admin throws PGRST202 -> GET /api/admin/admins -> 403 Forbidden","status":"passed","title":"4, 5, 6. RPC check_is_admin throws PGRST202 -> GET /api/admin/admins -> 403 Forbidden","duration":4.543800000000033,"failureMessages":[],"meta":{}},{"ancestorTitles":["Admin Panel API Integration"],"fullName":"Admin Panel API Integration 7, 8, 9. Authorized admin -> GET /api/admin/models -> 200 with model stats","status":"passed","title":"7, 8, 9. Authorized admin -> GET /api/admin/models -> 200 with model stats","duration":2.5966999999999416,"failureMessages":[],"meta":{}},{"ancestorTitles":["Admin Panel API Integration"],"fullName":"Admin Panel API Integration 10. Verify health endpoint aggregates correctly","status":"passed","title":"10. Verify health endpoint aggregates correctly","duration":6.1749999999999545,"failureMessages":[],"meta":{}}],"startTime":1772427079312,"endTime":1772427079337.175,"status":"passed","message":"","name":"D:/algomind/src/app/api/admin/__tests__/integration.test.ts"},{"assertionResults":[{"ancestorTitles":["Assess Chat API (/api/assess/chat)"],"fullName":"Assess Chat API (/api/assess/chat) 1. Valid session, valid message -> streamed AI response","status":"passed","title":"1. Valid session, valid message -> streamed AI response","duration":41.947500000000105,"failureMessages":[],"meta":{}},{"ancestorTitles":["Assess Chat API (/api/assess/chat)"],"fullName":"Assess Chat API (/api/assess/chat) 2. Invalid session ID -> 401","status":"passed","title":"2. Invalid session ID -> 401","duration":12.930299999999988,"failureMessages":[],"meta":{}},{"ancestorTitles":["Assess Chat API (/api/assess/chat)"],"fullName":"Assess Chat API (/api/assess/chat) 3. Empty message/Invalid format -> 400","status":"passed","title":"3. Empty message/Invalid format -> 400","duration":4.70679999999993,"failureMessages":[],"meta":{}},{"ancestorTitles":["Assess Chat API (/api/assess/chat)"],"fullName":"Assess Chat API (/api/assess/chat) Additional: Rate limit exceeded -> 429","status":"passed","title":"Additional: Rate limit exceeded -> 429","duration":5.098600000000033,"failureMessages":[],"meta":{}}],"startTime":1772427077295,"endTime":1772427077360.0986,"status":"passed","message":"","name":"D:/algomind/src/app/api/assess/__tests__/chat.test.ts"},{"assertionResults":[{"ancestorTitles":["Assess Complete API (/api/assess/complete)"],"fullName":"Assess Complete API (/api/assess/complete) 1. Valid session -> saves assessment, returns report","status":"passed","title":"1. Valid session -> saves assessment, returns report","duration":33.974199999999996,"failureMessages":[],"meta":{}},{"ancestorTitles":["Assess Complete API (/api/assess/complete)"],"fullName":"Assess Complete API (/api/assess/complete) 2. Session already completed -> 400","status":"passed","title":"2. Session already completed -> 400","duration":4.5359999999999445,"failureMessages":[],"meta":{}},{"ancestorTitles":["Assess Complete API (/api/assess/complete)"],"fullName":"Assess Complete API (/api/assess/complete) 3. Invalid transcript (empty) -> 400","status":"passed","title":"3. Invalid transcript (empty) -> 400","duration":3.3093999999999824,"failureMessages":[],"meta":{}},{"ancestorTitles":["Assess Complete API (/api/assess/complete)"],"fullName":"Assess Complete API (/api/assess/complete) 4. Invalid session format -> 401","status":"passed","title":"4. Invalid session format -> 401","duration":14.03430000000003,"failureMessages":[],"meta":{}}],"startTime":1772427077201,"endTime":1772427077257.0342,"status":"passed","message":"","name":"D:/algomind/src/app/api/assess/__tests__/complete.test.ts"},{"assertionResults":[{"ancestorTitles":["Assess Start API (/api/assess/start)"],"fullName":"Assess Start API (/api/assess/start) 1. Valid campaign token -> 200 with session info","status":"passed","title":"1. Valid campaign token -> 200 with session info","duration":64.3569,"failureMessages":[],"meta":{}},{"ancestorTitles":["Assess Start API (/api/assess/start)"],"fullName":"Assess Start API (/api/assess/start) 2. claim_campaign_slot returns empty (slot full) -> 403 \"link has reached its maximum uses\"","status":"passed","title":"2. claim_campaign_slot returns empty (slot full) -> 403 \"link has reached its maximum uses\"","duration":5.801500000000033,"failureMessages":[],"meta":{}},{"ancestorTitles":["Assess Start API (/api/assess/start)"],"fullName":"Assess Start API (/api/assess/start) 3. claim_campaign_slot RPC missing/errors -> 403 (verify this gives a clear error, not crash)","status":"passed","title":"3. claim_campaign_slot RPC missing/errors -> 403 (verify this gives a clear error, not crash)","duration":3.681899999999928,"failureMessages":[],"meta":{}},{"ancestorTitles":["Assess Start API (/api/assess/start)"],"fullName":"Assess Start API (/api/assess/start) 4. Expired campaign -> 403","status":"passed","title":"4. Expired campaign -> 403","duration":6.4809999999999945,"failureMessages":[],"meta":{}},{"ancestorTitles":["Assess Start API (/api/assess/start)"],"fullName":"Assess Start API (/api/assess/start) 5. Invalid token format -> 400","status":"passed","title":"5. Invalid token format -> 400","duration":4.034599999999955,"failureMessages":[],"meta":{}}],"startTime":1772427076072,"endTime":1772427076157.0347,"status":"passed","message":"","name":"D:/algomind/src/app/api/assess/__tests__/start.test.ts"},{"assertionResults":[{"ancestorTitles":["LeetCode Connect API (/api/leetcode/connect)"],"fullName":"LeetCode Connect API (/api/leetcode/connect) 1. Valid username, upsert succeeds -> 200","status":"passed","title":"1. Valid username, upsert succeeds -> 200","duration":22.466199999999958,"failureMessages":[],"meta":{}},{"ancestorTitles":["LeetCode Connect API (/api/leetcode/connect)"],"fullName":"LeetCode Connect API (/api/leetcode/connect) 2. Upsert fails due to missing unique constraint (PGRST116) -> 500 \"Database error\"","status":"passed","title":"2. Upsert fails due to missing unique constraint (PGRST116) -> 500 \"Database error\"","duration":5.304200000000037,"failureMessages":[],"meta":{}},{"ancestorTitles":["LeetCode Connect API (/api/leetcode/connect)"],"fullName":"LeetCode Connect API (/api/leetcode/connect) 3. Unauthenticated -> 401","status":"passed","title":"3. Unauthenticated -> 401","duration":2.971900000000005,"failureMessages":[],"meta":{}},{"ancestorTitles":["LeetCode Connect API (/api/leetcode/connect)"],"fullName":"LeetCode Connect API (/api/leetcode/connect) 4. Missing username in body -> 400","status":"passed","title":"4. Missing username in body -> 400","duration":2.992999999999938,"failureMessages":[],"meta":{}},{"ancestorTitles":["LeetCode Connect API (/api/leetcode/connect)","5. LeetCode username validation"],"fullName":"LeetCode Connect API (/api/leetcode/connect) 5. LeetCode username validation Rejects invalid username: ","status":"passed","title":"Rejects invalid username: ","duration":4.051800000000071,"failureMessages":[],"meta":{}},{"ancestorTitles":["LeetCode Connect API (/api/leetcode/connect)","5. LeetCode username validation"],"fullName":"LeetCode Connect API (/api/leetcode/connect) 5. LeetCode username validation Rejects invalid username: ab","status":"passed","title":"Rejects invalid username: ab","duration":3.9704000000000406,"failureMessages":[],"meta":{}},{"ancestorTitles":["LeetCode Connect API (/api/leetcode/connect)","5. LeetCode username validation"],"fullName":"LeetCode Connect API (/api/leetcode/connect) 5. LeetCode username validation Rejects invalid username: this_username_is_way_too_long_for_leetcode","status":"passed","title":"Rejects invalid username: this_username_is_way_too_long_for_leetcode","duration":4.013599999999997,"failureMessages":[],"meta":{}},{"ancestorTitles":["LeetCode Connect API (/api/leetcode/connect)","5. LeetCode username validation"],"fullName":"LeetCode Connect API (/api/leetcode/connect) 5. LeetCode username validation Rejects invalid username: special!@#chars","status":"passed","title":"Rejects invalid username: special!@#chars","duration":1.6587000000000671,"failureMessages":[],"meta":{}},{"ancestorTitles":["LeetCode Connect API (/api/leetcode/connect)","5. LeetCode username validation"],"fullName":"LeetCode Connect API (/api/leetcode/connect) 5. LeetCode username validation Rejects invalid username: spaces inside","status":"passed","title":"Rejects invalid username: spaces inside","duration":5.859199999999987,"failureMessages":[],"meta":{}},{"ancestorTitles":["LeetCode Connect API (/api/leetcode/connect)","5. LeetCode username validation"],"fullName":"LeetCode Connect API (/api/leetcode/connect) 5. LeetCode username validation Rejects invalid username: 12345","status":"passed","title":"Rejects invalid username: 12345","duration":2.2818999999999505,"failureMessages":[],"meta":{}},{"ancestorTitles":["LeetCode Connect API (/api/leetcode/connect)","5. LeetCode username validation"],"fullName":"LeetCode Connect API (/api/leetcode/connect) 5. LeetCode username validation Rejects invalid username: null","status":"passed","title":"Rejects invalid username: null","duration":1.679399999999987,"failureMessages":[],"meta":{}},{"ancestorTitles":["LeetCode Connect API (/api/leetcode/connect)"],"fullName":"LeetCode Connect API (/api/leetcode/connect) 6. user_preferences row already exists -> upsert updates correctly (no duplicate)","status":"passed","title":"6. user_preferences row already exists -> upsert updates correctly (no duplicate)","duration":1.9703000000000657,"failureMessages":[],"meta":{}},{"ancestorTitles":["LeetCode Connect API (/api/leetcode/connect)"],"fullName":"LeetCode Connect API (/api/leetcode/connect) 7. Rate limit cooldown active -> 429","status":"passed","title":"7. Rate limit cooldown active -> 429","duration":1.7193999999999505,"failureMessages":[],"meta":{}}],"startTime":1772427077719,"endTime":1772427077781.7195,"status":"passed","message":"","name":"D:/algomind/src/app/api/leetcode/__tests__/connect.test.ts"},{"assertionResults":[{"ancestorTitles":["POST /api/voice/synthesize-polly"],"fullName":"POST /api/voice/synthesize-polly returns 503 with fallback:\"groq\" when Polly flag is false","status":"passed","title":"returns 503 with fallback:\"groq\" when Polly flag is false","duration":15.360599999999977,"failureMessages":[],"meta":{}},{"ancestorTitles":["POST /api/voice/synthesize-polly"],"fullName":"POST /api/voice/synthesize-polly returns 503 when Polly is not configured","status":"passed","title":"returns 503 when Polly is not configured","duration":2.5751999999999953,"failureMessages":[],"meta":{}},{"ancestorTitles":["POST /api/voice/synthesize-polly"],"fullName":"POST /api/voice/synthesize-polly returns 502 when Polly synthesis fails","status":"passed","title":"returns 502 when Polly synthesis fails","duration":2.6715000000000373,"failureMessages":[],"meta":{}},{"ancestorTitles":["POST /api/voice/synthesize-polly"],"fullName":"POST /api/voice/synthesize-polly response includes X-TTS-Provider: aws-polly header on success path","status":"passed","title":"response includes X-TTS-Provider: aws-polly header on success path","duration":2.878400000000056,"failureMessages":[],"meta":{}},{"ancestorTitles":["POST /api/voice/synthesize-polly"],"fullName":"POST /api/voice/synthesize-polly returns 400 for missing text","status":"passed","title":"returns 400 for missing text","duration":2.1370000000000573,"failureMessages":[],"meta":{}}],"startTime":1772427079268,"endTime":1772427079293.137,"status":"passed","message":"","name":"D:/algomind/src/app/api/voice/__tests__/synthesize-polly.test.ts"},{"assertionResults":[{"ancestorTitles":["AnalyticsAdminClient — Static Source Checks"],"fullName":"AnalyticsAdminClient — Static Source Checks 1. Chart Bars use COLORS.chart values, not hardcoded hex like #8884d8","status":"passed","title":"1. Chart Bars use COLORS.chart values, not hardcoded hex like #8884d8","duration":3.818600000000515,"failureMessages":[],"meta":{}},{"ancestorTitles":["AnalyticsAdminClient — Static Source Checks"],"fullName":"AnalyticsAdminClient — Static Source Checks 2. Tooltip contentStyle uses background var(--surface-2)","status":"passed","title":"2. Tooltip contentStyle uses background var(--surface-2)","duration":0.9625999999998385,"failureMessages":[],"meta":{}},{"ancestorTitles":["AnalyticsAdminClient — Static Source Checks"],"fullName":"AnalyticsAdminClient — Static Source Checks 3. CartesianGrid stroke uses rgba with low opacity (≤ 0.1)","status":"passed","title":"3. CartesianGrid stroke uses rgba with low opacity (≤ 0.1)","duration":1.4203999999999724,"failureMessages":[],"meta":{}},{"ancestorTitles":["AnalyticsAdminClient — Static Source Checks"],"fullName":"AnalyticsAdminClient — Static Source Checks 4. XAxis and YAxis have axisLine={false} and tickLine={false}","status":"passed","title":"4. XAxis and YAxis have axisLine={false} and tickLine={false}","duration":1.9080999999996493,"failureMessages":[],"meta":{}},{"ancestorTitles":["AnalyticsAdminClient — Static Source Checks"],"fullName":"AnalyticsAdminClient — Static Source Checks 5. Model status badges use emerald/red CSS classes, not CheckCircle2/XCircle text labels","status":"passed","title":"5. Model status badges use emerald/red CSS classes, not CheckCircle2/XCircle text labels","duration":0.7124000000003434,"failureMessages":[],"meta":{}},{"ancestorTitles":["AnalyticsAdminClient — Static Source Checks"],"fullName":"AnalyticsAdminClient — Static Source Checks 8. Blue-500 classes only used for cron RUNNING badge","status":"passed","title":"8. Blue-500 classes only used for cron RUNNING badge","duration":0.6466999999993277,"failureMessages":[],"meta":{}},{"ancestorTitles":["AnalyticsAdminClient — Static Source Checks"],"fullName":"AnalyticsAdminClient — Static Source Checks 9. COLORS is imported from @/lib/design-tokens","status":"passed","title":"9. COLORS is imported from @/lib/design-tokens","duration":0.38850000000002183,"failureMessages":[],"meta":{}},{"ancestorTitles":["AnalyticsAdminClient — DOM Render Tests"],"fullName":"AnalyticsAdminClient — DOM Render Tests 6. Stat cards use card-interactive class","status":"passed","title":"6. Stat cards use card-interactive class","duration":272.7353000000003,"failureMessages":[],"meta":{}},{"ancestorTitles":["AnalyticsAdminClient — DOM Render Tests"],"fullName":"AnalyticsAdminClient — DOM Render Tests 7. Panel containers use surface-1 background variable","status":"passed","title":"7. Panel containers use surface-1 background variable","duration":71.64210000000003,"failureMessages":[],"meta":{}},{"ancestorTitles":["AnalyticsAdminClient — DOM Render Tests"],"fullName":"AnalyticsAdminClient — DOM Render Tests Renders system stat values from fetched data","status":"passed","title":"Renders system stat values from fetched data","duration":75.97109999999975,"failureMessages":[],"meta":{}},{"ancestorTitles":["AnalyticsAdminClient — DOM Render Tests"],"fullName":"AnalyticsAdminClient — DOM Render Tests Renders Provider Rate Limits section heading","status":"passed","title":"Renders Provider Rate Limits section heading","duration":35.21180000000004,"failureMessages":[],"meta":{}},{"ancestorTitles":["AnalyticsAdminClient — DOM Render Tests"],"fullName":"AnalyticsAdminClient — DOM Render Tests Renders model status badges with emerald or red styling for rate-limited models","status":"passed","title":"Renders model status badges with emerald or red styling for rate-limited models","duration":78.83870000000024,"failureMessages":[],"meta":{}},{"ancestorTitles":["AnalyticsAdminClient — DOM Render Tests"],"fullName":"AnalyticsAdminClient — DOM Render Tests Tooltip contentStyle prop is var(--surface-2) via mock","status":"passed","title":"Tooltip contentStyle prop is var(--surface-2) via mock","duration":68.72209999999995,"failureMessages":[],"meta":{}},{"ancestorTitles":["AnalyticsAdminClient — DOM Render Tests"],"fullName":"AnalyticsAdminClient — DOM Render Tests Snapshot: matches stable structure (catches color regressions)","status":"passed","title":"Snapshot: matches stable structure (catches color regressions)","duration":131.34619999999995,"failureMessages":[],"meta":{}}],"startTime":1772427072670,"endTime":1772427073416.3462,"status":"passed","message":"","name":"D:/algomind/src/app/admin/analytics/__tests__/client.test.tsx"}]}