{"numTotalTestSuites":2,"numPassedTestSuites":0,"numFailedTestSuites":2,"numPendingTestSuites":0,"numTotalTests":10,"numPassedTests":1,"numFailedTests":9,"numPendingTests":0,"numTodoTests":0,"snapshot":{"added":0,"failure":false,"filesAdded":0,"filesRemoved":0,"filesRemovedList":[],"filesUnmatched":0,"filesUpdated":0,"matched":0,"total":0,"unchecked":0,"uncheckedKeysByFile":[],"unmatched":0,"updated":0,"didUpdate":false},"startTime":1771905026589,"success":false,"testResults":[{"assertionResults":[{"ancestorTitles":["useSwipeNavigation"],"fullName":"useSwipeNavigation 1. Returns correct currentIndex for activeTab","status":"passed","title":"1. Returns correct currentIndex for activeTab","duration":55.51949999999988,"failureMessages":[],"meta":{}},{"ancestorTitles":["useSwipeNavigation"],"fullName":"useSwipeNavigation 2. Swipe left (diffX < -60, horizontal dominant) → calls onTabChange with next tab","status":"failed","title":"2. Swipe left (diffX < -60, horizontal dominant) → calls onTabChange with next tab","duration":26.426000000000386,"failureMessages":["TestingLibraryElementError: Found multiple elements by: [data-testid=\"swipe-area\"]\n\nHere are the matching elements:\n\nIgnored nodes: comments, script, style\n\u001b[36m<div\u001b[39m\n  \u001b[33mdata-index\u001b[39m=\u001b[32m\"1\"\u001b[39m\n  \u001b[33mdata-offset\u001b[39m=\u001b[32m\"0\"\u001b[39m\n  \u001b[33mdata-testid\u001b[39m=\u001b[32m\"swipe-area\"\u001b[39m\n\u001b[36m/>\u001b[39m\n\nIgnored nodes: comments, script, style\n\u001b[36m<div\u001b[39m\n  \u001b[33mdata-index\u001b[39m=\u001b[32m\"1\"\u001b[39m\n  \u001b[33mdata-offset\u001b[39m=\u001b[32m\"0\"\u001b[39m\n  \u001b[33mdata-testid\u001b[39m=\u001b[32m\"swipe-area\"\u001b[39m\n\u001b[36m/>\u001b[39m\n\n(If this is intentional, then use the `*AllBy*` variant of the query (like `queryAllByText`, `getAllByText`, or `findAllByText`)).\n\nIgnored nodes: comments, script, style\n\u001b[36m<body>\u001b[39m\n  \u001b[36m<div>\u001b[39m\n    \u001b[36m<div\u001b[39m\n      \u001b[33mdata-index\u001b[39m=\u001b[32m\"1\"\u001b[39m\n      \u001b[33mdata-offset\u001b[39m=\u001b[32m\"0\"\u001b[39m\n      \u001b[33mdata-testid\u001b[39m=\u001b[32m\"swipe-area\"\u001b[39m\n    \u001b[36m/>\u001b[39m\n  \u001b[36m</div>\u001b[39m\n  \u001b[36m<div>\u001b[39m\n    \u001b[36m<div\u001b[39m\n      \u001b[33mdata-index\u001b[39m=\u001b[32m\"1\"\u001b[39m\n      \u001b[33mdata-offset\u001b[39m=\u001b[32m\"0\"\u001b[39m\n      \u001b[33mdata-testid\u001b[39m=\u001b[32m\"swipe-area\"\u001b[39m\n    \u001b[36m/>\u001b[39m\n  \u001b[36m</div>\u001b[39m\n\u001b[36m</body>\u001b[39m\n    at Object.getElementError (D:\\algomind\\node_modules\\@testing-library\\dom\\dist\\config.js:37:19)\n    at getElementError (D:\\algomind\\node_modules\\@testing-library\\dom\\dist\\query-helpers.js:20:35)\n    at getMultipleElementsFoundError (D:\\algomind\\node_modules\\@testing-library\\dom\\dist\\query-helpers.js:23:10)\n    at D:\\algomind\\node_modules\\@testing-library\\dom\\dist\\query-helpers.js:55:13\n    at D:\\algomind\\node_modules\\@testing-library\\dom\\dist\\query-helpers.js:95:19\n    at D:/algomind/src/hooks/__tests__/useSwipeNavigation.test.tsx:60:32\n    at file:///D:/algomind/node_modules/@vitest/runner/dist/index.js:145:11\n    at file:///D:/algomind/node_modules/@vitest/runner/dist/index.js:915:26\n    at file:///D:/algomind/node_modules/@vitest/runner/dist/index.js:1243:20\n    at new Promise (<anonymous>)"],"meta":{}},{"ancestorTitles":["useSwipeNavigation"],"fullName":"useSwipeNavigation 3. Swipe right (diffX > 60, horizontal dominant) → calls onTabChange with previous tab","status":"failed","title":"3. Swipe right (diffX > 60, horizontal dominant) → calls onTabChange with previous tab","duration":14.84979999999996,"failureMessages":["TestingLibraryElementError: Found multiple elements by: [data-testid=\"swipe-area\"]\n\nHere are the matching elements:\n\nIgnored nodes: comments, script, style\n\u001b[36m<div\u001b[39m\n  \u001b[33mdata-index\u001b[39m=\u001b[32m\"1\"\u001b[39m\n  \u001b[33mdata-offset\u001b[39m=\u001b[32m\"0\"\u001b[39m\n  \u001b[33mdata-testid\u001b[39m=\u001b[32m\"swipe-area\"\u001b[39m\n\u001b[36m/>\u001b[39m\n\nIgnored nodes: comments, script, style\n\u001b[36m<div\u001b[39m\n  \u001b[33mdata-index\u001b[39m=\u001b[32m\"1\"\u001b[39m\n  \u001b[33mdata-offset\u001b[39m=\u001b[32m\"0\"\u001b[39m\n  \u001b[33mdata-testid\u001b[39m=\u001b[32m\"swipe-area\"\u001b[39m\n\u001b[36m/>\u001b[39m\n\nIgnored nodes: comments, script, style\n\u001b[36m<div\u001b[39m\n  \u001b[33mdata-index\u001b[39m=\u001b[32m\"1\"\u001b[39m\n  \u001b[33mdata-offset\u001b[39m=\u001b[32m\"0\"\u001b[39m\n  \u001b[33mdata-testid\u001b[39m=\u001b[32m\"swipe-area\"\u001b[39m\n\u001b[36m/>\u001b[39m\n\n(If this is intentional, then use the `*AllBy*` variant of the query (like `queryAllByText`, `getAllByText`, or `findAllByText`)).\n\nIgnored nodes: comments, script, style\n\u001b[36m<body>\u001b[39m\n  \u001b[36m<div>\u001b[39m\n    \u001b[36m<div\u001b[39m\n      \u001b[33mdata-index\u001b[39m=\u001b[32m\"1\"\u001b[39m\n      \u001b[33mdata-offset\u001b[39m=\u001b[32m\"0\"\u001b[39m\n      \u001b[33mdata-testid\u001b[39m=\u001b[32m\"swipe-area\"\u001b[39m\n    \u001b[36m/>\u001b[39m\n  \u001b[36m</div>\u001b[39m\n  \u001b[36m<div>\u001b[39m\n    \u001b[36m<div\u001b[39m\n      \u001b[33mdata-index\u001b[39m=\u001b[32m\"1\"\u001b[39m\n      \u001b[33mdata-offset\u001b[39m=\u001b[32m\"0\"\u001b[39m\n      \u001b[33mdata-testid\u001b[39m=\u001b[32m\"swipe-area\"\u001b[39m\n    \u001b[36m/>\u001b[39m\n  \u001b[36m</div>\u001b[39m\n  \u001b[36m<div>\u001b[39m\n    \u001b[36m<div\u001b[39m\n      \u001b[33mdata-index\u001b[39m=\u001b[32m\"1\"\u001b[39m\n      \u001b[33mdata-offset\u001b[39m=\u001b[32m\"0\"\u001b[39m\n      \u001b[33mdata-testid\u001b[39m=\u001b[32m\"swipe-area\"\u001b[39m\n    \u001b[36m/>\u001b[39m\n  \u001b[36m</div>\u001b[39m\n\u001b[36m</body>\u001b[39m\n    at Object.getElementError (D:\\algomind\\node_modules\\@testing-library\\dom\\dist\\config.js:37:19)\n    at getElementError (D:\\algomind\\node_modules\\@testing-library\\dom\\dist\\query-helpers.js:20:35)\n    at getMultipleElementsFoundError (D:\\algomind\\node_modules\\@testing-library\\dom\\dist\\query-helpers.js:23:10)\n    at D:\\algomind\\node_modules\\@testing-library\\dom\\dist\\query-helpers.js:55:13\n    at D:\\algomind\\node_modules\\@testing-library\\dom\\dist\\query-helpers.js:95:19\n    at D:/algomind/src/hooks/__tests__/useSwipeNavigation.test.tsx:71:32\n    at file:///D:/algomind/node_modules/@vitest/runner/dist/index.js:145:11\n    at file:///D:/algomind/node_modules/@vitest/runner/dist/index.js:915:26\n    at file:///D:/algomind/node_modules/@vitest/runner/dist/index.js:1243:20\n    at new Promise (<anonymous>)"],"meta":{}},{"ancestorTitles":["useSwipeNavigation"],"fullName":"useSwipeNavigation 4. Swipe less than threshold (40px) → does NOT call onTabChange","status":"failed","title":"4. Swipe less than threshold (40px) → does NOT call onTabChange","duration":9.61239999999998,"failureMessages":["TestingLibraryElementError: Found multiple elements by: [data-testid=\"swipe-area\"]\n\nHere are the matching elements:\n\nIgnored nodes: comments, script, style\n\u001b[36m<div\u001b[39m\n  \u001b[33mdata-index\u001b[39m=\u001b[32m\"1\"\u001b[39m\n  \u001b[33mdata-offset\u001b[39m=\u001b[32m\"0\"\u001b[39m\n  \u001b[33mdata-testid\u001b[39m=\u001b[32m\"swipe-area\"\u001b[39m\n\u001b[36m/>\u001b[39m\n\nIgnored nodes: comments, script, style\n\u001b[36m<div\u001b[39m\n  \u001b[33mdata-index\u001b[39m=\u001b[32m\"1\"\u001b[39m\n  \u001b[33mdata-offset\u001b[39m=\u001b[32m\"0\"\u001b[39m\n  \u001b[33mdata-testid\u001b[39m=\u001b[32m\"swipe-area\"\u001b[39m\n\u001b[36m/>\u001b[39m\n\nIgnored nodes: comments, script, style\n\u001b[36m<div\u001b[39m\n  \u001b[33mdata-index\u001b[39m=\u001b[32m\"1\"\u001b[39m\n  \u001b[33mdata-offset\u001b[39m=\u001b[32m\"0\"\u001b[39m\n  \u001b[33mdata-testid\u001b[39m=\u001b[32m\"swipe-area\"\u001b[39m\n\u001b[36m/>\u001b[39m\n\nIgnored nodes: comments, script, style\n\u001b[36m<div\u001b[39m\n  \u001b[33mdata-index\u001b[39m=\u001b[32m\"1\"\u001b[39m\n  \u001b[33mdata-offset\u001b[39m=\u001b[32m\"0\"\u001b[39m\n  \u001b[33mdata-testid\u001b[39m=\u001b[32m\"swipe-area\"\u001b[39m\n\u001b[36m/>\u001b[39m\n\n(If this is intentional, then use the `*AllBy*` variant of the query (like `queryAllByText`, `getAllByText`, or `findAllByText`)).\n\nIgnored nodes: comments, script, style\n\u001b[36m<body>\u001b[39m\n  \u001b[36m<div>\u001b[39m\n    \u001b[36m<div\u001b[39m\n      \u001b[33mdata-index\u001b[39m=\u001b[32m\"1\"\u001b[39m\n      \u001b[33mdata-offset\u001b[39m=\u001b[32m\"0\"\u001b[39m\n      \u001b[33mdata-testid\u001b[39m=\u001b[32m\"swipe-area\"\u001b[39m\n    \u001b[36m/>\u001b[39m\n  \u001b[36m</div>\u001b[39m\n  \u001b[36m<div>\u001b[39m\n    \u001b[36m<div\u001b[39m\n      \u001b[33mdata-index\u001b[39m=\u001b[32m\"1\"\u001b[39m\n      \u001b[33mdata-offset\u001b[39m=\u001b[32m\"0\"\u001b[39m\n      \u001b[33mdata-testid\u001b[39m=\u001b[32m\"swipe-area\"\u001b[39m\n    \u001b[36m/>\u001b[39m\n  \u001b[36m</div>\u001b[39m\n  \u001b[36m<div>\u001b[39m\n    \u001b[36m<div\u001b[39m\n      \u001b[33mdata-index\u001b[39m=\u001b[32m\"1\"\u001b[39m\n      \u001b[33mdata-offset\u001b[39m=\u001b[32m\"0\"\u001b[39m\n      \u001b[33mdata-testid\u001b[39m=\u001b[32m\"swipe-area\"\u001b[39m\n    \u001b[36m/>\u001b[39m\n  \u001b[36m</div>\u001b[39m\n  \u001b[36m<div>\u001b[39m\n    \u001b[36m<div\u001b[39m\n      \u001b[33mdata-index\u001b[39m=\u001b[32m\"1\"\u001b[39m\n      \u001b[33mdata-offset\u001b[39m=\u001b[32m\"0\"\u001b[39m\n      \u001b[33mdata-testid\u001b[39m=\u001b[32m\"swipe-area\"\u001b[39m\n    \u001b[36m/>\u001b[39m\n  \u001b[36m</div>\u001b[39m\n\u001b[36m</body>\u001b[39m\n    at Object.getElementError (D:\\algomind\\node_modules\\@testing-library\\dom\\dist\\config.js:37:19)\n    at getElementError (D:\\algomind\\node_modules\\@testing-library\\dom\\dist\\query-helpers.js:20:35)\n    at getMultipleElementsFoundError (D:\\algomind\\node_modules\\@testing-library\\dom\\dist\\query-helpers.js:23:10)\n    at D:\\algomind\\node_modules\\@testing-library\\dom\\dist\\query-helpers.js:55:13\n    at D:\\algomind\\node_modules\\@testing-library\\dom\\dist\\query-helpers.js:95:19\n    at D:/algomind/src/hooks/__tests__/useSwipeNavigation.test.tsx:82:32\n    at file:///D:/algomind/node_modules/@vitest/runner/dist/index.js:145:11\n    at file:///D:/algomind/node_modules/@vitest/runner/dist/index.js:915:26\n    at file:///D:/algomind/node_modules/@vitest/runner/dist/index.js:1243:20\n    at new Promise (<anonymous>)"],"meta":{}},{"ancestorTitles":["useSwipeNavigation"],"fullName":"useSwipeNavigation 5. Vertical swipe (diffY > diffX * 1.5) → does NOT call onTabChange","status":"failed","title":"5. Vertical swipe (diffY > diffX * 1.5) → does NOT call onTabChange","duration":9.250099999999748,"failureMessages":["TestingLibraryElementError: Found multiple elements by: [data-testid=\"swipe-area\"]\n\nHere are the matching elements:\n\nIgnored nodes: comments, script, style\n\u001b[36m<div\u001b[39m\n  \u001b[33mdata-index\u001b[39m=\u001b[32m\"1\"\u001b[39m\n  \u001b[33mdata-offset\u001b[39m=\u001b[32m\"0\"\u001b[39m\n  \u001b[33mdata-testid\u001b[39m=\u001b[32m\"swipe-area\"\u001b[39m\n\u001b[36m/>\u001b[39m\n\nIgnored nodes: comments, script, style\n\u001b[36m<div\u001b[39m\n  \u001b[33mdata-index\u001b[39m=\u001b[32m\"1\"\u001b[39m\n  \u001b[33mdata-offset\u001b[39m=\u001b[32m\"0\"\u001b[39m\n  \u001b[33mdata-testid\u001b[39m=\u001b[32m\"swipe-area\"\u001b[39m\n\u001b[36m/>\u001b[39m\n\nIgnored nodes: comments, script, style\n\u001b[36m<div\u001b[39m\n  \u001b[33mdata-index\u001b[39m=\u001b[32m\"1\"\u001b[39m\n  \u001b[33mdata-offset\u001b[39m=\u001b[32m\"0\"\u001b[39m\n  \u001b[33mdata-testid\u001b[39m=\u001b[32m\"swipe-area\"\u001b[39m\n\u001b[36m/>\u001b[39m\n\nIgnored nodes: comments, script, style\n\u001b[36m<div\u001b[39m\n  \u001b[33mdata-index\u001b[39m=\u001b[32m\"1\"\u001b[39m\n  \u001b[33mdata-offset\u001b[39m=\u001b[32m\"0\"\u001b[39m\n  \u001b[33mdata-testid\u001b[39m=\u001b[32m\"swipe-area\"\u001b[39m\n\u001b[36m/>\u001b[39m\n\nIgnored nodes: comments, script, style\n\u001b[36m<div\u001b[39m\n  \u001b[33mdata-index\u001b[39m=\u001b[32m\"1\"\u001b[39m\n  \u001b[33mdata-offset\u001b[39m=\u001b[32m\"0\"\u001b[39m\n  \u001b[33mdata-testid\u001b[39m=\u001b[32m\"swipe-area\"\u001b[39m\n\u001b[36m/>\u001b[39m\n\n(If this is intentional, then use the `*AllBy*` variant of the query (like `queryAllByText`, `getAllByText`, or `findAllByText`)).\n\nIgnored nodes: comments, script, style\n\u001b[36m<body>\u001b[39m\n  \u001b[36m<div>\u001b[39m\n    \u001b[36m<div\u001b[39m\n      \u001b[33mdata-index\u001b[39m=\u001b[32m\"1\"\u001b[39m\n      \u001b[33mdata-offset\u001b[39m=\u001b[32m\"0\"\u001b[39m\n      \u001b[33mdata-testid\u001b[39m=\u001b[32m\"swipe-area\"\u001b[39m\n    \u001b[36m/>\u001b[39m\n  \u001b[36m</div>\u001b[39m\n  \u001b[36m<div>\u001b[39m\n    \u001b[36m<div\u001b[39m\n      \u001b[33mdata-index\u001b[39m=\u001b[32m\"1\"\u001b[39m\n      \u001b[33mdata-offset\u001b[39m=\u001b[32m\"0\"\u001b[39m\n      \u001b[33mdata-testid\u001b[39m=\u001b[32m\"swipe-area\"\u001b[39m\n    \u001b[36m/>\u001b[39m\n  \u001b[36m</div>\u001b[39m\n  \u001b[36m<div>\u001b[39m\n    \u001b[36m<div\u001b[39m\n      \u001b[33mdata-index\u001b[39m=\u001b[32m\"1\"\u001b[39m\n      \u001b[33mdata-offset\u001b[39m=\u001b[32m\"0\"\u001b[39m\n      \u001b[33mdata-testid\u001b[39m=\u001b[32m\"swipe-area\"\u001b[39m\n    \u001b[36m/>\u001b[39m\n  \u001b[36m</div>\u001b[39m\n  \u001b[36m<div>\u001b[39m\n    \u001b[36m<div\u001b[39m\n      \u001b[33mdata-index\u001b[39m=\u001b[32m\"1\"\u001b[39m\n      \u001b[33mdata-offset\u001b[39m=\u001b[32m\"0\"\u001b[39m\n      \u001b[33mdata-testid\u001b[39m=\u001b[32m\"swipe-area\"\u001b[39m\n    \u001b[36m/>\u001b[39m\n  \u001b[36m</div>\u001b[39m\n  \u001b[36m<div>\u001b[39m\n    \u001b[36m<div\u001b[39m\n      \u001b[33mdata-index\u001b[39m=\u001b[32m\"1\"\u001b[39m\n      \u001b[33mdata-offset\u001b[39m=\u001b[32m\"0\"\u001b[39m\n      \u001b[33mdata-testid\u001b[39m=\u001b[32m\"swipe-area\"\u001b[39m\n    \u001b[36m/>\u001b[39m\n  \u001b[36m</div>\u001b[39m\n\u001b[36m</body>\u001b[39m\n    at Object.getElementError (D:\\algomind\\node_modules\\@testing-library\\dom\\dist\\config.js:37:19)\n    at getElementError (D:\\algomind\\node_modules\\@testing-library\\dom\\dist\\query-helpers.js:20:35)\n    at getMultipleElementsFoundError (D:\\algomind\\node_modules\\@testing-library\\dom\\dist\\query-helpers.js:23:10)\n    at D:\\algomind\\node_modules\\@testing-library\\dom\\dist\\query-helpers.js:55:13\n    at D:\\algomind\\node_modules\\@testing-library\\dom\\dist\\query-helpers.js:95:19\n    at D:/algomind/src/hooks/__tests__/useSwipeNavigation.test.tsx:93:32\n    at file:///D:/algomind/node_modules/@vitest/runner/dist/index.js:145:11\n    at file:///D:/algomind/node_modules/@vitest/runner/dist/index.js:915:26\n    at file:///D:/algomind/node_modules/@vitest/runner/dist/index.js:1243:20\n    at new Promise (<anonymous>)"],"meta":{}},{"ancestorTitles":["useSwipeNavigation"],"fullName":"useSwipeNavigation 6. On first tab, swipe right → does NOT call onTabChange (no previous)","status":"failed","title":"6. On first tab, swipe right → does NOT call onTabChange (no previous)","duration":6.100100000000111,"failureMessages":["TestingLibraryElementError: Found multiple elements by: [data-testid=\"swipe-area\"]\n\nHere are the matching elements:\n\nIgnored nodes: comments, script, style\n\u001b[36m<div\u001b[39m\n  \u001b[33mdata-index\u001b[39m=\u001b[32m\"1\"\u001b[39m\n  \u001b[33mdata-offset\u001b[39m=\u001b[32m\"0\"\u001b[39m\n  \u001b[33mdata-testid\u001b[39m=\u001b[32m\"swipe-area\"\u001b[39m\n\u001b[36m/>\u001b[39m\n\nIgnored nodes: comments, script, style\n\u001b[36m<div\u001b[39m\n  \u001b[33mdata-index\u001b[39m=\u001b[32m\"1\"\u001b[39m\n  \u001b[33mdata-offset\u001b[39m=\u001b[32m\"0\"\u001b[39m\n  \u001b[33mdata-testid\u001b[39m=\u001b[32m\"swipe-area\"\u001b[39m\n\u001b[36m/>\u001b[39m\n\nIgnored nodes: comments, script, style\n\u001b[36m<div\u001b[39m\n  \u001b[33mdata-index\u001b[39m=\u001b[32m\"1\"\u001b[39m\n  \u001b[33mdata-offset\u001b[39m=\u001b[32m\"0\"\u001b[39m\n  \u001b[33mdata-testid\u001b[39m=\u001b[32m\"swipe-area\"\u001b[39m\n\u001b[36m/>\u001b[39m\n\nIgnored nodes: comments, script, style\n\u001b[36m<div\u001b[39m\n  \u001b[33mdata-index\u001b[39m=\u001b[32m\"1\"\u001b[39m\n  \u001b[33mdata-offset\u001b[39m=\u001b[32m\"0\"\u001b[39m\n  \u001b[33mdata-testid\u001b[39m=\u001b[32m\"swipe-area\"\u001b[39m\n\u001b[36m/>\u001b[39m\n\nIgnored nodes: comments, script, style\n\u001b[36m<div\u001b[39m\n  \u001b[33mdata-index\u001b[39m=\u001b[32m\"1\"\u001b[39m\n  \u001b[33mdata-offset\u001b[39m=\u001b[32m\"0\"\u001b[39m\n  \u001b[33mdata-testid\u001b[39m=\u001b[32m\"swipe-area\"\u001b[39m\n\u001b[36m/>\u001b[39m\n\nIgnored nodes: comments, script, style\n\u001b[36m<div\u001b[39m\n  \u001b[33mdata-index\u001b[39m=\u001b[32m\"0\"\u001b[39m\n  \u001b[33mdata-offset\u001b[39m=\u001b[32m\"0\"\u001b[39m\n  \u001b[33mdata-testid\u001b[39m=\u001b[32m\"swipe-area\"\u001b[39m\n\u001b[36m/>\u001b[39m\n\n(If this is intentional, then use the `*AllBy*` variant of the query (like `queryAllByText`, `getAllByText`, or `findAllByText`)).\n\nIgnored nodes: comments, script, style\n\u001b[36m<body>\u001b[39m\n  \u001b[36m<div>\u001b[39m\n    \u001b[36m<div\u001b[39m\n      \u001b[33mdata-index\u001b[39m=\u001b[32m\"1\"\u001b[39m\n      \u001b[33mdata-offset\u001b[39m=\u001b[32m\"0\"\u001b[39m\n      \u001b[33mdata-testid\u001b[39m=\u001b[32m\"swipe-area\"\u001b[39m\n    \u001b[36m/>\u001b[39m\n  \u001b[36m</div>\u001b[39m\n  \u001b[36m<div>\u001b[39m\n    \u001b[36m<div\u001b[39m\n      \u001b[33mdata-index\u001b[39m=\u001b[32m\"1\"\u001b[39m\n      \u001b[33mdata-offset\u001b[39m=\u001b[32m\"0\"\u001b[39m\n      \u001b[33mdata-testid\u001b[39m=\u001b[32m\"swipe-area\"\u001b[39m\n    \u001b[36m/>\u001b[39m\n  \u001b[36m</div>\u001b[39m\n  \u001b[36m<div>\u001b[39m\n    \u001b[36m<div\u001b[39m\n      \u001b[33mdata-index\u001b[39m=\u001b[32m\"1\"\u001b[39m\n      \u001b[33mdata-offset\u001b[39m=\u001b[32m\"0\"\u001b[39m\n      \u001b[33mdata-testid\u001b[39m=\u001b[32m\"swipe-area\"\u001b[39m\n    \u001b[36m/>\u001b[39m\n  \u001b[36m</div>\u001b[39m\n  \u001b[36m<div>\u001b[39m\n    \u001b[36m<div\u001b[39m\n      \u001b[33mdata-index\u001b[39m=\u001b[32m\"1\"\u001b[39m\n      \u001b[33mdata-offset\u001b[39m=\u001b[32m\"0\"\u001b[39m\n      \u001b[33mdata-testid\u001b[39m=\u001b[32m\"swipe-area\"\u001b[39m\n    \u001b[36m/>\u001b[39m\n  \u001b[36m</div>\u001b[39m\n  \u001b[36m<div>\u001b[39m\n    \u001b[36m<div\u001b[39m\n      \u001b[33mdata-index\u001b[39m=\u001b[32m\"1\"\u001b[39m\n      \u001b[33mdata-offset\u001b[39m=\u001b[32m\"0\"\u001b[39m\n      \u001b[33mdata-testid\u001b[39m=\u001b[32m\"swipe-area\"\u001b[39m\n    \u001b[36m/>\u001b[39m\n  \u001b[36m</div>\u001b[39m\n  \u001b[36m<div>\u001b[39m\n    \u001b[36m<div\u001b[39m\n      \u001b[33mdata-index\u001b[39m=\u001b[32m\"0\"\u001b[39m\n      \u001b[33mdata-offset\u001b[39m=\u001b[32m\"0\"\u001b[39m\n      \u001b[33mdata-testid\u001b[39m=\u001b[32m\"swipe-area\"\u001b[39m\n    \u001b[36m/>\u001b[39m\n  \u001b[36m</div>\u001b[39m\n\u001b[36m</body>\u001b[39m\n    at Object.getElementError (D:\\algomind\\node_modules\\@testing-library\\dom\\dist\\config.js:37:19)\n    at getElementError (D:\\algomind\\node_modules\\@testing-library\\dom\\dist\\query-helpers.js:20:35)\n    at getMultipleElementsFoundError (D:\\algomind\\node_modules\\@testing-library\\dom\\dist\\query-helpers.js:23:10)\n    at D:\\algomind\\node_modules\\@testing-library\\dom\\dist\\query-helpers.js:55:13\n    at D:\\algomind\\node_modules\\@testing-library\\dom\\dist\\query-helpers.js:95:19\n    at D:/algomind/src/hooks/__tests__/useSwipeNavigation.test.tsx:106:32\n    at file:///D:/algomind/node_modules/@vitest/runner/dist/index.js:145:11\n    at file:///D:/algomind/node_modules/@vitest/runner/dist/index.js:915:26\n    at file:///D:/algomind/node_modules/@vitest/runner/dist/index.js:1243:20\n    at new Promise (<anonymous>)"],"meta":{}},{"ancestorTitles":["useSwipeNavigation"],"fullName":"useSwipeNavigation 7. On last tab, swipe left → does NOT call onTabChange (no next)","status":"failed","title":"7. On last tab, swipe left → does NOT call onTabChange (no next)","duration":7.470400000000154,"failureMessages":["TestingLibraryElementError: Found multiple elements by: [data-testid=\"swipe-area\"]\n\nHere are the matching elements:\n\nIgnored nodes: comments, script, style\n\u001b[36m<div\u001b[39m\n  \u001b[33mdata-index\u001b[39m=\u001b[32m\"1\"\u001b[39m\n  \u001b[33mdata-offset\u001b[39m=\u001b[32m\"0\"\u001b[39m\n  \u001b[33mdata-testid\u001b[39m=\u001b[32m\"swipe-area\"\u001b[39m\n\u001b[36m/>\u001b[39m\n\nIgnored nodes: comments, script, style\n\u001b[36m<div\u001b[39m\n  \u001b[33mdata-index\u001b[39m=\u001b[32m\"1\"\u001b[39m\n  \u001b[33mdata-offset\u001b[39m=\u001b[32m\"0\"\u001b[39m\n  \u001b[33mdata-testid\u001b[39m=\u001b[32m\"swipe-area\"\u001b[39m\n\u001b[36m/>\u001b[39m\n\nIgnored nodes: comments, script, style\n\u001b[36m<div\u001b[39m\n  \u001b[33mdata-index\u001b[39m=\u001b[32m\"1\"\u001b[39m\n  \u001b[33mdata-offset\u001b[39m=\u001b[32m\"0\"\u001b[39m\n  \u001b[33mdata-testid\u001b[39m=\u001b[32m\"swipe-area\"\u001b[39m\n\u001b[36m/>\u001b[39m\n\nIgnored nodes: comments, script, style\n\u001b[36m<div\u001b[39m\n  \u001b[33mdata-index\u001b[39m=\u001b[32m\"1\"\u001b[39m\n  \u001b[33mdata-offset\u001b[39m=\u001b[32m\"0\"\u001b[39m\n  \u001b[33mdata-testid\u001b[39m=\u001b[32m\"swipe-area\"\u001b[39m\n\u001b[36m/>\u001b[39m\n\nIgnored nodes: comments, script, style\n\u001b[36m<div\u001b[39m\n  \u001b[33mdata-index\u001b[39m=\u001b[32m\"1\"\u001b[39m\n  \u001b[33mdata-offset\u001b[39m=\u001b[32m\"0\"\u001b[39m\n  \u001b[33mdata-testid\u001b[39m=\u001b[32m\"swipe-area\"\u001b[39m\n\u001b[36m/>\u001b[39m\n\nIgnored nodes: comments, script, style\n\u001b[36m<div\u001b[39m\n  \u001b[33mdata-index\u001b[39m=\u001b[32m\"0\"\u001b[39m\n  \u001b[33mdata-offset\u001b[39m=\u001b[32m\"0\"\u001b[39m\n  \u001b[33mdata-testid\u001b[39m=\u001b[32m\"swipe-area\"\u001b[39m\n\u001b[36m/>\u001b[39m\n\nIgnored nodes: comments, script, style\n\u001b[36m<div\u001b[39m\n  \u001b[33mdata-index\u001b[39m=\u001b[32m\"2\"\u001b[39m\n  \u001b[33mdata-offset\u001b[39m=\u001b[32m\"0\"\u001b[39m\n  \u001b[33mdata-testid\u001b[39m=\u001b[32m\"swipe-area\"\u001b[39m\n\u001b[36m/>\u001b[39m\n\n(If this is intentional, then use the `*AllBy*` variant of the query (like `queryAllByText`, `getAllByText`, or `findAllByText`)).\n\nIgnored nodes: comments, script, style\n\u001b[36m<body>\u001b[39m\n  \u001b[36m<div>\u001b[39m\n    \u001b[36m<div\u001b[39m\n      \u001b[33mdata-index\u001b[39m=\u001b[32m\"1\"\u001b[39m\n      \u001b[33mdata-offset\u001b[39m=\u001b[32m\"0\"\u001b[39m\n      \u001b[33mdata-testid\u001b[39m=\u001b[32m\"swipe-area\"\u001b[39m\n    \u001b[36m/>\u001b[39m\n  \u001b[36m</div>\u001b[39m\n  \u001b[36m<div>\u001b[39m\n    \u001b[36m<div\u001b[39m\n      \u001b[33mdata-index\u001b[39m=\u001b[32m\"1\"\u001b[39m\n      \u001b[33mdata-offset\u001b[39m=\u001b[32m\"0\"\u001b[39m\n      \u001b[33mdata-testid\u001b[39m=\u001b[32m\"swipe-area\"\u001b[39m\n    \u001b[36m/>\u001b[39m\n  \u001b[36m</div>\u001b[39m\n  \u001b[36m<div>\u001b[39m\n    \u001b[36m<div\u001b[39m\n      \u001b[33mdata-index\u001b[39m=\u001b[32m\"1\"\u001b[39m\n      \u001b[33mdata-offset\u001b[39m=\u001b[32m\"0\"\u001b[39m\n      \u001b[33mdata-testid\u001b[39m=\u001b[32m\"swipe-area\"\u001b[39m\n    \u001b[36m/>\u001b[39m\n  \u001b[36m</div>\u001b[39m\n  \u001b[36m<div>\u001b[39m\n    \u001b[36m<div\u001b[39m\n      \u001b[33mdata-index\u001b[39m=\u001b[32m\"1\"\u001b[39m\n      \u001b[33mdata-offset\u001b[39m=\u001b[32m\"0\"\u001b[39m\n      \u001b[33mdata-testid\u001b[39m=\u001b[32m\"swipe-area\"\u001b[39m\n    \u001b[36m/>\u001b[39m\n  \u001b[36m</div>\u001b[39m\n  \u001b[36m<div>\u001b[39m\n    \u001b[36m<div\u001b[39m\n      \u001b[33mdata-index\u001b[39m=\u001b[32m\"1\"\u001b[39m\n      \u001b[33mdata-offset\u001b[39m=\u001b[32m\"0\"\u001b[39m\n      \u001b[33mdata-testid\u001b[39m=\u001b[32m\"swipe-area\"\u001b[39m\n    \u001b[36m/>\u001b[39m\n  \u001b[36m</div>\u001b[39m\n  \u001b[36m<div>\u001b[39m\n    \u001b[36m<div\u001b[39m\n      \u001b[33mdata-index\u001b[39m=\u001b[32m\"0\"\u001b[39m\n      \u001b[33mdata-offset\u001b[39m=\u001b[32m\"0\"\u001b[39m\n      \u001b[33mdata-testid\u001b[39m=\u001b[32m\"swipe-area\"\u001b[39m\n    \u001b[36m/>\u001b[39m\n  \u001b[36m</div>\u001b[39m\n  \u001b[36m<div>\u001b[39m\n    \u001b[36m<div\u001b[39m\n      \u001b[33mdata-index\u001b[39m=\u001b[32m\"2\"\u001b[39m\n      \u001b[33mdata-offset\u001b[39m=\u001b[32m\"0\"\u001b[39m\n      \u001b[33mdata-testid\u001b[39m=\u001b[32m\"swipe-area\"\u001b[39m\n    \u001b[36m/>\u001b[39m\n  \u001b[36m</div>\u001b[39m\n\u001b[36m</body>\u001b[39m\n    at Object.getElementError (D:\\algomind\\node_modules\\@testing-library\\dom\\dist\\config.js:37:19)\n    at getElementError (D:\\algomind\\node_modules\\@testing-library\\dom\\dist\\query-helpers.js:20:35)\n    at getMultipleElementsFoundError (D:\\algomind\\node_modules\\@testing-library\\dom\\dist\\query-helpers.js:23:10)\n    at D:\\algomind\\node_modules\\@testing-library\\dom\\dist\\query-helpers.js:55:13\n    at D:\\algomind\\node_modules\\@testing-library\\dom\\dist\\query-helpers.js:95:19\n    at D:/algomind/src/hooks/__tests__/useSwipeNavigation.test.tsx:117:32\n    at file:///D:/algomind/node_modules/@vitest/runner/dist/index.js:145:11\n    at file:///D:/algomind/node_modules/@vitest/runner/dist/index.js:915:26\n    at file:///D:/algomind/node_modules/@vitest/runner/dist/index.js:1243:20\n    at new Promise (<anonymous>)"],"meta":{}},{"ancestorTitles":["useSwipeNavigation"],"fullName":"useSwipeNavigation 8. disabled=true → swipe does NOT call onTabChange","status":"failed","title":"8. disabled=true → swipe does NOT call onTabChange","duration":6.149699999999939,"failureMessages":["TestingLibraryElementError: Found multiple elements by: [data-testid=\"swipe-area\"]\n\nHere are the matching elements:\n\nIgnored nodes: comments, script, style\n\u001b[36m<div\u001b[39m\n  \u001b[33mdata-index\u001b[39m=\u001b[32m\"1\"\u001b[39m\n  \u001b[33mdata-offset\u001b[39m=\u001b[32m\"0\"\u001b[39m\n  \u001b[33mdata-testid\u001b[39m=\u001b[32m\"swipe-area\"\u001b[39m\n\u001b[36m/>\u001b[39m\n\nIgnored nodes: comments, script, style\n\u001b[36m<div\u001b[39m\n  \u001b[33mdata-index\u001b[39m=\u001b[32m\"1\"\u001b[39m\n  \u001b[33mdata-offset\u001b[39m=\u001b[32m\"0\"\u001b[39m\n  \u001b[33mdata-testid\u001b[39m=\u001b[32m\"swipe-area\"\u001b[39m\n\u001b[36m/>\u001b[39m\n\nIgnored nodes: comments, script, style\n\u001b[36m<div\u001b[39m\n  \u001b[33mdata-index\u001b[39m=\u001b[32m\"1\"\u001b[39m\n  \u001b[33mdata-offset\u001b[39m=\u001b[32m\"0\"\u001b[39m\n  \u001b[33mdata-testid\u001b[39m=\u001b[32m\"swipe-area\"\u001b[39m\n\u001b[36m/>\u001b[39m\n\nIgnored nodes: comments, script, style\n\u001b[36m<div\u001b[39m\n  \u001b[33mdata-index\u001b[39m=\u001b[32m\"1\"\u001b[39m\n  \u001b[33mdata-offset\u001b[39m=\u001b[32m\"0\"\u001b[39m\n  \u001b[33mdata-testid\u001b[39m=\u001b[32m\"swipe-area\"\u001b[39m\n\u001b[36m/>\u001b[39m\n\nIgnored nodes: comments, script, style\n\u001b[36m<div\u001b[39m\n  \u001b[33mdata-index\u001b[39m=\u001b[32m\"1\"\u001b[39m\n  \u001b[33mdata-offset\u001b[39m=\u001b[32m\"0\"\u001b[39m\n  \u001b[33mdata-testid\u001b[39m=\u001b[32m\"swipe-area\"\u001b[39m\n\u001b[36m/>\u001b[39m\n\nIgnored nodes: comments, script, style\n\u001b[36m<div\u001b[39m\n  \u001b[33mdata-index\u001b[39m=\u001b[32m\"0\"\u001b[39m\n  \u001b[33mdata-offset\u001b[39m=\u001b[32m\"0\"\u001b[39m\n  \u001b[33mdata-testid\u001b[39m=\u001b[32m\"swipe-area\"\u001b[39m\n\u001b[36m/>\u001b[39m\n\nIgnored nodes: comments, script, style\n\u001b[36m<div\u001b[39m\n  \u001b[33mdata-index\u001b[39m=\u001b[32m\"2\"\u001b[39m\n  \u001b[33mdata-offset\u001b[39m=\u001b[32m\"0\"\u001b[39m\n  \u001b[33mdata-testid\u001b[39m=\u001b[32m\"swipe-area\"\u001b[39m\n\u001b[36m/>\u001b[39m\n\nIgnored nodes: comments, script, style\n\u001b[36m<div\u001b[39m\n  \u001b[33mdata-index\u001b[39m=\u001b[32m\"1\"\u001b[39m\n  \u001b[33mdata-offset\u001b[39m=\u001b[32m\"0\"\u001b[39m\n  \u001b[33mdata-testid\u001b[39m=\u001b[32m\"swipe-area\"\u001b[39m\n\u001b[36m/>\u001b[39m\n\n(If this is intentional, then use the `*AllBy*` variant of the query (like `queryAllByText`, `getAllByText`, or `findAllByText`)).\n\nIgnored nodes: comments, script, style\n\u001b[36m<body>\u001b[39m\n  \u001b[36m<div>\u001b[39m\n    \u001b[36m<div\u001b[39m\n      \u001b[33mdata-index\u001b[39m=\u001b[32m\"1\"\u001b[39m\n      \u001b[33mdata-offset\u001b[39m=\u001b[32m\"0\"\u001b[39m\n      \u001b[33mdata-testid\u001b[39m=\u001b[32m\"swipe-area\"\u001b[39m\n    \u001b[36m/>\u001b[39m\n  \u001b[36m</div>\u001b[39m\n  \u001b[36m<div>\u001b[39m\n    \u001b[36m<div\u001b[39m\n      \u001b[33mdata-index\u001b[39m=\u001b[32m\"1\"\u001b[39m\n      \u001b[33mdata-offset\u001b[39m=\u001b[32m\"0\"\u001b[39m\n      \u001b[33mdata-testid\u001b[39m=\u001b[32m\"swipe-area\"\u001b[39m\n    \u001b[36m/>\u001b[39m\n  \u001b[36m</div>\u001b[39m\n  \u001b[36m<div>\u001b[39m\n    \u001b[36m<div\u001b[39m\n      \u001b[33mdata-index\u001b[39m=\u001b[32m\"1\"\u001b[39m\n      \u001b[33mdata-offset\u001b[39m=\u001b[32m\"0\"\u001b[39m\n      \u001b[33mdata-testid\u001b[39m=\u001b[32m\"swipe-area\"\u001b[39m\n    \u001b[36m/>\u001b[39m\n  \u001b[36m</div>\u001b[39m\n  \u001b[36m<div>\u001b[39m\n    \u001b[36m<div\u001b[39m\n      \u001b[33mdata-index\u001b[39m=\u001b[32m\"1\"\u001b[39m\n      \u001b[33mdata-offset\u001b[39m=\u001b[32m\"0\"\u001b[39m\n      \u001b[33mdata-testid\u001b[39m=\u001b[32m\"swipe-area\"\u001b[39m\n    \u001b[36m/>\u001b[39m\n  \u001b[36m</div>\u001b[39m\n  \u001b[36m<div>\u001b[39m\n    \u001b[36m<div\u001b[39m\n      \u001b[33mdata-index\u001b[39m=\u001b[32m\"1\"\u001b[39m\n      \u001b[33mdata-offset\u001b[39m=\u001b[32m\"0\"\u001b[39m\n      \u001b[33mdata-testid\u001b[39m=\u001b[32m\"swipe-area\"\u001b[39m\n    \u001b[36m/>\u001b[39m\n  \u001b[36m</div>\u001b[39m\n  \u001b[36m<div>\u001b[39m\n    \u001b[36m<div\u001b[39m\n      \u001b[33mdata-index\u001b[39m=\u001b[32m\"0\"\u001b[39m\n      \u001b[33mdata-offset\u001b[39m=\u001b[32m\"0\"\u001b[39m\n      \u001b[33mdata-testid\u001b[39m=\u001b[32m\"swipe-area\"\u001b[39m\n    \u001b[36m/>\u001b[39m\n  \u001b[36m</div>\u001b[39m\n  \u001b[36m<div>\u001b[39m\n    \u001b[36m<div\u001b[39m\n      \u001b[33mdata-index\u001b[39m=\u001b[32m\"2\"\u001b[39m\n      \u001b[33mdata-offset\u001b[39m=\u001b[32m\"0\"\u001b[39m\n      \u001b[33mdata-testid\u001b[39m=\u001b[32m\"swipe-area\"\u001b[39m\n    \u001b[36m/>\u001b[39m\n  \u001b[36m</div>\u001b[39m\n  \u001b[36m<div>\u001b[39m\n    \u001b[36m<div\u001b[39m\n      \u001b[33mdata-index\u001b[39m=\u001b[32m\"1\"\u001b[39m\n      \u001b[33mdata-offset\u001b[39m=\u001b[32m\"0\"\u001b[39m\n      \u001b[33mdata-testid\u001b[39m=\u001b[32m\"swipe-area\"\u001b[39m\n    \u001b[36m/>\u001b[39m\n  \u001b[36m</div>\u001b[39m\n\u001b[36m</body>\u001b[39m\n    at Object.getElementError (D:\\algomind\\node_modules\\@testing-library\\dom\\dist\\config.js:37:19)\n    at getElementError (D:\\algomind\\node_modules\\@testing-library\\dom\\dist\\query-helpers.js:20:35)\n    at getMultipleElementsFoundError (D:\\algomind\\node_modules\\@testing-library\\dom\\dist\\query-helpers.js:23:10)\n    at D:\\algomind\\node_modules\\@testing-library\\dom\\dist\\query-helpers.js:55:13\n    at D:\\algomind\\node_modules\\@testing-library\\dom\\dist\\query-helpers.js:95:19\n    at D:/algomind/src/hooks/__tests__/useSwipeNavigation.test.tsx:128:32\n    at file:///D:/algomind/node_modules/@vitest/runner/dist/index.js:145:11\n    at file:///D:/algomind/node_modules/@vitest/runner/dist/index.js:915:26\n    at file:///D:/algomind/node_modules/@vitest/runner/dist/index.js:1243:20\n    at new Promise (<anonymous>)"],"meta":{}},{"ancestorTitles":["useSwipeNavigation"],"fullName":"useSwipeNavigation 9. dragOffset returns a non-zero value during pointer move (resistance preview)","status":"failed","title":"9. dragOffset returns a non-zero value during pointer move (resistance preview)","duration":11.423099999999977,"failureMessages":["TestingLibraryElementError: Found multiple elements by: [data-testid=\"swipe-area\"]\n\nHere are the matching elements:\n\nIgnored nodes: comments, script, style\n\u001b[36m<div\u001b[39m\n  \u001b[33mdata-index\u001b[39m=\u001b[32m\"1\"\u001b[39m\n  \u001b[33mdata-offset\u001b[39m=\u001b[32m\"0\"\u001b[39m\n  \u001b[33mdata-testid\u001b[39m=\u001b[32m\"swipe-area\"\u001b[39m\n\u001b[36m/>\u001b[39m\n\nIgnored nodes: comments, script, style\n\u001b[36m<div\u001b[39m\n  \u001b[33mdata-index\u001b[39m=\u001b[32m\"1\"\u001b[39m\n  \u001b[33mdata-offset\u001b[39m=\u001b[32m\"0\"\u001b[39m\n  \u001b[33mdata-testid\u001b[39m=\u001b[32m\"swipe-area\"\u001b[39m\n\u001b[36m/>\u001b[39m\n\nIgnored nodes: comments, script, style\n\u001b[36m<div\u001b[39m\n  \u001b[33mdata-index\u001b[39m=\u001b[32m\"1\"\u001b[39m\n  \u001b[33mdata-offset\u001b[39m=\u001b[32m\"0\"\u001b[39m\n  \u001b[33mdata-testid\u001b[39m=\u001b[32m\"swipe-area\"\u001b[39m\n\u001b[36m/>\u001b[39m\n\nIgnored nodes: comments, script, style\n\u001b[36m<div\u001b[39m\n  \u001b[33mdata-index\u001b[39m=\u001b[32m\"1\"\u001b[39m\n  \u001b[33mdata-offset\u001b[39m=\u001b[32m\"0\"\u001b[39m\n  \u001b[33mdata-testid\u001b[39m=\u001b[32m\"swipe-area\"\u001b[39m\n\u001b[36m/>\u001b[39m\n\nIgnored nodes: comments, script, style\n\u001b[36m<div\u001b[39m\n  \u001b[33mdata-index\u001b[39m=\u001b[32m\"1\"\u001b[39m\n  \u001b[33mdata-offset\u001b[39m=\u001b[32m\"0\"\u001b[39m\n  \u001b[33mdata-testid\u001b[39m=\u001b[32m\"swipe-area\"\u001b[39m\n\u001b[36m/>\u001b[39m\n\nIgnored nodes: comments, script, style\n\u001b[36m<div\u001b[39m\n  \u001b[33mdata-index\u001b[39m=\u001b[32m\"0\"\u001b[39m\n  \u001b[33mdata-offset\u001b[39m=\u001b[32m\"0\"\u001b[39m\n  \u001b[33mdata-testid\u001b[39m=\u001b[32m\"swipe-area\"\u001b[39m\n\u001b[36m/>\u001b[39m\n\nIgnored nodes: comments, script, style\n\u001b[36m<div\u001b[39m\n  \u001b[33mdata-index\u001b[39m=\u001b[32m\"2\"\u001b[39m\n  \u001b[33mdata-offset\u001b[39m=\u001b[32m\"0\"\u001b[39m\n  \u001b[33mdata-testid\u001b[39m=\u001b[32m\"swipe-area\"\u001b[39m\n\u001b[36m/>\u001b[39m\n\nIgnored nodes: comments, script, style\n\u001b[36m<div\u001b[39m\n  \u001b[33mdata-index\u001b[39m=\u001b[32m\"1\"\u001b[39m\n  \u001b[33mdata-offset\u001b[39m=\u001b[32m\"0\"\u001b[39m\n  \u001b[33mdata-testid\u001b[39m=\u001b[32m\"swipe-area\"\u001b[39m\n\u001b[36m/>\u001b[39m\n\nIgnored nodes: comments, script, style\n\u001b[36m<div\u001b[39m\n  \u001b[33mdata-index\u001b[39m=\u001b[32m\"1\"\u001b[39m\n  \u001b[33mdata-offset\u001b[39m=\u001b[32m\"0\"\u001b[39m\n  \u001b[33mdata-testid\u001b[39m=\u001b[32m\"swipe-area\"\u001b[39m\n\u001b[36m/>\u001b[39m\n\n(If this is intentional, then use the `*AllBy*` variant of the query (like `queryAllByText`, `getAllByText`, or `findAllByText`)).\n\nIgnored nodes: comments, script, style\n\u001b[36m<body>\u001b[39m\n  \u001b[36m<div>\u001b[39m\n    \u001b[36m<div\u001b[39m\n      \u001b[33mdata-index\u001b[39m=\u001b[32m\"1\"\u001b[39m\n      \u001b[33mdata-offset\u001b[39m=\u001b[32m\"0\"\u001b[39m\n      \u001b[33mdata-testid\u001b[39m=\u001b[32m\"swipe-area\"\u001b[39m\n    \u001b[36m/>\u001b[39m\n  \u001b[36m</div>\u001b[39m\n  \u001b[36m<div>\u001b[39m\n    \u001b[36m<div\u001b[39m\n      \u001b[33mdata-index\u001b[39m=\u001b[32m\"1\"\u001b[39m\n      \u001b[33mdata-offset\u001b[39m=\u001b[32m\"0\"\u001b[39m\n      \u001b[33mdata-testid\u001b[39m=\u001b[32m\"swipe-area\"\u001b[39m\n    \u001b[36m/>\u001b[39m\n  \u001b[36m</div>\u001b[39m\n  \u001b[36m<div>\u001b[39m\n    \u001b[36m<div\u001b[39m\n      \u001b[33mdata-index\u001b[39m=\u001b[32m\"1\"\u001b[39m\n      \u001b[33mdata-offset\u001b[39m=\u001b[32m\"0\"\u001b[39m\n      \u001b[33mdata-testid\u001b[39m=\u001b[32m\"swipe-area\"\u001b[39m\n    \u001b[36m/>\u001b[39m\n  \u001b[36m</div>\u001b[39m\n  \u001b[36m<div>\u001b[39m\n    \u001b[36m<div\u001b[39m\n      \u001b[33mdata-index\u001b[39m=\u001b[32m\"1\"\u001b[39m\n      \u001b[33mdata-offset\u001b[39m=\u001b[32m\"0\"\u001b[39m\n      \u001b[33mdata-testid\u001b[39m=\u001b[32m\"swipe-area\"\u001b[39m\n    \u001b[36m/>\u001b[39m\n  \u001b[36m</div>\u001b[39m\n  \u001b[36m<div>\u001b[39m\n    \u001b[36m<div\u001b[39m\n      \u001b[33mdata-index\u001b[39m=\u001b[32m\"1\"\u001b[39m\n      \u001b[33mdata-offset\u001b[39m=\u001b[32m\"0\"\u001b[39m\n      \u001b[33mdata-testid\u001b[39m=\u001b[32m\"swipe-area\"\u001b[39m\n    \u001b[36m/>\u001b[39m\n  \u001b[36m</div>\u001b[39m\n  \u001b[36m<div>\u001b[39m\n    \u001b[36m<div\u001b[39m\n      \u001b[33mdata-index\u001b[39m=\u001b[32m\"0\"\u001b[39m\n      \u001b[33mdata-offset\u001b[39m=\u001b[32m\"0\"\u001b[39m\n      \u001b[33mdata-testid\u001b[39m=\u001b[32m\"swipe-area\"\u001b[39m\n    \u001b[36m/>\u001b[39m\n  \u001b[36m</div>\u001b[39m\n  \u001b[36m<div>\u001b[39m\n    \u001b[36m<div\u001b[39m\n      \u001b[33mdata-index\u001b[39m=\u001b[32m\"2\"\u001b[39m\n      \u001b[33mdata-offset\u001b[39m=\u001b[32m\"0\"\u001b[39m\n      \u001b[33mdata-testid\u001b[39m=\u001b[32m\"swipe-area\"\u001b[39m\n    \u001b[36m/>\u001b[39m\n  \u001b[36m</div>\u001b[39m\n  \u001b[36m<div>\u001b[39m\n    \u001b[36m<div\u001b[39m\n      \u001b[33mdata-index\u001b[39m=\u001b[32m\"1\"\u001b[39m\n      \u001b[33mdata-offset\u001b[39m=\u001b[32m\"0\"\u001b[39m\n      \u001b[33mdata-testid\u001b[39m=\u001b[32m\"swipe-area\"\u001b[39m\n    \u001b[36m/>\u001b[39m\n  \u001b[36m</div>\u001b[39m\n  \u001b[36m<div>\u001b[39m\n    \u001b[36m<div\u001b[39m\n      \u001b[33mdata-index\u001b[39m=\u001b[32m\"1\"\u001b[39m\n      \u001b[33mdata-offset\u001b[39m=\u001b[32m\"0\"\u001b[39m\n      \u001b[33mdata-testid\u001b[39m=\u001b[32m\"swipe-area\"\u001b[39m\n    \u001b[36m/>\u001b[39m\n  \u001b[36m</div>\u001b[39m\n\u001b[36m</body>\u001b[39m\n    at Object.getElementError (D:\\algomind\\node_modules\\@testing-library\\dom\\dist\\config.js:37:19)\n    at getElementError (D:\\algomind\\node_modules\\@testing-library\\dom\\dist\\query-helpers.js:20:35)\n    at getMultipleElementsFoundError (D:\\algomind\\node_modules\\@testing-library\\dom\\dist\\query-helpers.js:23:10)\n    at D:\\algomind\\node_modules\\@testing-library\\dom\\dist\\query-helpers.js:55:13\n    at D:\\algomind\\node_modules\\@testing-library\\dom\\dist\\query-helpers.js:95:19\n    at D:/algomind/src/hooks/__tests__/useSwipeNavigation.test.tsx:139:32\n    at file:///D:/algomind/node_modules/@vitest/runner/dist/index.js:145:11\n    at file:///D:/algomind/node_modules/@vitest/runner/dist/index.js:915:26\n    at file:///D:/algomind/node_modules/@vitest/runner/dist/index.js:1243:20\n    at new Promise (<anonymous>)"],"meta":{}},{"ancestorTitles":["useSwipeNavigation"],"fullName":"useSwipeNavigation 10. dragOffset resets to 0 on pointerUp and pointerCancel","status":"failed","title":"10. dragOffset resets to 0 on pointerUp and pointerCancel","duration":8.604699999999866,"failureMessages":["TestingLibraryElementError: Found multiple elements by: [data-testid=\"swipe-area\"]\n\nHere are the matching elements:\n\nIgnored nodes: comments, script, style\n\u001b[36m<div\u001b[39m\n  \u001b[33mdata-index\u001b[39m=\u001b[32m\"1\"\u001b[39m\n  \u001b[33mdata-offset\u001b[39m=\u001b[32m\"0\"\u001b[39m\n  \u001b[33mdata-testid\u001b[39m=\u001b[32m\"swipe-area\"\u001b[39m\n\u001b[36m/>\u001b[39m\n\nIgnored nodes: comments, script, style\n\u001b[36m<div\u001b[39m\n  \u001b[33mdata-index\u001b[39m=\u001b[32m\"1\"\u001b[39m\n  \u001b[33mdata-offset\u001b[39m=\u001b[32m\"0\"\u001b[39m\n  \u001b[33mdata-testid\u001b[39m=\u001b[32m\"swipe-area\"\u001b[39m\n\u001b[36m/>\u001b[39m\n\nIgnored nodes: comments, script, style\n\u001b[36m<div\u001b[39m\n  \u001b[33mdata-index\u001b[39m=\u001b[32m\"1\"\u001b[39m\n  \u001b[33mdata-offset\u001b[39m=\u001b[32m\"0\"\u001b[39m\n  \u001b[33mdata-testid\u001b[39m=\u001b[32m\"swipe-area\"\u001b[39m\n\u001b[36m/>\u001b[39m\n\nIgnored nodes: comments, script, style\n\u001b[36m<div\u001b[39m\n  \u001b[33mdata-index\u001b[39m=\u001b[32m\"1\"\u001b[39m\n  \u001b[33mdata-offset\u001b[39m=\u001b[32m\"0\"\u001b[39m\n  \u001b[33mdata-testid\u001b[39m=\u001b[32m\"swipe-area\"\u001b[39m\n\u001b[36m/>\u001b[39m\n\nIgnored nodes: comments, script, style\n\u001b[36m<div\u001b[39m\n  \u001b[33mdata-index\u001b[39m=\u001b[32m\"1\"\u001b[39m\n  \u001b[33mdata-offset\u001b[39m=\u001b[32m\"0\"\u001b[39m\n  \u001b[33mdata-testid\u001b[39m=\u001b[32m\"swipe-area\"\u001b[39m\n\u001b[36m/>\u001b[39m\n\nIgnored nodes: comments, script, style\n\u001b[36m<div\u001b[39m\n  \u001b[33mdata-index\u001b[39m=\u001b[32m\"0\"\u001b[39m\n  \u001b[33mdata-offset\u001b[39m=\u001b[32m\"0\"\u001b[39m\n  \u001b[33mdata-testid\u001b[39m=\u001b[32m\"swipe-area\"\u001b[39m\n\u001b[36m/>\u001b[39m\n\nIgnored nodes: comments, script, style\n\u001b[36m<div\u001b[39m\n  \u001b[33mdata-index\u001b[39m=\u001b[32m\"2\"\u001b[39m\n  \u001b[33mdata-offset\u001b[39m=\u001b[32m\"0\"\u001b[39m\n  \u001b[33mdata-testid\u001b[39m=\u001b[32m\"swipe-area\"\u001b[39m\n\u001b[36m/>\u001b[39m\n\nIgnored nodes: comments, script, style\n\u001b[36m<div\u001b[39m\n  \u001b[33mdata-index\u001b[39m=\u001b[32m\"1\"\u001b[39m\n  \u001b[33mdata-offset\u001b[39m=\u001b[32m\"0\"\u001b[39m\n  \u001b[33mdata-testid\u001b[39m=\u001b[32m\"swipe-area\"\u001b[39m\n\u001b[36m/>\u001b[39m\n\nIgnored nodes: comments, script, style\n\u001b[36m<div\u001b[39m\n  \u001b[33mdata-index\u001b[39m=\u001b[32m\"1\"\u001b[39m\n  \u001b[33mdata-offset\u001b[39m=\u001b[32m\"0\"\u001b[39m\n  \u001b[33mdata-testid\u001b[39m=\u001b[32m\"swipe-area\"\u001b[39m\n\u001b[36m/>\u001b[39m\n\nIgnored nodes: comments, script, style\n\u001b[36m<div\u001b[39m\n  \u001b[33mdata-index\u001b[39m=\u001b[32m\"1\"\u001b[39m\n  \u001b[33mdata-offset\u001b[39m=\u001b[32m\"0\"\u001b[39m\n  \u001b[33mdata-testid\u001b[39m=\u001b[32m\"swipe-area\"\u001b[39m\n\u001b[36m/>\u001b[39m\n\n(If this is intentional, then use the `*AllBy*` variant of the query (like `queryAllByText`, `getAllByText`, or `findAllByText`)).\n\nIgnored nodes: comments, script, style\n\u001b[36m<body>\u001b[39m\n  \u001b[36m<div>\u001b[39m\n    \u001b[36m<div\u001b[39m\n      \u001b[33mdata-index\u001b[39m=\u001b[32m\"1\"\u001b[39m\n      \u001b[33mdata-offset\u001b[39m=\u001b[32m\"0\"\u001b[39m\n      \u001b[33mdata-testid\u001b[39m=\u001b[32m\"swipe-area\"\u001b[39m\n    \u001b[36m/>\u001b[39m\n  \u001b[36m</div>\u001b[39m\n  \u001b[36m<div>\u001b[39m\n    \u001b[36m<div\u001b[39m\n      \u001b[33mdata-index\u001b[39m=\u001b[32m\"1\"\u001b[39m\n      \u001b[33mdata-offset\u001b[39m=\u001b[32m\"0\"\u001b[39m\n      \u001b[33mdata-testid\u001b[39m=\u001b[32m\"swipe-area\"\u001b[39m\n    \u001b[36m/>\u001b[39m\n  \u001b[36m</div>\u001b[39m\n  \u001b[36m<div>\u001b[39m\n    \u001b[36m<div\u001b[39m\n      \u001b[33mdata-index\u001b[39m=\u001b[32m\"1\"\u001b[39m\n      \u001b[33mdata-offset\u001b[39m=\u001b[32m\"0\"\u001b[39m\n      \u001b[33mdata-testid\u001b[39m=\u001b[32m\"swipe-area\"\u001b[39m\n    \u001b[36m/>\u001b[39m\n  \u001b[36m</div>\u001b[39m\n  \u001b[36m<div>\u001b[39m\n    \u001b[36m<div\u001b[39m\n      \u001b[33mdata-index\u001b[39m=\u001b[32m\"1\"\u001b[39m\n      \u001b[33mdata-offset\u001b[39m=\u001b[32m\"0\"\u001b[39m\n      \u001b[33mdata-testid\u001b[39m=\u001b[32m\"swipe-area\"\u001b[39m\n    \u001b[36m/>\u001b[39m\n  \u001b[36m</div>\u001b[39m\n  \u001b[36m<div>\u001b[39m\n    \u001b[36m<div\u001b[39m\n      \u001b[33mdata-index\u001b[39m=\u001b[32m\"1\"\u001b[39m\n      \u001b[33mdata-offset\u001b[39m=\u001b[32m\"0\"\u001b[39m\n      \u001b[33mdata-testid\u001b[39m=\u001b[32m\"swipe-area\"\u001b[39m\n    \u001b[36m/>\u001b[39m\n  \u001b[36m</div>\u001b[39m\n  \u001b[36m<div>\u001b[39m\n    \u001b[36m<div\u001b[39m\n      \u001b[33mdata-index\u001b[39m=\u001b[32m\"0\"\u001b[39m\n      \u001b[33mdata-offset\u001b[39m=\u001b[32m\"0\"\u001b[39m\n      \u001b[33mdata-testid\u001b[39m=\u001b[32m\"swipe-area\"\u001b[39m\n    \u001b[36m/>\u001b[39m\n  \u001b[36m</div>\u001b[39m\n  \u001b[36m<div>\u001b[39m\n    \u001b[36m<div\u001b[39m\n      \u001b[33mdata-index\u001b[39m=\u001b[32m\"2\"\u001b[39m\n      \u001b[33mdata-offset\u001b[39m=\u001b[32m\"0\"\u001b[39m\n      \u001b[33mdata-testid\u001b[39m=\u001b[32m\"swipe-area\"\u001b[39m\n    \u001b[36m/>\u001b[39m\n  \u001b[36m</div>\u001b[39m\n  \u001b[36m<div>\u001b[39m\n    \u001b[36m<div\u001b[39m\n      \u001b[33mdata-index\u001b[39m=\u001b[32m\"1\"\u001b[39m\n      \u001b[33mdata-offset\u001b[39m=\u001b[32m\"0\"\u001b[39m\n      \u001b[33mdata-testid\u001b[39m=\u001b[32m\"swipe-area\"\u001b[39m\n    \u001b[36m/>\u001b[39m\n  \u001b[36m</div>\u001b[39m\n  \u001b[36m<div>\u001b[39m\n    \u001b[36m<div\u001b[39m\n      \u001b[33mdata-index\u001b[39m=\u001b[32m\"1\"\u001b[39m\n      \u001b[33mdata-offset\u001b[39m=\u001b[32m\"0\"\u001b[39m\n      \u001b[33mdata-testid\u001b[39m=\u001b[32m\"swipe-area\"\u001b[39m\n    \u001b[36m/>\u001b[39m\n  \u001b[36m</div>\u001b[39m\n  \u001b[36m<div>\u001b[39m\n    \u001b[36m<div\u001b[39m\n      \u001b[33mdata-index\u001b[39m=\u001b[32m\"1\"\u001b[39m\n      \u001b[33mdata-offset\u001b[39m=\u001b[32m\"0\"\u001b[39m\n      \u001b[33mdata-testid\u001b[39m=\u001b[32m\"swipe-area\"\u001b[39m\n    \u001b[36m/>\u001b[39m\n  \u001b[36m</div>\u001b[39m\n\u001b[36m</body>\u001b[39m\n    at Object.getElementError (D:\\algomind\\node_modules\\@testing-library\\dom\\dist\\config.js:37:19)\n    at getElementError (D:\\algomind\\node_modules\\@testing-library\\dom\\dist\\query-helpers.js:20:35)\n    at getMultipleElementsFoundError (D:\\algomind\\node_modules\\@testing-library\\dom\\dist\\query-helpers.js:23:10)\n    at D:\\algomind\\node_modules\\@testing-library\\dom\\dist\\query-helpers.js:55:13\n    at D:\\algomind\\node_modules\\@testing-library\\dom\\dist\\query-helpers.js:95:19\n    at D:/algomind/src/hooks/__tests__/useSwipeNavigation.test.tsx:152:32\n    at file:///D:/algomind/node_modules/@vitest/runner/dist/index.js:145:11\n    at file:///D:/algomind/node_modules/@vitest/runner/dist/index.js:915:26\n    at file:///D:/algomind/node_modules/@vitest/runner/dist/index.js:1243:20\n    at new Promise (<anonymous>)"],"meta":{}}],"startTime":1771905029881,"endTime":1771905030037.6047,"status":"failed","message":"","name":"D:/algomind/src/hooks/__tests__/useSwipeNavigation.test.tsx"}]}
