{"numTotalTestSuites":2,"numPassedTestSuites":0,"numFailedTestSuites":2,"numPendingTestSuites":0,"numTotalTests":10,"numPassedTests":0,"numFailedTests":10,"numPendingTests":0,"numTodoTests":0,"snapshot":{"added":0,"failure":false,"filesAdded":0,"filesRemoved":0,"filesRemovedList":[],"filesUnmatched":0,"filesUpdated":0,"matched":0,"total":0,"unchecked":0,"uncheckedKeysByFile":[],"unmatched":0,"updated":0,"didUpdate":false},"startTime":1771904935666,"success":false,"testResults":[{"assertionResults":[{"ancestorTitles":["useSwipeNavigation"],"fullName":"useSwipeNavigation 1. Returns correct currentIndex for activeTab","status":"failed","title":"1. Returns correct currentIndex for activeTab","duration":13.723400000000083,"failureMessages":["ReferenceError: window is not defined\n    at D:/algomind/src/hooks/__tests__/useSwipeNavigation.test.tsx:37:18\n    at file:///D:/algomind/node_modules/@vitest/runner/dist/index.js:145:11\n    at file:///D:/algomind/node_modules/@vitest/runner/dist/index.js:1243:20\n    at new Promise (<anonymous>)\n    at runWithTimeout (file:///D:/algomind/node_modules/@vitest/runner/dist/index.js:1209:10)\n    at runHook (file:///D:/algomind/node_modules/@vitest/runner/dist/index.js:1514:51)\n    at callSuiteHook (file:///D:/algomind/node_modules/@vitest/runner/dist/index.js:1520:25)\n    at processTicksAndRejections (node:internal/process/task_queues:105:5)\n    at runTest (file:///D:/algomind/node_modules/@vitest/runner/dist/index.js:1645:26)\n    at runSuite (file:///D:/algomind/node_modules/@vitest/runner/dist/index.js:1817:8)"],"meta":{}},{"ancestorTitles":["useSwipeNavigation"],"fullName":"useSwipeNavigation 2. Swipe left (diffX < -60, horizontal dominant) → calls onTabChange with next tab","status":"failed","title":"2. Swipe left (diffX < -60, horizontal dominant) → calls onTabChange with next tab","duration":1.6982999999999038,"failureMessages":["ReferenceError: window is not defined\n    at D:/algomind/src/hooks/__tests__/useSwipeNavigation.test.tsx:37:18\n    at file:///D:/algomind/node_modules/@vitest/runner/dist/index.js:145:11\n    at file:///D:/algomind/node_modules/@vitest/runner/dist/index.js:1243:20\n    at new Promise (<anonymous>)\n    at runWithTimeout (file:///D:/algomind/node_modules/@vitest/runner/dist/index.js:1209:10)\n    at runHook (file:///D:/algomind/node_modules/@vitest/runner/dist/index.js:1514:51)\n    at callSuiteHook (file:///D:/algomind/node_modules/@vitest/runner/dist/index.js:1520:25)\n    at processTicksAndRejections (node:internal/process/task_queues:105:5)\n    at runTest (file:///D:/algomind/node_modules/@vitest/runner/dist/index.js:1645:26)\n    at runSuite (file:///D:/algomind/node_modules/@vitest/runner/dist/index.js:1817:8)"],"meta":{}},{"ancestorTitles":["useSwipeNavigation"],"fullName":"useSwipeNavigation 3. Swipe right (diffX > 60, horizontal dominant) → calls onTabChange with previous tab","status":"failed","title":"3. Swipe right (diffX > 60, horizontal dominant) → calls onTabChange with previous tab","duration":1.5111000000000558,"failureMessages":["ReferenceError: window is not defined\n    at D:/algomind/src/hooks/__tests__/useSwipeNavigation.test.tsx:37:18\n    at file:///D:/algomind/node_modules/@vitest/runner/dist/index.js:145:11\n    at file:///D:/algomind/node_modules/@vitest/runner/dist/index.js:1243:20\n    at new Promise (<anonymous>)\n    at runWithTimeout (file:///D:/algomind/node_modules/@vitest/runner/dist/index.js:1209:10)\n    at runHook (file:///D:/algomind/node_modules/@vitest/runner/dist/index.js:1514:51)\n    at callSuiteHook (file:///D:/algomind/node_modules/@vitest/runner/dist/index.js:1520:25)\n    at processTicksAndRejections (node:internal/process/task_queues:105:5)\n    at runTest (file:///D:/algomind/node_modules/@vitest/runner/dist/index.js:1645:26)\n    at runSuite (file:///D:/algomind/node_modules/@vitest/runner/dist/index.js:1817:8)"],"meta":{}},{"ancestorTitles":["useSwipeNavigation"],"fullName":"useSwipeNavigation 4. Swipe less than threshold (40px) → does NOT call onTabChange","status":"failed","title":"4. Swipe less than threshold (40px) → does NOT call onTabChange","duration":0.9835000000000491,"failureMessages":["ReferenceError: window is not defined\n    at D:/algomind/src/hooks/__tests__/useSwipeNavigation.test.tsx:37:18\n    at file:///D:/algomind/node_modules/@vitest/runner/dist/index.js:145:11\n    at file:///D:/algomind/node_modules/@vitest/runner/dist/index.js:1243:20\n    at new Promise (<anonymous>)\n    at runWithTimeout (file:///D:/algomind/node_modules/@vitest/runner/dist/index.js:1209:10)\n    at runHook (file:///D:/algomind/node_modules/@vitest/runner/dist/index.js:1514:51)\n    at callSuiteHook (file:///D:/algomind/node_modules/@vitest/runner/dist/index.js:1520:25)\n    at processTicksAndRejections (node:internal/process/task_queues:105:5)\n    at runTest (file:///D:/algomind/node_modules/@vitest/runner/dist/index.js:1645:26)\n    at runSuite (file:///D:/algomind/node_modules/@vitest/runner/dist/index.js:1817:8)"],"meta":{}},{"ancestorTitles":["useSwipeNavigation"],"fullName":"useSwipeNavigation 5. Vertical swipe (diffY > diffX * 1.5) → does NOT call onTabChange","status":"failed","title":"5. Vertical swipe (diffY > diffX * 1.5) → does NOT call onTabChange","duration":0.8163999999999305,"failureMessages":["ReferenceError: window is not defined\n    at D:/algomind/src/hooks/__tests__/useSwipeNavigation.test.tsx:37:18\n    at file:///D:/algomind/node_modules/@vitest/runner/dist/index.js:145:11\n    at file:///D:/algomind/node_modules/@vitest/runner/dist/index.js:1243:20\n    at new Promise (<anonymous>)\n    at runWithTimeout (file:///D:/algomind/node_modules/@vitest/runner/dist/index.js:1209:10)\n    at runHook (file:///D:/algomind/node_modules/@vitest/runner/dist/index.js:1514:51)\n    at callSuiteHook (file:///D:/algomind/node_modules/@vitest/runner/dist/index.js:1520:25)\n    at processTicksAndRejections (node:internal/process/task_queues:105:5)\n    at runTest (file:///D:/algomind/node_modules/@vitest/runner/dist/index.js:1645:26)\n    at runSuite (file:///D:/algomind/node_modules/@vitest/runner/dist/index.js:1817:8)"],"meta":{}},{"ancestorTitles":["useSwipeNavigation"],"fullName":"useSwipeNavigation 6. On first tab, swipe right → does NOT call onTabChange (no previous)","status":"failed","title":"6. On first tab, swipe right → does NOT call onTabChange (no previous)","duration":0.7427999999999884,"failureMessages":["ReferenceError: window is not defined\n    at D:/algomind/src/hooks/__tests__/useSwipeNavigation.test.tsx:37:18\n    at file:///D:/algomind/node_modules/@vitest/runner/dist/index.js:145:11\n    at file:///D:/algomind/node_modules/@vitest/runner/dist/index.js:1243:20\n    at new Promise (<anonymous>)\n    at runWithTimeout (file:///D:/algomind/node_modules/@vitest/runner/dist/index.js:1209:10)\n    at runHook (file:///D:/algomind/node_modules/@vitest/runner/dist/index.js:1514:51)\n    at callSuiteHook (file:///D:/algomind/node_modules/@vitest/runner/dist/index.js:1520:25)\n    at processTicksAndRejections (node:internal/process/task_queues:105:5)\n    at runTest (file:///D:/algomind/node_modules/@vitest/runner/dist/index.js:1645:26)\n    at runSuite (file:///D:/algomind/node_modules/@vitest/runner/dist/index.js:1817:8)"],"meta":{}},{"ancestorTitles":["useSwipeNavigation"],"fullName":"useSwipeNavigation 7. On last tab, swipe left → does NOT call onTabChange (no next)","status":"failed","title":"7. On last tab, swipe left → does NOT call onTabChange (no next)","duration":0.5555000000000518,"failureMessages":["ReferenceError: window is not defined\n    at D:/algomind/src/hooks/__tests__/useSwipeNavigation.test.tsx:37:18\n    at file:///D:/algomind/node_modules/@vitest/runner/dist/index.js:145:11\n    at file:///D:/algomind/node_modules/@vitest/runner/dist/index.js:1243:20\n    at new Promise (<anonymous>)\n    at runWithTimeout (file:///D:/algomind/node_modules/@vitest/runner/dist/index.js:1209:10)\n    at runHook (file:///D:/algomind/node_modules/@vitest/runner/dist/index.js:1514:51)\n    at callSuiteHook (file:///D:/algomind/node_modules/@vitest/runner/dist/index.js:1520:25)\n    at processTicksAndRejections (node:internal/process/task_queues:105:5)\n    at runTest (file:///D:/algomind/node_modules/@vitest/runner/dist/index.js:1645:26)\n    at runSuite (file:///D:/algomind/node_modules/@vitest/runner/dist/index.js:1817:8)"],"meta":{}},{"ancestorTitles":["useSwipeNavigation"],"fullName":"useSwipeNavigation 8. disabled=true → swipe does NOT call onTabChange","status":"failed","title":"8. disabled=true → swipe does NOT call onTabChange","duration":0.7912999999999784,"failureMessages":["ReferenceError: window is not defined\n    at D:/algomind/src/hooks/__tests__/useSwipeNavigation.test.tsx:37:18\n    at file:///D:/algomind/node_modules/@vitest/runner/dist/index.js:145:11\n    at file:///D:/algomind/node_modules/@vitest/runner/dist/index.js:1243:20\n    at new Promise (<anonymous>)\n    at runWithTimeout (file:///D:/algomind/node_modules/@vitest/runner/dist/index.js:1209:10)\n    at runHook (file:///D:/algomind/node_modules/@vitest/runner/dist/index.js:1514:51)\n    at callSuiteHook (file:///D:/algomind/node_modules/@vitest/runner/dist/index.js:1520:25)\n    at processTicksAndRejections (node:internal/process/task_queues:105:5)\n    at runTest (file:///D:/algomind/node_modules/@vitest/runner/dist/index.js:1645:26)\n    at runSuite (file:///D:/algomind/node_modules/@vitest/runner/dist/index.js:1817:8)"],"meta":{}},{"ancestorTitles":["useSwipeNavigation"],"fullName":"useSwipeNavigation 9. dragOffset returns a non-zero value during pointer move (resistance preview)","status":"failed","title":"9. dragOffset returns a non-zero value during pointer move (resistance preview)","duration":1.1739000000000033,"failureMessages":["ReferenceError: window is not defined\n    at D:/algomind/src/hooks/__tests__/useSwipeNavigation.test.tsx:37:18\n    at file:///D:/algomind/node_modules/@vitest/runner/dist/index.js:145:11\n    at file:///D:/algomind/node_modules/@vitest/runner/dist/index.js:1243:20\n    at new Promise (<anonymous>)\n    at runWithTimeout (file:///D:/algomind/node_modules/@vitest/runner/dist/index.js:1209:10)\n    at runHook (file:///D:/algomind/node_modules/@vitest/runner/dist/index.js:1514:51)\n    at callSuiteHook (file:///D:/algomind/node_modules/@vitest/runner/dist/index.js:1520:25)\n    at processTicksAndRejections (node:internal/process/task_queues:105:5)\n    at runTest (file:///D:/algomind/node_modules/@vitest/runner/dist/index.js:1645:26)\n    at runSuite (file:///D:/algomind/node_modules/@vitest/runner/dist/index.js:1817:8)"],"meta":{}},{"ancestorTitles":["useSwipeNavigation"],"fullName":"useSwipeNavigation 10. dragOffset resets to 0 on pointerUp and pointerCancel","status":"failed","title":"10. dragOffset resets to 0 on pointerUp and pointerCancel","duration":0.6671999999999798,"failureMessages":["ReferenceError: window is not defined\n    at D:/algomind/src/hooks/__tests__/useSwipeNavigation.test.tsx:37:18\n    at file:///D:/algomind/node_modules/@vitest/runner/dist/index.js:145:11\n    at file:///D:/algomind/node_modules/@vitest/runner/dist/index.js:1243:20\n    at new Promise (<anonymous>)\n    at runWithTimeout (file:///D:/algomind/node_modules/@vitest/runner/dist/index.js:1209:10)\n    at runHook (file:///D:/algomind/node_modules/@vitest/runner/dist/index.js:1514:51)\n    at callSuiteHook (file:///D:/algomind/node_modules/@vitest/runner/dist/index.js:1520:25)\n    at processTicksAndRejections (node:internal/process/task_queues:105:5)\n    at runTest (file:///D:/algomind/node_modules/@vitest/runner/dist/index.js:1645:26)\n    at runSuite (file:///D:/algomind/node_modules/@vitest/runner/dist/index.js:1817:8)"],"meta":{}}],"startTime":1771904936971,"endTime":1771904936994.6672,"status":"failed","message":"","name":"D:/algomind/src/hooks/__tests__/useSwipeNavigation.test.tsx"}]}
