{"numTotalTestSuites":2,"numPassedTestSuites":0,"numFailedTestSuites":2,"numPendingTestSuites":0,"numTotalTests":8,"numPassedTests":6,"numFailedTests":2,"numPendingTests":0,"numTodoTests":0,"snapshot":{"added":0,"failure":false,"filesAdded":0,"filesRemoved":0,"filesRemovedList":[],"filesUnmatched":0,"filesUpdated":0,"matched":0,"total":0,"unchecked":0,"uncheckedKeysByFile":[],"unmatched":0,"updated":0,"didUpdate":false},"startTime":1771905237425,"success":false,"testResults":[{"assertionResults":[{"ancestorTitles":["MicPulse"],"fullName":"MicPulse 1. state='idle': renders exactly one element with class containing 'rounded-full' and 'bg-zinc-600'","status":"passed","title":"1. state='idle': renders exactly one element with class containing 'rounded-full' and 'bg-zinc-600'","duration":85.11009999999987,"failureMessages":[],"meta":{}},{"ancestorTitles":["MicPulse"],"fullName":"MicPulse 2. state='listening': renders two ring elements + center dot, does NOT render bar elements","status":"passed","title":"2. state='listening': renders two ring elements + center dot, does NOT render bar elements","duration":30.79970000000003,"failureMessages":[],"meta":{}},{"ancestorTitles":["MicPulse"],"fullName":"MicPulse 3. state='processing': renders spinner element (has border-t style), does NOT render bars","status":"passed","title":"3. state='processing': renders spinner element (has border-t style), does NOT render bars","duration":43.99140000000034,"failureMessages":[],"meta":{}},{"ancestorTitles":["MicPulse"],"fullName":"MicPulse 4. state='speaking': renders exactly 5 bar elements (check children count of speaking container)","status":"passed","title":"4. state='speaking': renders exactly 5 bar elements (check children count of speaking container)","duration":77.53639999999996,"failureMessages":[],"meta":{}},{"ancestorTitles":["MicPulse"],"fullName":"MicPulse 5. size='compact': container has class 'w-12 h-12'","status":"failed","title":"5. size='compact': container has class 'w-12 h-12'","duration":15.133299999999963,"failureMessages":["Error: Invalid Chai property: toHaveClass\n    at Object.proxyGetter [as get] (file:///D:/algomind/node_modules/chai/index.js:1653:17)\n    at D:/algomind/src/components/voice/__tests__/MicPulse.test.tsx:87:36\n    at file:///D:/algomind/node_modules/@vitest/runner/dist/index.js:145:11\n    at file:///D:/algomind/node_modules/@vitest/runner/dist/index.js:915:26\n    at file:///D:/algomind/node_modules/@vitest/runner/dist/index.js:1243:20\n    at new Promise (<anonymous>)\n    at runWithTimeout (file:///D:/algomind/node_modules/@vitest/runner/dist/index.js:1209:10)\n    at file:///D:/algomind/node_modules/@vitest/runner/dist/index.js:1653:37\n    at Traces.$ (file:///D:/algomind/node_modules/vitest/dist/chunks/traces.CCmnQaNT.js:142:27)\n    at trace (file:///D:/algomind/node_modules/vitest/dist/chunks/test.B8ej_ZHS.js:239:21)"],"meta":{}},{"ancestorTitles":["MicPulse"],"fullName":"MicPulse 6. size='full' (default): container has class 'w-20 h-20'","status":"failed","title":"6. size='full' (default): container has class 'w-20 h-20'","duration":5.02619999999979,"failureMessages":["Error: Invalid Chai property: toHaveClass\n    at Object.proxyGetter [as get] (file:///D:/algomind/node_modules/chai/index.js:1653:17)\n    at D:/algomind/src/components/voice/__tests__/MicPulse.test.tsx:93:36\n    at file:///D:/algomind/node_modules/@vitest/runner/dist/index.js:145:11\n    at file:///D:/algomind/node_modules/@vitest/runner/dist/index.js:915:26\n    at file:///D:/algomind/node_modules/@vitest/runner/dist/index.js:1243:20\n    at new Promise (<anonymous>)\n    at runWithTimeout (file:///D:/algomind/node_modules/@vitest/runner/dist/index.js:1209:10)\n    at file:///D:/algomind/node_modules/@vitest/runner/dist/index.js:1653:37\n    at Traces.$ (file:///D:/algomind/node_modules/vitest/dist/chunks/traces.CCmnQaNT.js:142:27)\n    at trace (file:///D:/algomind/node_modules/vitest/dist/chunks/test.B8ej_ZHS.js:239:21)"],"meta":{}},{"ancestorTitles":["MicPulse"],"fullName":"MicPulse 7. Changing state prop from 'idle' to 'listening' updates DOM correctly","status":"passed","title":"7. Changing state prop from 'idle' to 'listening' updates DOM correctly","duration":12.847999999999956,"failureMessages":[],"meta":{}},{"ancestorTitles":["MicPulse"],"fullName":"MicPulse 8. Each state renders exactly ONE active visual element (mutual exclusivity)","status":"passed","title":"8. Each state renders exactly ONE active visual element (mutual exclusivity)","duration":16.641200000000026,"failureMessages":[],"meta":{}}],"startTime":1771905240727,"endTime":1771905241014.641,"status":"failed","message":"","name":"D:/algomind/src/components/voice/__tests__/MicPulse.test.tsx"}]}
