{"numTotalTestSuites":4,"numPassedTestSuites":0,"numFailedTestSuites":4,"numPendingTestSuites":0,"numTotalTests":9,"numPassedTests":7,"numFailedTests":2,"numPendingTests":0,"numTodoTests":0,"snapshot":{"added":0,"failure":false,"filesAdded":0,"filesRemoved":0,"filesRemovedList":[],"filesUnmatched":0,"filesUpdated":0,"matched":0,"total":0,"unchecked":0,"uncheckedKeysByFile":[],"unmatched":0,"updated":0,"didUpdate":false},"startTime":1771690046832,"success":false,"testResults":[{"assertionResults":[{"ancestorTitles":["Voice Utilities","tts-preprocessor.ts"],"fullName":"Voice Utilities tts-preprocessor.ts 1. Code blocks replaced with \"code block\" or equivalent spoken form","status":"passed","title":"1. Code blocks replaced with \"code block\" or equivalent spoken form","duration":6.550700000000006,"failureMessages":[],"meta":{}},{"ancestorTitles":["Voice Utilities","tts-preprocessor.ts"],"fullName":"Voice Utilities tts-preprocessor.ts 2. Markdown bold/italic syntax stripped before speaking","status":"passed","title":"2. Markdown bold/italic syntax stripped before speaking","duration":2.318899999999985,"failureMessages":[],"meta":{}},{"ancestorTitles":["Voice Utilities","tts-preprocessor.ts"],"fullName":"Voice Utilities tts-preprocessor.ts 3. URLs replaced with \"link\" or omitted","status":"passed","title":"3. URLs replaced with \"link\" or omitted","duration":0.4537000000000262,"failureMessages":[],"meta":{}},{"ancestorTitles":["Voice Utilities","tts-preprocessor.ts"],"fullName":"Voice Utilities tts-preprocessor.ts 4. Numbered lists converted to speakable format","status":"failed","title":"4. Numbered lists converted to speakable format","duration":15.030999999999949,"failureMessages":["AssertionError: expected 'Here are steps: 1 First step 2 Second…' to be 'Here are steps:\\n 1 First step\\n 2 Se…' // Object.is equality\n    at D:/algomind/src/lib/voice/__tests__/voice-utils.test.ts:30:28\n    at file:///D:/algomind/node_modules/@vitest/runner/dist/index.js:145:11\n    at file:///D:/algomind/node_modules/@vitest/runner/dist/index.js:915:26\n    at file:///D:/algomind/node_modules/@vitest/runner/dist/index.js:1243:20\n    at new Promise (<anonymous>)\n    at runWithTimeout (file:///D:/algomind/node_modules/@vitest/runner/dist/index.js:1209:10)\n    at file:///D:/algomind/node_modules/@vitest/runner/dist/index.js:1653:37\n    at Traces.$ (file:///D:/algomind/node_modules/vitest/dist/chunks/traces.CCmnQaNT.js:142:27)\n    at trace (file:///D:/algomind/node_modules/vitest/dist/chunks/test.B8ej_ZHS.js:239:21)\n    at runTest (file:///D:/algomind/node_modules/@vitest/runner/dist/index.js:1653:12)"],"meta":{}},{"ancestorTitles":["Voice Utilities","tts-preprocessor.ts"],"fullName":"Voice Utilities tts-preprocessor.ts 5. LaTeX/math expressions handled gracefully (not spoken as raw LaTeX)","status":"passed","title":"5. LaTeX/math expressions handled gracefully (not spoken as raw LaTeX)","duration":0.5244000000000142,"failureMessages":[],"meta":{}},{"ancestorTitles":["Voice Utilities","tts-preprocessor.ts"],"fullName":"Voice Utilities tts-preprocessor.ts 6. Empty string -> empty string returned","status":"passed","title":"6. Empty string -> empty string returned","duration":0.2966000000000122,"failureMessages":[],"meta":{}},{"ancestorTitles":["Voice Utilities","voice-utils.ts"],"fullName":"Voice Utilities voice-utils.ts 1. calculateSpeakingDuration(text): reasonable estimate for typical sentences","status":"failed","title":"1. calculateSpeakingDuration(text): reasonable estimate for typical sentences","duration":4.284500000000094,"failureMessages":["AssertionError: expected 3200 to be 2800 // Object.is equality\n    at D:/algomind/src/lib/voice/__tests__/voice-utils.test.ts:51:30\n    at file:///D:/algomind/node_modules/@vitest/runner/dist/index.js:145:11\n    at file:///D:/algomind/node_modules/@vitest/runner/dist/index.js:915:26\n    at file:///D:/algomind/node_modules/@vitest/runner/dist/index.js:1243:20\n    at new Promise (<anonymous>)\n    at runWithTimeout (file:///D:/algomind/node_modules/@vitest/runner/dist/index.js:1209:10)\n    at file:///D:/algomind/node_modules/@vitest/runner/dist/index.js:1653:37\n    at Traces.$ (file:///D:/algomind/node_modules/vitest/dist/chunks/traces.CCmnQaNT.js:142:27)\n    at trace (file:///D:/algomind/node_modules/vitest/dist/chunks/test.B8ej_ZHS.js:239:21)\n    at runTest (file:///D:/algomind/node_modules/@vitest/runner/dist/index.js:1653:12)"],"meta":{}},{"ancestorTitles":["Voice Utilities","voice-utils.ts"],"fullName":"Voice Utilities voice-utils.ts 2. splitIntoSpeakableChunks(text): no chunk exceeds MAX_CHUNK_LENGTH","status":"passed","title":"2. splitIntoSpeakableChunks(text): no chunk exceeds MAX_CHUNK_LENGTH","duration":1.407799999999952,"failureMessages":[],"meta":{}},{"ancestorTitles":["Voice Utilities","voice-utils.ts"],"fullName":"Voice Utilities voice-utils.ts 3. All returned chunks together reconstruct the original text (minus whitespace normalization)","status":"passed","title":"3. All returned chunks together reconstruct the original text (minus whitespace normalization)","duration":0.8362999999999374,"failureMessages":[],"meta":{}}],"startTime":1771690047448,"endTime":1771690047480.8362,"status":"failed","message":"","name":"D:/algomind/src/lib/voice/__tests__/voice-utils.test.ts"}]}